{"C:\\Users\\Wimukthi Dilshan\\Desktop\\my 2025 project\\frontend assignment\\my-project\\src\\App.jsx": {"path":"C:\\Users\\Wimukthi Dilshan\\Desktop\\my 2025 project\\frontend assignment\\my-project\\src\\App.jsx","statementMap":{"0":{"start":{"line":18,"column":19},"end":{"line":18,"column":32}},"1":{"start":{"line":19,"column":36},"end":{"line":19,"column":48}},"2":{"start":{"line":20,"column":52},"end":{"line":20,"column":64}},"3":{"start":{"line":21,"column":66},"end":{"line":21,"column":84}},"4":{"start":{"line":22,"column":38},"end":{"line":22,"column":50}},"5":{"start":{"line":23,"column":46},"end":{"line":23,"column":58}},"6":{"start":{"line":24,"column":48},"end":{"line":24,"column":85}},"7":{"start":{"line":25,"column":30},"end":{"line":25,"column":46}},"8":{"start":{"line":26,"column":48},"end":{"line":26,"column":62}},"9":{"start":{"line":27,"column":32},"end":{"line":27,"column":46}},"10":{"start":{"line":28,"column":28},"end":{"line":28,"column":42}},"11":{"start":{"line":29,"column":34},"end":{"line":29,"column":49}},"12":{"start":{"line":30,"column":36},"end":{"line":30,"column":48}},"13":{"start":{"line":31,"column":40},"end":{"line":31,"column":55}},"14":{"start":{"line":32,"column":54},"end":{"line":32,"column":66}},"15":{"start":{"line":35,"column":2},"end":{"line":54,"column":9}},"16":{"start":{"line":36,"column":26},"end":{"line":36,"column":58}},"17":{"start":{"line":37,"column":4},"end":{"line":53,"column":5}},"18":{"start":{"line":38,"column":25},"end":{"line":38,"column":50}},"19":{"start":{"line":39,"column":6},"end":{"line":39,"column":30}},"20":{"start":{"line":40,"column":6},"end":{"line":44,"column":7}},"21":{"start":{"line":41,"column":8},"end":{"line":41,"column":55}},"22":{"start":{"line":43,"column":8},"end":{"line":43,"column":58}},"23":{"start":{"line":47,"column":26},"end":{"line":47,"column":83}},"24":{"start":{"line":48,"column":6},"end":{"line":48,"column":31}},"25":{"start":{"line":49,"column":6},"end":{"line":51,"column":7}},"26":{"start":{"line":50,"column":8},"end":{"line":50,"column":55}},"27":{"start":{"line":52,"column":6},"end":{"line":52,"column":68}},"28":{"start":{"line":57,"column":2},"end":{"line":64,"column":9}},"29":{"start":{"line":58,"column":4},"end":{"line":58,"column":23}},"30":{"start":{"line":60,"column":27},"end":{"line":60,"column":60}},"31":{"start":{"line":61,"column":4},"end":{"line":63,"column":5}},"32":{"start":{"line":62,"column":6},"end":{"line":62,"column":46}},"33":{"start":{"line":67,"column":2},"end":{"line":69,"column":17}},"34":{"start":{"line":68,"column":4},"end":{"line":68,"column":64}},"35":{"start":{"line":72,"column":28},"end":{"line":87,"column":3}},"36":{"start":{"line":73,"column":4},"end":{"line":86,"column":5}},"37":{"start":{"line":74,"column":6},"end":{"line":74,"column":22}},"38":{"start":{"line":75,"column":6},"end":{"line":75,"column":20}},"39":{"start":{"line":76,"column":23},"end":{"line":76,"column":72}},"40":{"start":{"line":77,"column":6},"end":{"line":77,"column":68}},"41":{"start":{"line":77,"column":24},"end":{"line":77,"column":68}},"42":{"start":{"line":78,"column":19},"end":{"line":78,"column":40}},"43":{"start":{"line":79,"column":6},"end":{"line":79,"column":24}},"44":{"start":{"line":80,"column":6},"end":{"line":80,"column":32}},"45":{"start":{"line":81,"column":6},"end":{"line":81,"column":23}},"46":{"start":{"line":83,"column":6},"end":{"line":83,"column":55}},"47":{"start":{"line":84,"column":6},"end":{"line":84,"column":29}},"48":{"start":{"line":85,"column":6},"end":{"line":85,"column":23}},"49":{"start":{"line":89,"column":23},"end":{"line":100,"column":3}},"50":{"start":{"line":90,"column":4},"end":{"line":90,"column":23}},"51":{"start":{"line":91,"column":4},"end":{"line":94,"column":5}},"52":{"start":{"line":92,"column":6},"end":{"line":92,"column":37}},"53":{"start":{"line":93,"column":6},"end":{"line":93,"column":12}},"54":{"start":{"line":95,"column":21},"end":{"line":98,"column":5}},"55":{"start":{"line":96,"column":6},"end":{"line":97,"column":70}},"56":{"start":{"line":99,"column":4},"end":{"line":99,"column":34}},"57":{"start":{"line":103,"column":25},"end":{"line":122,"column":3}},"58":{"start":{"line":104,"column":4},"end":{"line":107,"column":5}},"59":{"start":{"line":105,"column":6},"end":{"line":105,"column":37}},"60":{"start":{"line":106,"column":6},"end":{"line":106,"column":12}},"61":{"start":{"line":108,"column":4},"end":{"line":121,"column":5}},"62":{"start":{"line":109,"column":6},"end":{"line":109,"column":22}},"63":{"start":{"line":110,"column":6},"end":{"line":110,"column":20}},"64":{"start":{"line":111,"column":23},"end":{"line":111,"column":85}},"65":{"start":{"line":112,"column":6},"end":{"line":112,"column":59}},"66":{"start":{"line":112,"column":24},"end":{"line":112,"column":59}},"67":{"start":{"line":113,"column":19},"end":{"line":113,"column":40}},"68":{"start":{"line":114,"column":6},"end":{"line":114,"column":32}},"69":{"start":{"line":115,"column":6},"end":{"line":115,"column":23}},"70":{"start":{"line":117,"column":6},"end":{"line":117,"column":56}},"71":{"start":{"line":118,"column":6},"end":{"line":118,"column":29}},"72":{"start":{"line":119,"column":6},"end":{"line":119,"column":30}},"73":{"start":{"line":120,"column":6},"end":{"line":120,"column":23}},"74":{"start":{"line":124,"column":29},"end":{"line":127,"column":3}},"75":{"start":{"line":125,"column":4},"end":{"line":125,"column":29}},"76":{"start":{"line":126,"column":4},"end":{"line":126,"column":26}},"77":{"start":{"line":129,"column":33},"end":{"line":132,"column":3}},"78":{"start":{"line":130,"column":4},"end":{"line":130,"column":29}},"79":{"start":{"line":131,"column":4},"end":{"line":131,"column":59}},"80":{"start":{"line":134,"column":21},"end":{"line":137,"column":3}},"81":{"start":{"line":135,"column":4},"end":{"line":135,"column":19}},"82":{"start":{"line":136,"column":4},"end":{"line":136,"column":67}},"83":{"start":{"line":139,"column":23},"end":{"line":180,"column":3}},"84":{"start":{"line":140,"column":19},"end":{"line":140,"column":33}},"85":{"start":{"line":143,"column":4},"end":{"line":149,"column":5}},"86":{"start":{"line":144,"column":26},"end":{"line":144,"column":46}},"87":{"start":{"line":145,"column":6},"end":{"line":148,"column":7}},"88":{"start":{"line":146,"column":8},"end":{"line":147,"column":65}},"89":{"start":{"line":152,"column":4},"end":{"line":154,"column":5}},"90":{"start":{"line":153,"column":6},"end":{"line":153,"column":70}},"91":{"start":{"line":153,"column":44},"end":{"line":153,"column":69}},"92":{"start":{"line":157,"column":4},"end":{"line":160,"column":5}},"93":{"start":{"line":158,"column":6},"end":{"line":159,"column":42}},"94":{"start":{"line":163,"column":4},"end":{"line":177,"column":6}},"95":{"start":{"line":164,"column":24},"end":{"line":164,"column":67}},"96":{"start":{"line":165,"column":25},"end":{"line":165,"column":54}},"97":{"start":{"line":167,"column":6},"end":{"line":169,"column":7}},"98":{"start":{"line":168,"column":8},"end":{"line":168,"column":70}},"99":{"start":{"line":170,"column":6},"end":{"line":172,"column":7}},"100":{"start":{"line":171,"column":8},"end":{"line":171,"column":57}},"101":{"start":{"line":173,"column":6},"end":{"line":175,"column":7}},"102":{"start":{"line":174,"column":8},"end":{"line":174,"column":59}},"103":{"start":{"line":176,"column":6},"end":{"line":176,"column":14}},"104":{"start":{"line":179,"column":4},"end":{"line":179,"column":34}},"105":{"start":{"line":183,"column":27},"end":{"line":206,"column":3}},"106":{"start":{"line":184,"column":4},"end":{"line":205,"column":5}},"107":{"start":{"line":185,"column":6},"end":{"line":185,"column":22}},"108":{"start":{"line":186,"column":6},"end":{"line":186,"column":20}},"109":{"start":{"line":187,"column":23},"end":{"line":187,"column":82}},"110":{"start":{"line":188,"column":6},"end":{"line":188,"column":60}},"111":{"start":{"line":188,"column":24},"end":{"line":188,"column":60}},"112":{"start":{"line":189,"column":19},"end":{"line":189,"column":40}},"113":{"start":{"line":193,"column":26},"end":{"line":193,"column":62}},"114":{"start":{"line":195,"column":6},"end":{"line":195,"column":37}},"115":{"start":{"line":198,"column":6},"end":{"line":198,"column":35}},"116":{"start":{"line":200,"column":6},"end":{"line":200,"column":23}},"117":{"start":{"line":202,"column":6},"end":{"line":202,"column":61}},"118":{"start":{"line":203,"column":6},"end":{"line":203,"column":29}},"119":{"start":{"line":204,"column":6},"end":{"line":204,"column":23}},"120":{"start":{"line":208,"column":29},"end":{"line":212,"column":3}},"121":{"start":{"line":209,"column":4},"end":{"line":209,"column":32}},"122":{"start":{"line":211,"column":4},"end":{"line":211,"column":41}},"123":{"start":{"line":214,"column":21},"end":{"line":219,"column":3}},"124":{"start":{"line":215,"column":4},"end":{"line":215,"column":29}},"125":{"start":{"line":216,"column":4},"end":{"line":216,"column":26}},"126":{"start":{"line":217,"column":4},"end":{"line":217,"column":30}},"127":{"start":{"line":218,"column":4},"end":{"line":218,"column":22}},"128":{"start":{"line":221,"column":25},"end":{"line":232,"column":3}},"129":{"start":{"line":222,"column":24},"end":{"line":222,"column":33}},"130":{"start":{"line":223,"column":4},"end":{"line":223,"column":29}},"131":{"start":{"line":224,"column":4},"end":{"line":224,"column":66}},"132":{"start":{"line":227,"column":4},"end":{"line":231,"column":5}},"133":{"start":{"line":228,"column":6},"end":{"line":228,"column":53}},"134":{"start":{"line":230,"column":6},"end":{"line":230,"column":56}},"135":{"start":{"line":234,"column":25},"end":{"line":241,"column":3}},"136":{"start":{"line":235,"column":23},"end":{"line":235,"column":71}},"137":{"start":{"line":235,"column":45},"end":{"line":235,"column":70}},"138":{"start":{"line":236,"column":4},"end":{"line":240,"column":5}},"139":{"start":{"line":237,"column":6},"end":{"line":237,"column":70}},"140":{"start":{"line":237,"column":43},"end":{"line":237,"column":68}},"141":{"start":{"line":239,"column":6},"end":{"line":239,"column":43}},"142":{"start":{"line":243,"column":28},"end":{"line":252,"column":3}},"143":{"start":{"line":244,"column":27},"end":{"line":244,"column":39}},"144":{"start":{"line":245,"column":4},"end":{"line":245,"column":34}},"145":{"start":{"line":246,"column":4},"end":{"line":251,"column":5}},"146":{"start":{"line":248,"column":6},"end":{"line":248,"column":57}},"147":{"start":{"line":250,"column":6},"end":{"line":250,"column":31}},"148":{"start":{"line":254,"column":23},"end":{"line":258,"column":3}},"149":{"start":{"line":255,"column":4},"end":{"line":257,"column":5}},"150":{"start":{"line":255,"column":71},"end":{"line":255,"column":94}},"151":{"start":{"line":256,"column":6},"end":{"line":256,"column":61}},"152":{"start":{"line":260,"column":28},"end":{"line":262,"column":3}},"153":{"start":{"line":261,"column":4},"end":{"line":261,"column":81}},"154":{"start":{"line":261,"column":57},"end":{"line":261,"column":79}},"155":{"start":{"line":265,"column":30},"end":{"line":302,"column":3}},"156":{"start":{"line":266,"column":4},"end":{"line":266,"column":33}},"157":{"start":{"line":266,"column":27},"end":{"line":266,"column":33}},"158":{"start":{"line":268,"column":19},"end":{"line":268,"column":33}},"159":{"start":{"line":271,"column":4},"end":{"line":273,"column":5}},"160":{"start":{"line":272,"column":6},"end":{"line":272,"column":77}},"161":{"start":{"line":272,"column":44},"end":{"line":272,"column":76}},"162":{"start":{"line":276,"column":4},"end":{"line":279,"column":5}},"163":{"start":{"line":277,"column":6},"end":{"line":278,"column":48}},"164":{"start":{"line":282,"column":4},"end":{"line":296,"column":6}},"165":{"start":{"line":283,"column":24},"end":{"line":283,"column":88}},"166":{"start":{"line":284,"column":25},"end":{"line":284,"column":61}},"167":{"start":{"line":286,"column":6},"end":{"line":288,"column":7}},"168":{"start":{"line":287,"column":8},"end":{"line":287,"column":70}},"169":{"start":{"line":289,"column":6},"end":{"line":291,"column":7}},"170":{"start":{"line":290,"column":8},"end":{"line":290,"column":57}},"171":{"start":{"line":292,"column":6},"end":{"line":294,"column":7}},"172":{"start":{"line":293,"column":8},"end":{"line":293,"column":59}},"173":{"start":{"line":295,"column":6},"end":{"line":295,"column":14}},"174":{"start":{"line":299,"column":31},"end":{"line":299,"column":60}},"175":{"start":{"line":300,"column":4},"end":{"line":300,"column":40}},"176":{"start":{"line":301,"column":4},"end":{"line":301,"column":51}},"177":{"start":{"line":305,"column":2},"end":{"line":314,"column":9}},"178":{"start":{"line":307,"column":17},"end":{"line":307,"column":41}},"179":{"start":{"line":308,"column":4},"end":{"line":313,"column":5}},"180":{"start":{"line":309,"column":26},"end":{"line":309,"column":47}},"181":{"start":{"line":310,"column":6},"end":{"line":312,"column":7}},"182":{"start":{"line":311,"column":8},"end":{"line":311,"column":38}},"183":{"start":{"line":316,"column":2},"end":{"line":697,"column":4}},"184":{"start":{"line":333,"column":54},"end":{"line":333,"column":87}},"185":{"start":{"line":334,"column":44},"end":{"line":334,"column":75}},"186":{"start":{"line":338,"column":42},"end":{"line":338,"column":71}},"187":{"start":{"line":366,"column":79},"end":{"line":366,"column":93}},"188":{"start":{"line":399,"column":51},"end":{"line":399,"column":62}},"189":{"start":{"line":401,"column":54},"end":{"line":409,"column":33}},"190":{"start":{"line":411,"column":54},"end":{"line":411,"column":79}},"191":{"start":{"line":412,"column":32},"end":{"line":412,"column":66}},"192":{"start":{"line":415,"column":53},"end":{"line":415,"column":82}},"193":{"start":{"line":416,"column":32},"end":{"line":416,"column":167}},"194":{"start":{"line":417,"column":32},"end":{"line":417,"column":96}},"195":{"start":{"line":418,"column":32},"end":{"line":418,"column":72}},"196":{"start":{"line":421,"column":32},"end":{"line":426,"column":41}},"197":{"start":{"line":422,"column":34},"end":{"line":422,"column":112}},"198":{"start":{"line":423,"column":34},"end":{"line":425,"column":42}},"199":{"start":{"line":424,"column":36},"end":{"line":424,"column":76}},"200":{"start":{"line":436,"column":30},"end":{"line":474,"column":36}},"201":{"start":{"line":445,"column":36},"end":{"line":471,"column":42}},"202":{"start":{"line":452,"column":71},"end":{"line":452,"column":95}},"203":{"start":{"line":456,"column":53},"end":{"line":456,"column":74}},"204":{"start":{"line":504,"column":38},"end":{"line":506,"column":43}},"205":{"start":{"line":514,"column":38},"end":{"line":516,"column":43}},"206":{"start":{"line":522,"column":38},"end":{"line":524,"column":43}},"207":{"start":{"line":530,"column":38},"end":{"line":532,"column":43}},"208":{"start":{"line":538,"column":38},"end":{"line":540,"column":43}},"209":{"start":{"line":546,"column":38},"end":{"line":548,"column":43}},"210":{"start":{"line":547,"column":108},"end":{"line":547,"column":148}},"211":{"start":{"line":611,"column":36},"end":{"line":613,"column":41}},"212":{"start":{"line":621,"column":36},"end":{"line":623,"column":41}},"213":{"start":{"line":629,"column":36},"end":{"line":631,"column":41}},"214":{"start":{"line":637,"column":36},"end":{"line":639,"column":41}},"215":{"start":{"line":645,"column":36},"end":{"line":647,"column":41}},"216":{"start":{"line":653,"column":36},"end":{"line":655,"column":41}},"217":{"start":{"line":654,"column":106},"end":{"line":654,"column":146}},"218":{"start":{"line":684,"column":52},"end":{"line":684,"column":87}},"219":{"start":{"line":685,"column":42},"end":{"line":685,"column":73}},"220":{"start":{"line":689,"column":40},"end":{"line":689,"column":69}},"221":{"start":{"line":701,"column":2},"end":{"line":707,"column":3}},"222":{"start":{"line":712,"column":26},"end":{"line":712,"column":35}},"223":{"start":{"line":713,"column":19},"end":{"line":713,"column":32}},"224":{"start":{"line":716,"column":2},"end":{"line":718,"column":3}},"225":{"start":{"line":717,"column":4},"end":{"line":717,"column":43}},"226":{"start":{"line":720,"column":22},"end":{"line":723,"column":3}},"227":{"start":{"line":721,"column":4},"end":{"line":721,"column":20}},"228":{"start":{"line":722,"column":4},"end":{"line":722,"column":22}},"229":{"start":{"line":725,"column":2},"end":{"line":725,"column":41}}},"fnMap":{"0":{"name":"AppContent","decl":{"start":{"line":17,"column":9},"end":{"line":17,"column":19}},"loc":{"start":{"line":17,"column":22},"end":{"line":698,"column":1}},"line":17},"1":{"name":"(anonymous_1)","decl":{"start":{"line":35,"column":12},"end":{"line":35,"column":13}},"loc":{"start":{"line":35,"column":18},"end":{"line":54,"column":3}},"line":35},"2":{"name":"(anonymous_2)","decl":{"start":{"line":57,"column":12},"end":{"line":57,"column":13}},"loc":{"start":{"line":57,"column":18},"end":{"line":64,"column":3}},"line":57},"3":{"name":"(anonymous_3)","decl":{"start":{"line":67,"column":12},"end":{"line":67,"column":13}},"loc":{"start":{"line":67,"column":18},"end":{"line":69,"column":3}},"line":67},"4":{"name":"(anonymous_4)","decl":{"start":{"line":72,"column":28},"end":{"line":72,"column":29}},"loc":{"start":{"line":72,"column":40},"end":{"line":87,"column":3}},"line":72},"5":{"name":"(anonymous_5)","decl":{"start":{"line":89,"column":23},"end":{"line":89,"column":24}},"loc":{"start":{"line":89,"column":33},"end":{"line":100,"column":3}},"line":89},"6":{"name":"(anonymous_6)","decl":{"start":{"line":95,"column":38},"end":{"line":95,"column":39}},"loc":{"start":{"line":96,"column":6},"end":{"line":97,"column":70}},"line":96},"7":{"name":"(anonymous_7)","decl":{"start":{"line":103,"column":25},"end":{"line":103,"column":26}},"loc":{"start":{"line":103,"column":43},"end":{"line":122,"column":3}},"line":103},"8":{"name":"(anonymous_8)","decl":{"start":{"line":124,"column":29},"end":{"line":124,"column":30}},"loc":{"start":{"line":124,"column":41},"end":{"line":127,"column":3}},"line":124},"9":{"name":"(anonymous_9)","decl":{"start":{"line":129,"column":33},"end":{"line":129,"column":34}},"loc":{"start":{"line":129,"column":44},"end":{"line":132,"column":3}},"line":129},"10":{"name":"(anonymous_10)","decl":{"start":{"line":134,"column":21},"end":{"line":134,"column":22}},"loc":{"start":{"line":134,"column":31},"end":{"line":137,"column":3}},"line":134},"11":{"name":"(anonymous_11)","decl":{"start":{"line":139,"column":23},"end":{"line":139,"column":24}},"loc":{"start":{"line":139,"column":61},"end":{"line":180,"column":3}},"line":139},"12":{"name":"(anonymous_12)","decl":{"start":{"line":145,"column":33},"end":{"line":145,"column":34}},"loc":{"start":{"line":146,"column":8},"end":{"line":147,"column":65}},"line":146},"13":{"name":"(anonymous_13)","decl":{"start":{"line":153,"column":33},"end":{"line":153,"column":34}},"loc":{"start":{"line":153,"column":44},"end":{"line":153,"column":69}},"line":153},"14":{"name":"(anonymous_14)","decl":{"start":{"line":157,"column":31},"end":{"line":157,"column":32}},"loc":{"start":{"line":158,"column":6},"end":{"line":159,"column":42}},"line":158},"15":{"name":"(anonymous_15)","decl":{"start":{"line":163,"column":18},"end":{"line":163,"column":19}},"loc":{"start":{"line":163,"column":28},"end":{"line":177,"column":5}},"line":163},"16":{"name":"(anonymous_16)","decl":{"start":{"line":183,"column":27},"end":{"line":183,"column":28}},"loc":{"start":{"line":183,"column":43},"end":{"line":206,"column":3}},"line":183},"17":{"name":"(anonymous_17)","decl":{"start":{"line":208,"column":29},"end":{"line":208,"column":30}},"loc":{"start":{"line":208,"column":42},"end":{"line":212,"column":3}},"line":208},"18":{"name":"(anonymous_18)","decl":{"start":{"line":214,"column":21},"end":{"line":214,"column":22}},"loc":{"start":{"line":214,"column":27},"end":{"line":219,"column":3}},"line":214},"19":{"name":"(anonymous_19)","decl":{"start":{"line":221,"column":25},"end":{"line":221,"column":26}},"loc":{"start":{"line":221,"column":31},"end":{"line":232,"column":3}},"line":221},"20":{"name":"(anonymous_20)","decl":{"start":{"line":234,"column":25},"end":{"line":234,"column":26}},"loc":{"start":{"line":234,"column":38},"end":{"line":241,"column":3}},"line":234},"21":{"name":"(anonymous_21)","decl":{"start":{"line":235,"column":38},"end":{"line":235,"column":39}},"loc":{"start":{"line":235,"column":45},"end":{"line":235,"column":70}},"line":235},"22":{"name":"(anonymous_22)","decl":{"start":{"line":237,"column":36},"end":{"line":237,"column":37}},"loc":{"start":{"line":237,"column":43},"end":{"line":237,"column":68}},"line":237},"23":{"name":"(anonymous_23)","decl":{"start":{"line":243,"column":28},"end":{"line":243,"column":29}},"loc":{"start":{"line":243,"column":34},"end":{"line":252,"column":3}},"line":243},"24":{"name":"(anonymous_24)","decl":{"start":{"line":254,"column":23},"end":{"line":254,"column":24}},"loc":{"start":{"line":254,"column":36},"end":{"line":258,"column":3}},"line":254},"25":{"name":"(anonymous_25)","decl":{"start":{"line":255,"column":66},"end":{"line":255,"column":67}},"loc":{"start":{"line":255,"column":71},"end":{"line":255,"column":94}},"line":255},"26":{"name":"(anonymous_26)","decl":{"start":{"line":260,"column":28},"end":{"line":260,"column":29}},"loc":{"start":{"line":260,"column":45},"end":{"line":262,"column":3}},"line":260},"27":{"name":"(anonymous_27)","decl":{"start":{"line":261,"column":52},"end":{"line":261,"column":53}},"loc":{"start":{"line":261,"column":57},"end":{"line":261,"column":79}},"line":261},"28":{"name":"(anonymous_28)","decl":{"start":{"line":265,"column":30},"end":{"line":265,"column":31}},"loc":{"start":{"line":265,"column":49},"end":{"line":302,"column":3}},"line":265},"29":{"name":"(anonymous_29)","decl":{"start":{"line":272,"column":33},"end":{"line":272,"column":34}},"loc":{"start":{"line":272,"column":44},"end":{"line":272,"column":76}},"line":272},"30":{"name":"(anonymous_30)","decl":{"start":{"line":276,"column":31},"end":{"line":276,"column":32}},"loc":{"start":{"line":277,"column":6},"end":{"line":278,"column":48}},"line":277},"31":{"name":"(anonymous_31)","decl":{"start":{"line":282,"column":18},"end":{"line":282,"column":19}},"loc":{"start":{"line":282,"column":28},"end":{"line":296,"column":5}},"line":282},"32":{"name":"(anonymous_32)","decl":{"start":{"line":305,"column":12},"end":{"line":305,"column":13}},"loc":{"start":{"line":305,"column":18},"end":{"line":314,"column":3}},"line":305},"33":{"name":"(anonymous_33)","decl":{"start":{"line":333,"column":47},"end":{"line":333,"column":48}},"loc":{"start":{"line":333,"column":54},"end":{"line":333,"column":87}},"line":333},"34":{"name":"(anonymous_34)","decl":{"start":{"line":334,"column":38},"end":{"line":334,"column":39}},"loc":{"start":{"line":334,"column":44},"end":{"line":334,"column":75}},"line":334},"35":{"name":"(anonymous_35)","decl":{"start":{"line":338,"column":36},"end":{"line":338,"column":37}},"loc":{"start":{"line":338,"column":42},"end":{"line":338,"column":71}},"line":338},"36":{"name":"(anonymous_36)","decl":{"start":{"line":366,"column":68},"end":{"line":366,"column":69}},"loc":{"start":{"line":366,"column":79},"end":{"line":366,"column":93}},"line":366},"37":{"name":"(anonymous_37)","decl":{"start":{"line":397,"column":45},"end":{"line":397,"column":46}},"loc":{"start":{"line":397,"column":57},"end":{"line":427,"column":31}},"line":397},"38":{"name":"(anonymous_38)","decl":{"start":{"line":421,"column":43},"end":{"line":421,"column":44}},"loc":{"start":{"line":421,"column":49},"end":{"line":426,"column":33}},"line":421},"39":{"name":"(anonymous_39)","decl":{"start":{"line":423,"column":45},"end":{"line":423,"column":46}},"loc":{"start":{"line":423,"column":51},"end":{"line":425,"column":35}},"line":423},"40":{"name":"(anonymous_40)","decl":{"start":{"line":435,"column":58},"end":{"line":435,"column":59}},"loc":{"start":{"line":436,"column":30},"end":{"line":474,"column":36}},"line":436},"41":{"name":"(anonymous_41)","decl":{"start":{"line":444,"column":49},"end":{"line":444,"column":50}},"loc":{"start":{"line":445,"column":36},"end":{"line":471,"column":42}},"line":445},"42":{"name":"(anonymous_42)","decl":{"start":{"line":452,"column":66},"end":{"line":452,"column":67}},"loc":{"start":{"line":452,"column":71},"end":{"line":452,"column":95}},"line":452},"43":{"name":"(anonymous_43)","decl":{"start":{"line":456,"column":47},"end":{"line":456,"column":48}},"loc":{"start":{"line":456,"column":53},"end":{"line":456,"column":74}},"line":456},"44":{"name":"(anonymous_44)","decl":{"start":{"line":503,"column":60},"end":{"line":503,"column":61}},"loc":{"start":{"line":504,"column":38},"end":{"line":506,"column":43}},"line":504},"45":{"name":"(anonymous_45)","decl":{"start":{"line":513,"column":60},"end":{"line":513,"column":61}},"loc":{"start":{"line":514,"column":38},"end":{"line":516,"column":43}},"line":514},"46":{"name":"(anonymous_46)","decl":{"start":{"line":521,"column":60},"end":{"line":521,"column":61}},"loc":{"start":{"line":522,"column":38},"end":{"line":524,"column":43}},"line":522},"47":{"name":"(anonymous_47)","decl":{"start":{"line":529,"column":60},"end":{"line":529,"column":61}},"loc":{"start":{"line":530,"column":38},"end":{"line":532,"column":43}},"line":530},"48":{"name":"(anonymous_48)","decl":{"start":{"line":537,"column":60},"end":{"line":537,"column":61}},"loc":{"start":{"line":538,"column":38},"end":{"line":540,"column":43}},"line":538},"49":{"name":"(anonymous_49)","decl":{"start":{"line":545,"column":60},"end":{"line":545,"column":61}},"loc":{"start":{"line":546,"column":38},"end":{"line":548,"column":43}},"line":546},"50":{"name":"(anonymous_50)","decl":{"start":{"line":547,"column":100},"end":{"line":547,"column":101}},"loc":{"start":{"line":547,"column":108},"end":{"line":547,"column":148}},"line":547},"51":{"name":"(anonymous_51)","decl":{"start":{"line":610,"column":58},"end":{"line":610,"column":59}},"loc":{"start":{"line":611,"column":36},"end":{"line":613,"column":41}},"line":611},"52":{"name":"(anonymous_52)","decl":{"start":{"line":620,"column":58},"end":{"line":620,"column":59}},"loc":{"start":{"line":621,"column":36},"end":{"line":623,"column":41}},"line":621},"53":{"name":"(anonymous_53)","decl":{"start":{"line":628,"column":58},"end":{"line":628,"column":59}},"loc":{"start":{"line":629,"column":36},"end":{"line":631,"column":41}},"line":629},"54":{"name":"(anonymous_54)","decl":{"start":{"line":636,"column":58},"end":{"line":636,"column":59}},"loc":{"start":{"line":637,"column":36},"end":{"line":639,"column":41}},"line":637},"55":{"name":"(anonymous_55)","decl":{"start":{"line":644,"column":58},"end":{"line":644,"column":59}},"loc":{"start":{"line":645,"column":36},"end":{"line":647,"column":41}},"line":645},"56":{"name":"(anonymous_56)","decl":{"start":{"line":652,"column":58},"end":{"line":652,"column":59}},"loc":{"start":{"line":653,"column":36},"end":{"line":655,"column":41}},"line":653},"57":{"name":"(anonymous_57)","decl":{"start":{"line":654,"column":98},"end":{"line":654,"column":99}},"loc":{"start":{"line":654,"column":106},"end":{"line":654,"column":146}},"line":654},"58":{"name":"(anonymous_58)","decl":{"start":{"line":684,"column":45},"end":{"line":684,"column":46}},"loc":{"start":{"line":684,"column":52},"end":{"line":684,"column":87}},"line":684},"59":{"name":"(anonymous_59)","decl":{"start":{"line":685,"column":36},"end":{"line":685,"column":37}},"loc":{"start":{"line":685,"column":42},"end":{"line":685,"column":73}},"line":685},"60":{"name":"(anonymous_60)","decl":{"start":{"line":689,"column":34},"end":{"line":689,"column":35}},"loc":{"start":{"line":689,"column":40},"end":{"line":689,"column":69}},"line":689},"61":{"name":"App","decl":{"start":{"line":700,"column":9},"end":{"line":700,"column":12}},"loc":{"start":{"line":700,"column":15},"end":{"line":708,"column":1}},"line":700},"62":{"name":"LoginWrapper","decl":{"start":{"line":711,"column":9},"end":{"line":711,"column":21}},"loc":{"start":{"line":711,"column":24},"end":{"line":726,"column":1}},"line":711},"63":{"name":"(anonymous_63)","decl":{"start":{"line":720,"column":22},"end":{"line":720,"column":23}},"loc":{"start":{"line":720,"column":36},"end":{"line":723,"column":3}},"line":720}},"branchMap":{"0":{"loc":{"start":{"line":37,"column":4},"end":{"line":53,"column":5}},"type":"if","locations":[{"start":{"line":37,"column":4},"end":{"line":53,"column":5}},{"start":{"line":45,"column":11},"end":{"line":53,"column":5}}],"line":37},"1":{"loc":{"start":{"line":40,"column":6},"end":{"line":44,"column":7}},"type":"if","locations":[{"start":{"line":40,"column":6},"end":{"line":44,"column":7}},{"start":{"line":42,"column":13},"end":{"line":44,"column":7}}],"line":40},"2":{"loc":{"start":{"line":49,"column":6},"end":{"line":51,"column":7}},"type":"if","locations":[{"start":{"line":49,"column":6},"end":{"line":51,"column":7}},{"start":{},"end":{}}],"line":49},"3":{"loc":{"start":{"line":61,"column":4},"end":{"line":63,"column":5}},"type":"if","locations":[{"start":{"line":61,"column":4},"end":{"line":63,"column":5}},{"start":{},"end":{}}],"line":61},"4":{"loc":{"start":{"line":77,"column":6},"end":{"line":77,"column":68}},"type":"if","locations":[{"start":{"line":77,"column":6},"end":{"line":77,"column":68}},{"start":{},"end":{}}],"line":77},"5":{"loc":{"start":{"line":91,"column":4},"end":{"line":94,"column":5}},"type":"if","locations":[{"start":{"line":91,"column":4},"end":{"line":94,"column":5}},{"start":{},"end":{}}],"line":91},"6":{"loc":{"start":{"line":96,"column":6},"end":{"line":97,"column":70}},"type":"binary-expr","locations":[{"start":{"line":96,"column":6},"end":{"line":96,"column":68}},{"start":{"line":97,"column":6},"end":{"line":97,"column":70}}],"line":96},"7":{"loc":{"start":{"line":104,"column":4},"end":{"line":107,"column":5}},"type":"if","locations":[{"start":{"line":104,"column":4},"end":{"line":107,"column":5}},{"start":{},"end":{}}],"line":104},"8":{"loc":{"start":{"line":112,"column":6},"end":{"line":112,"column":59}},"type":"if","locations":[{"start":{"line":112,"column":6},"end":{"line":112,"column":59}},{"start":{},"end":{}}],"line":112},"9":{"loc":{"start":{"line":143,"column":4},"end":{"line":149,"column":5}},"type":"if","locations":[{"start":{"line":143,"column":4},"end":{"line":149,"column":5}},{"start":{},"end":{}}],"line":143},"10":{"loc":{"start":{"line":146,"column":8},"end":{"line":147,"column":65}},"type":"binary-expr","locations":[{"start":{"line":146,"column":8},"end":{"line":146,"column":63}},{"start":{"line":147,"column":8},"end":{"line":147,"column":65}}],"line":146},"11":{"loc":{"start":{"line":152,"column":4},"end":{"line":154,"column":5}},"type":"if","locations":[{"start":{"line":152,"column":4},"end":{"line":154,"column":5}},{"start":{},"end":{}}],"line":152},"12":{"loc":{"start":{"line":158,"column":6},"end":{"line":159,"column":42}},"type":"binary-expr","locations":[{"start":{"line":158,"column":6},"end":{"line":158,"column":42}},{"start":{"line":159,"column":6},"end":{"line":159,"column":42}}],"line":158},"13":{"loc":{"start":{"line":164,"column":24},"end":{"line":164,"column":67}},"type":"cond-expr","locations":[{"start":{"line":164,"column":47},"end":{"line":164,"column":60}},{"start":{"line":164,"column":63},"end":{"line":164,"column":67}}],"line":164},"14":{"loc":{"start":{"line":165,"column":25},"end":{"line":165,"column":54}},"type":"cond-expr","locations":[{"start":{"line":165,"column":48},"end":{"line":165,"column":50}},{"start":{"line":165,"column":53},"end":{"line":165,"column":54}}],"line":165},"15":{"loc":{"start":{"line":167,"column":6},"end":{"line":169,"column":7}},"type":"if","locations":[{"start":{"line":167,"column":6},"end":{"line":169,"column":7}},{"start":{},"end":{}}],"line":167},"16":{"loc":{"start":{"line":170,"column":6},"end":{"line":172,"column":7}},"type":"if","locations":[{"start":{"line":170,"column":6},"end":{"line":172,"column":7}},{"start":{},"end":{}}],"line":170},"17":{"loc":{"start":{"line":173,"column":6},"end":{"line":175,"column":7}},"type":"if","locations":[{"start":{"line":173,"column":6},"end":{"line":175,"column":7}},{"start":{},"end":{}}],"line":173},"18":{"loc":{"start":{"line":174,"column":30},"end":{"line":174,"column":41}},"type":"binary-expr","locations":[{"start":{"line":174,"column":30},"end":{"line":174,"column":36}},{"start":{"line":174,"column":40},"end":{"line":174,"column":41}}],"line":174},"19":{"loc":{"start":{"line":174,"column":46},"end":{"line":174,"column":57}},"type":"binary-expr","locations":[{"start":{"line":174,"column":46},"end":{"line":174,"column":52}},{"start":{"line":174,"column":56},"end":{"line":174,"column":57}}],"line":174},"20":{"loc":{"start":{"line":188,"column":6},"end":{"line":188,"column":60}},"type":"if","locations":[{"start":{"line":188,"column":6},"end":{"line":188,"column":60}},{"start":{},"end":{}}],"line":188},"21":{"loc":{"start":{"line":193,"column":26},"end":{"line":193,"column":62}},"type":"cond-expr","locations":[{"start":{"line":193,"column":48},"end":{"line":193,"column":55}},{"start":{"line":193,"column":58},"end":{"line":193,"column":62}}],"line":193},"22":{"loc":{"start":{"line":227,"column":4},"end":{"line":231,"column":5}},"type":"if","locations":[{"start":{"line":227,"column":4},"end":{"line":231,"column":5}},{"start":{"line":229,"column":11},"end":{"line":231,"column":5}}],"line":227},"23":{"loc":{"start":{"line":236,"column":4},"end":{"line":240,"column":5}},"type":"if","locations":[{"start":{"line":236,"column":4},"end":{"line":240,"column":5}},{"start":{"line":238,"column":11},"end":{"line":240,"column":5}}],"line":236},"24":{"loc":{"start":{"line":246,"column":4},"end":{"line":251,"column":5}},"type":"if","locations":[{"start":{"line":246,"column":4},"end":{"line":251,"column":5}},{"start":{"line":249,"column":11},"end":{"line":251,"column":5}}],"line":246},"25":{"loc":{"start":{"line":255,"column":4},"end":{"line":257,"column":5}},"type":"if","locations":[{"start":{"line":255,"column":4},"end":{"line":257,"column":5}},{"start":{},"end":{}}],"line":255},"26":{"loc":{"start":{"line":255,"column":8},"end":{"line":255,"column":95}},"type":"binary-expr","locations":[{"start":{"line":255,"column":8},"end":{"line":255,"column":37}},{"start":{"line":255,"column":41},"end":{"line":255,"column":95}}],"line":255},"27":{"loc":{"start":{"line":266,"column":4},"end":{"line":266,"column":33}},"type":"if","locations":[{"start":{"line":266,"column":4},"end":{"line":266,"column":33}},{"start":{},"end":{}}],"line":266},"28":{"loc":{"start":{"line":271,"column":4},"end":{"line":273,"column":5}},"type":"if","locations":[{"start":{"line":271,"column":4},"end":{"line":273,"column":5}},{"start":{},"end":{}}],"line":271},"29":{"loc":{"start":{"line":277,"column":6},"end":{"line":278,"column":48}},"type":"binary-expr","locations":[{"start":{"line":277,"column":6},"end":{"line":277,"column":29}},{"start":{"line":278,"column":6},"end":{"line":278,"column":48}}],"line":277},"30":{"loc":{"start":{"line":283,"column":24},"end":{"line":283,"column":88}},"type":"cond-expr","locations":[{"start":{"line":283,"column":54},"end":{"line":283,"column":74}},{"start":{"line":283,"column":77},"end":{"line":283,"column":88}}],"line":283},"31":{"loc":{"start":{"line":284,"column":25},"end":{"line":284,"column":61}},"type":"cond-expr","locations":[{"start":{"line":284,"column":55},"end":{"line":284,"column":57}},{"start":{"line":284,"column":60},"end":{"line":284,"column":61}}],"line":284},"32":{"loc":{"start":{"line":286,"column":6},"end":{"line":288,"column":7}},"type":"if","locations":[{"start":{"line":286,"column":6},"end":{"line":288,"column":7}},{"start":{},"end":{}}],"line":286},"33":{"loc":{"start":{"line":289,"column":6},"end":{"line":291,"column":7}},"type":"if","locations":[{"start":{"line":289,"column":6},"end":{"line":291,"column":7}},{"start":{},"end":{}}],"line":289},"34":{"loc":{"start":{"line":292,"column":6},"end":{"line":294,"column":7}},"type":"if","locations":[{"start":{"line":292,"column":6},"end":{"line":294,"column":7}},{"start":{},"end":{}}],"line":292},"35":{"loc":{"start":{"line":293,"column":30},"end":{"line":293,"column":41}},"type":"binary-expr","locations":[{"start":{"line":293,"column":30},"end":{"line":293,"column":36}},{"start":{"line":293,"column":40},"end":{"line":293,"column":41}}],"line":293},"36":{"loc":{"start":{"line":293,"column":46},"end":{"line":293,"column":57}},"type":"binary-expr","locations":[{"start":{"line":293,"column":46},"end":{"line":293,"column":52}},{"start":{"line":293,"column":56},"end":{"line":293,"column":57}}],"line":293},"37":{"loc":{"start":{"line":308,"column":4},"end":{"line":313,"column":5}},"type":"if","locations":[{"start":{"line":308,"column":4},"end":{"line":313,"column":5}},{"start":{},"end":{}}],"line":308},"38":{"loc":{"start":{"line":310,"column":6},"end":{"line":312,"column":7}},"type":"if","locations":[{"start":{"line":310,"column":6},"end":{"line":312,"column":7}},{"start":{},"end":{}}],"line":310},"39":{"loc":{"start":{"line":310,"column":10},"end":{"line":310,"column":41}},"type":"binary-expr","locations":[{"start":{"line":310,"column":10},"end":{"line":310,"column":21}},{"start":{"line":310,"column":25},"end":{"line":310,"column":41}}],"line":310},"40":{"loc":{"start":{"line":317,"column":36},"end":{"line":317,"column":81}},"type":"cond-expr","locations":[{"start":{"line":317,"column":47},"end":{"line":317,"column":65}},{"start":{"line":317,"column":68},"end":{"line":317,"column":81}}],"line":317},"41":{"loc":{"start":{"line":329,"column":17},"end":{"line":559,"column":17}},"type":"cond-expr","locations":[{"start":{"line":330,"column":18},"end":{"line":339,"column":20}},{"start":{"line":341,"column":18},"end":{"line":558,"column":21}}],"line":329},"42":{"loc":{"start":{"line":347,"column":26},"end":{"line":351,"column":77}},"type":"cond-expr","locations":[{"start":{"line":348,"column":30},"end":{"line":348,"column":72}},{"start":{"line":349,"column":30},"end":{"line":351,"column":77}}],"line":347},"43":{"loc":{"start":{"line":349,"column":30},"end":{"line":351,"column":77}},"type":"cond-expr","locations":[{"start":{"line":350,"column":32},"end":{"line":350,"column":74}},{"start":{"line":351,"column":32},"end":{"line":351,"column":77}}],"line":349},"44":{"loc":{"start":{"line":354,"column":25},"end":{"line":354,"column":80}},"type":"cond-expr","locations":[{"start":{"line":354,"column":39},"end":{"line":354,"column":58}},{"start":{"line":354,"column":61},"end":{"line":354,"column":80}}],"line":354},"45":{"loc":{"start":{"line":360,"column":25},"end":{"line":362,"column":25}},"type":"binary-expr","locations":[{"start":{"line":360,"column":25},"end":{"line":360,"column":37}},{"start":{"line":361,"column":26},"end":{"line":361,"column":107}}],"line":360},"46":{"loc":{"start":{"line":382,"column":21},"end":{"line":557,"column":21}},"type":"cond-expr","locations":[{"start":{"line":383,"column":22},"end":{"line":385,"column":28}},{"start":{"line":386,"column":24},"end":{"line":557,"column":21}}],"line":382},"47":{"loc":{"start":{"line":386,"column":24},"end":{"line":557,"column":21}},"type":"cond-expr","locations":[{"start":{"line":387,"column":22},"end":{"line":389,"column":28}},{"start":{"line":391,"column":22},"end":{"line":556,"column":25}}],"line":386},"48":{"loc":{"start":{"line":393,"column":25},"end":{"line":430,"column":25}},"type":"binary-expr","locations":[{"start":{"line":393,"column":25},"end":{"line":393,"column":37}},{"start":{"line":394,"column":26},"end":{"line":429,"column":32}}],"line":393},"49":{"loc":{"start":{"line":432,"column":25},"end":{"line":490,"column":25}},"type":"cond-expr","locations":[{"start":{"line":434,"column":26},"end":{"line":476,"column":32}},{"start":{"line":479,"column":26},"end":{"line":489,"column":28}}],"line":432},"50":{"loc":{"start":{"line":438,"column":35},"end":{"line":440,"column":63}},"type":"cond-expr","locations":[{"start":{"line":439,"column":36},"end":{"line":439,"column":89}},{"start":{"line":440,"column":36},"end":{"line":440,"column":63}}],"line":438},"51":{"loc":{"start":{"line":448,"column":42},"end":{"line":450,"column":78}},"type":"cond-expr","locations":[{"start":{"line":449,"column":44},"end":{"line":449,"column":79}},{"start":{"line":450,"column":44},"end":{"line":450,"column":78}}],"line":448},"52":{"loc":{"start":{"line":452,"column":42},"end":{"line":453,"column":116}},"type":"cond-expr","locations":[{"start":{"line":453,"column":42},"end":{"line":453,"column":111}},{"start":{"line":453,"column":114},"end":{"line":453,"column":116}}],"line":452},"53":{"loc":{"start":{"line":493,"column":25},"end":{"line":555,"column":25}},"type":"binary-expr","locations":[{"start":{"line":493,"column":25},"end":{"line":493,"column":36}},{"start":{"line":493,"column":40},"end":{"line":493,"column":71}},{"start":{"line":494,"column":26},"end":{"line":554,"column":32}}],"line":493},"54":{"loc":{"start":{"line":531,"column":41},"end":{"line":531,"column":93}},"type":"cond-expr","locations":[{"start":{"line":531,"column":59},"end":{"line":531,"column":85}},{"start":{"line":531,"column":88},"end":{"line":531,"column":93}}],"line":531},"55":{"loc":{"start":{"line":539,"column":41},"end":{"line":539,"column":112}},"type":"cond-expr","locations":[{"start":{"line":539,"column":61},"end":{"line":539,"column":104}},{"start":{"line":539,"column":107},"end":{"line":539,"column":112}}],"line":539},"56":{"loc":{"start":{"line":547,"column":41},"end":{"line":547,"column":168}},"type":"cond-expr","locations":[{"start":{"line":547,"column":62},"end":{"line":547,"column":160}},{"start":{"line":547,"column":163},"end":{"line":547,"column":168}}],"line":547},"57":{"loc":{"start":{"line":547,"column":125},"end":{"line":547,"column":145}},"type":"binary-expr","locations":[{"start":{"line":547,"column":125},"end":{"line":547,"column":136}},{"start":{"line":547,"column":140},"end":{"line":547,"column":145}}],"line":547},"58":{"loc":{"start":{"line":573,"column":24},"end":{"line":577,"column":75}},"type":"cond-expr","locations":[{"start":{"line":574,"column":28},"end":{"line":574,"column":70}},{"start":{"line":575,"column":28},"end":{"line":577,"column":75}}],"line":573},"59":{"loc":{"start":{"line":575,"column":28},"end":{"line":577,"column":75}},"type":"cond-expr","locations":[{"start":{"line":576,"column":30},"end":{"line":576,"column":72}},{"start":{"line":577,"column":30},"end":{"line":577,"column":75}}],"line":575},"60":{"loc":{"start":{"line":580,"column":23},"end":{"line":580,"column":78}},"type":"cond-expr","locations":[{"start":{"line":580,"column":37},"end":{"line":580,"column":56}},{"start":{"line":580,"column":59},"end":{"line":580,"column":78}}],"line":580},"61":{"loc":{"start":{"line":583,"column":19},"end":{"line":664,"column":19}},"type":"cond-expr","locations":[{"start":{"line":584,"column":20},"end":{"line":586,"column":26}},{"start":{"line":588,"column":20},"end":{"line":663,"column":23}}],"line":583},"62":{"loc":{"start":{"line":600,"column":23},"end":{"line":662,"column":23}},"type":"binary-expr","locations":[{"start":{"line":600,"column":23},"end":{"line":600,"column":34}},{"start":{"line":600,"column":38},"end":{"line":600,"column":69}},{"start":{"line":601,"column":24},"end":{"line":661,"column":30}}],"line":600},"63":{"loc":{"start":{"line":638,"column":39},"end":{"line":638,"column":91}},"type":"cond-expr","locations":[{"start":{"line":638,"column":57},"end":{"line":638,"column":83}},{"start":{"line":638,"column":86},"end":{"line":638,"column":91}}],"line":638},"64":{"loc":{"start":{"line":646,"column":39},"end":{"line":646,"column":110}},"type":"cond-expr","locations":[{"start":{"line":646,"column":59},"end":{"line":646,"column":102}},{"start":{"line":646,"column":105},"end":{"line":646,"column":110}}],"line":646},"65":{"loc":{"start":{"line":654,"column":39},"end":{"line":654,"column":166}},"type":"cond-expr","locations":[{"start":{"line":654,"column":60},"end":{"line":654,"column":158}},{"start":{"line":654,"column":161},"end":{"line":654,"column":166}}],"line":654},"66":{"loc":{"start":{"line":654,"column":123},"end":{"line":654,"column":143}},"type":"binary-expr","locations":[{"start":{"line":654,"column":123},"end":{"line":654,"column":134}},{"start":{"line":654,"column":138},"end":{"line":654,"column":143}}],"line":654},"67":{"loc":{"start":{"line":716,"column":2},"end":{"line":718,"column":3}},"type":"if","locations":[{"start":{"line":716,"column":2},"end":{"line":718,"column":3}},{"start":{},"end":{}}],"line":716}},"s":{"0":0,"1":0,"2":0,"3":0,"4":0,"5":0,"6":0,"7":0,"8":0,"9":0,"10":0,"11":0,"12":0,"13":0,"14":0,"15":0,"16":0,"17":0,"18":0,"19":0,"20":0,"21":0,"22":0,"23":0,"24":0,"25":0,"26":0,"27":0,"28":0,"29":0,"30":0,"31":0,"32":0,"33":0,"34":0,"35":0,"36":0,"37":0,"38":0,"39":0,"40":0,"41":0,"42":0,"43":0,"44":0,"45":0,"46":0,"47":0,"48":0,"49":0,"50":0,"51":0,"52":0,"53":0,"54":0,"55":0,"56":0,"57":0,"58":0,"59":0,"60":0,"61":0,"62":0,"63":0,"64":0,"65":0,"66":0,"67":0,"68":0,"69":0,"70":0,"71":0,"72":0,"73":0,"74":0,"75":0,"76":0,"77":0,"78":0,"79":0,"80":0,"81":0,"82":0,"83":0,"84":0,"85":0,"86":0,"87":0,"88":0,"89":0,"90":0,"91":0,"92":0,"93":0,"94":0,"95":0,"96":0,"97":0,"98":0,"99":0,"100":0,"101":0,"102":0,"103":0,"104":0,"105":0,"106":0,"107":0,"108":0,"109":0,"110":0,"111":0,"112":0,"113":0,"114":0,"115":0,"116":0,"117":0,"118":0,"119":0,"120":0,"121":0,"122":0,"123":0,"124":0,"125":0,"126":0,"127":0,"128":0,"129":0,"130":0,"131":0,"132":0,"133":0,"134":0,"135":0,"136":0,"137":0,"138":0,"139":0,"140":0,"141":0,"142":0,"143":0,"144":0,"145":0,"146":0,"147":0,"148":0,"149":0,"150":0,"151":0,"152":0,"153":0,"154":0,"155":0,"156":0,"157":0,"158":0,"159":0,"160":0,"161":0,"162":0,"163":0,"164":0,"165":0,"166":0,"167":0,"168":0,"169":0,"170":0,"171":0,"172":0,"173":0,"174":0,"175":0,"176":0,"177":0,"178":0,"179":0,"180":0,"181":0,"182":0,"183":0,"184":0,"185":0,"186":0,"187":0,"188":0,"189":0,"190":0,"191":0,"192":0,"193":0,"194":0,"195":0,"196":0,"197":0,"198":0,"199":0,"200":0,"201":0,"202":0,"203":0,"204":0,"205":0,"206":0,"207":0,"208":0,"209":0,"210":0,"211":0,"212":0,"213":0,"214":0,"215":0,"216":0,"217":0,"218":0,"219":0,"220":0,"221":0,"222":0,"223":0,"224":0,"225":0,"226":0,"227":0,"228":0,"229":0},"f":{"0":0,"1":0,"2":0,"3":0,"4":0,"5":0,"6":0,"7":0,"8":0,"9":0,"10":0,"11":0,"12":0,"13":0,"14":0,"15":0,"16":0,"17":0,"18":0,"19":0,"20":0,"21":0,"22":0,"23":0,"24":0,"25":0,"26":0,"27":0,"28":0,"29":0,"30":0,"31":0,"32":0,"33":0,"34":0,"35":0,"36":0,"37":0,"38":0,"39":0,"40":0,"41":0,"42":0,"43":0,"44":0,"45":0,"46":0,"47":0,"48":0,"49":0,"50":0,"51":0,"52":0,"53":0,"54":0,"55":0,"56":0,"57":0,"58":0,"59":0,"60":0,"61":0,"62":0,"63":0},"b":{"0":[0,0],"1":[0,0],"2":[0,0],"3":[0,0],"4":[0,0],"5":[0,0],"6":[0,0],"7":[0,0],"8":[0,0],"9":[0,0],"10":[0,0],"11":[0,0],"12":[0,0],"13":[0,0],"14":[0,0],"15":[0,0],"16":[0,0],"17":[0,0],"18":[0,0],"19":[0,0],"20":[0,0],"21":[0,0],"22":[0,0],"23":[0,0],"24":[0,0],"25":[0,0],"26":[0,0],"27":[0,0],"28":[0,0],"29":[0,0],"30":[0,0],"31":[0,0],"32":[0,0],"33":[0,0],"34":[0,0],"35":[0,0],"36":[0,0],"37":[0,0],"38":[0,0],"39":[0,0],"40":[0,0],"41":[0,0],"42":[0,0],"43":[0,0],"44":[0,0],"45":[0,0],"46":[0,0],"47":[0,0],"48":[0,0],"49":[0,0],"50":[0,0],"51":[0,0],"52":[0,0],"53":[0,0,0],"54":[0,0],"55":[0,0],"56":[0,0],"57":[0,0],"58":[0,0],"59":[0,0],"60":[0,0],"61":[0,0],"62":[0,0,0],"63":[0,0],"64":[0,0],"65":[0,0],"66":[0,0],"67":[0,0]}}
,"C:\\Users\\Wimukthi Dilshan\\Desktop\\my 2025 project\\frontend assignment\\my-project\\src\\components\\CountryCard.jsx": {"path":"C:\\Users\\Wimukthi Dilshan\\Desktop\\my 2025 project\\frontend assignment\\my-project\\src\\components\\CountryCard.jsx","statementMap":{"0":{"start":{"line":2,"column":30},"end":{"line":9,"column":3}},"1":{"start":{"line":4,"column":4},"end":{"line":4,"column":23}},"2":{"start":{"line":6,"column":4},"end":{"line":6,"column":24}},"3":{"start":{"line":8,"column":4},"end":{"line":8,"column":24}},"4":{"start":{"line":12,"column":25},"end":{"line":12,"column":37}},"5":{"start":{"line":14,"column":2},"end":{"line":208,"column":3}},"6":{"start":{"line":17,"column":21},"end":{"line":17,"column":37}},"7":{"start":{"line":141,"column":14},"end":{"line":141,"column":34}},"8":{"start":{"line":142,"column":14},"end":{"line":142,"column":31}},"9":{"start":{"line":168,"column":14},"end":{"line":168,"column":34}},"10":{"start":{"line":169,"column":14},"end":{"line":169,"column":31}}},"fnMap":{"0":{"name":"CountryCard","decl":{"start":{"line":1,"column":9},"end":{"line":1,"column":20}},"loc":{"start":{"line":1,"column":115},"end":{"line":209,"column":1}},"line":1},"1":{"name":"(anonymous_1)","decl":{"start":{"line":2,"column":30},"end":{"line":2,"column":31}},"loc":{"start":{"line":2,"column":37},"end":{"line":9,"column":3}},"line":2},"2":{"name":"(anonymous_2)","decl":{"start":{"line":17,"column":15},"end":{"line":17,"column":16}},"loc":{"start":{"line":17,"column":21},"end":{"line":17,"column":37}},"line":17},"3":{"name":"(anonymous_3)","decl":{"start":{"line":140,"column":21},"end":{"line":140,"column":22}},"loc":{"start":{"line":140,"column":28},"end":{"line":143,"column":13}},"line":140},"4":{"name":"(anonymous_4)","decl":{"start":{"line":167,"column":21},"end":{"line":167,"column":22}},"loc":{"start":{"line":167,"column":28},"end":{"line":170,"column":13}},"line":167}},"branchMap":{"0":{"loc":{"start":{"line":19,"column":8},"end":{"line":21,"column":115}},"type":"cond-expr","locations":[{"start":{"line":20,"column":12},"end":{"line":20,"column":138}},{"start":{"line":21,"column":12},"end":{"line":21,"column":115}}],"line":19},"1":{"loc":{"start":{"line":22,"column":10},"end":{"line":22,"column":50}},"type":"cond-expr","locations":[{"start":{"line":22,"column":23},"end":{"line":22,"column":45}},{"start":{"line":22,"column":48},"end":{"line":22,"column":50}}],"line":22},"2":{"loc":{"start":{"line":31,"column":8},"end":{"line":33,"column":407}},"type":"cond-expr","locations":[{"start":{"line":32,"column":12},"end":{"line":32,"column":406}},{"start":{"line":33,"column":12},"end":{"line":33,"column":407}}],"line":31},"3":{"loc":{"start":{"line":42,"column":12},"end":{"line":42,"column":56}},"type":"cond-expr","locations":[{"start":{"line":42,"column":23},"end":{"line":42,"column":51}},{"start":{"line":42,"column":54},"end":{"line":42,"column":56}}],"line":42},"4":{"loc":{"start":{"line":52,"column":11},"end":{"line":79,"column":11}},"type":"binary-expr","locations":[{"start":{"line":52,"column":11},"end":{"line":52,"column":23}},{"start":{"line":53,"column":12},"end":{"line":78,"column":21}}],"line":52},"5":{"loc":{"start":{"line":56,"column":16},"end":{"line":60,"column":64}},"type":"cond-expr","locations":[{"start":{"line":57,"column":20},"end":{"line":57,"column":59}},{"start":{"line":58,"column":20},"end":{"line":60,"column":64}}],"line":56},"6":{"loc":{"start":{"line":58,"column":20},"end":{"line":60,"column":64}},"type":"cond-expr","locations":[{"start":{"line":59,"column":22},"end":{"line":59,"column":67}},{"start":{"line":60,"column":22},"end":{"line":60,"column":64}}],"line":58},"7":{"loc":{"start":{"line":62,"column":26},"end":{"line":62,"column":83}},"type":"cond-expr","locations":[{"start":{"line":62,"column":39},"end":{"line":62,"column":62}},{"start":{"line":62,"column":65},"end":{"line":62,"column":83}}],"line":62},"8":{"loc":{"start":{"line":82,"column":11},"end":{"line":104,"column":11}},"type":"binary-expr","locations":[{"start":{"line":82,"column":11},"end":{"line":82,"column":22}},{"start":{"line":83,"column":12},"end":{"line":103,"column":18}}],"line":82},"9":{"loc":{"start":{"line":84,"column":14},"end":{"line":88,"column":67}},"type":"cond-expr","locations":[{"start":{"line":85,"column":18},"end":{"line":85,"column":42}},{"start":{"line":86,"column":18},"end":{"line":88,"column":67}}],"line":84},"10":{"loc":{"start":{"line":86,"column":18},"end":{"line":88,"column":67}},"type":"cond-expr","locations":[{"start":{"line":87,"column":20},"end":{"line":87,"column":70}},{"start":{"line":88,"column":20},"end":{"line":88,"column":67}}],"line":86},"11":{"loc":{"start":{"line":94,"column":15},"end":{"line":102,"column":15}},"type":"cond-expr","locations":[{"start":{"line":95,"column":16},"end":{"line":97,"column":22}},{"start":{"line":99,"column":16},"end":{"line":101,"column":22}}],"line":94},"12":{"loc":{"start":{"line":110,"column":49},"end":{"line":110,"column":90}},"type":"cond-expr","locations":[{"start":{"line":110,"column":60},"end":{"line":110,"column":72}},{"start":{"line":110,"column":75},"end":{"line":110,"column":90}}],"line":110},"13":{"loc":{"start":{"line":118,"column":45},"end":{"line":118,"column":89}},"type":"cond-expr","locations":[{"start":{"line":118,"column":56},"end":{"line":118,"column":71}},{"start":{"line":118,"column":74},"end":{"line":118,"column":89}}],"line":118},"14":{"loc":{"start":{"line":133,"column":13},"end":{"line":133,"column":42}},"type":"binary-expr","locations":[{"start":{"line":133,"column":13},"end":{"line":133,"column":33}},{"start":{"line":133,"column":37},"end":{"line":133,"column":42}}],"line":133},"15":{"loc":{"start":{"line":138,"column":9},"end":{"line":162,"column":9}},"type":"binary-expr","locations":[{"start":{"line":138,"column":9},"end":{"line":138,"column":21}},{"start":{"line":139,"column":10},"end":{"line":161,"column":19}}],"line":138},"16":{"loc":{"start":{"line":145,"column":14},"end":{"line":147,"column":63}},"type":"cond-expr","locations":[{"start":{"line":146,"column":18},"end":{"line":146,"column":60}},{"start":{"line":147,"column":18},"end":{"line":147,"column":63}}],"line":145},"17":{"loc":{"start":{"line":165,"column":9},"end":{"line":202,"column":9}},"type":"binary-expr","locations":[{"start":{"line":165,"column":9},"end":{"line":165,"column":20}},{"start":{"line":166,"column":10},"end":{"line":201,"column":19}}],"line":165},"18":{"loc":{"start":{"line":172,"column":14},"end":{"line":178,"column":106}},"type":"cond-expr","locations":[{"start":{"line":173,"column":18},"end":{"line":175,"column":62}},{"start":{"line":176,"column":18},"end":{"line":178,"column":106}}],"line":172},"19":{"loc":{"start":{"line":173,"column":18},"end":{"line":175,"column":62}},"type":"cond-expr","locations":[{"start":{"line":174,"column":20},"end":{"line":174,"column":62}},{"start":{"line":175,"column":20},"end":{"line":175,"column":62}}],"line":173},"20":{"loc":{"start":{"line":176,"column":18},"end":{"line":178,"column":106}},"type":"cond-expr","locations":[{"start":{"line":177,"column":20},"end":{"line":177,"column":85}},{"start":{"line":178,"column":20},"end":{"line":178,"column":106}}],"line":176},"21":{"loc":{"start":{"line":186,"column":13},"end":{"line":200,"column":13}},"type":"cond-expr","locations":[{"start":{"line":187,"column":14},"end":{"line":192,"column":20}},{"start":{"line":194,"column":14},"end":{"line":199,"column":20}}],"line":186}},"s":{"0":9,"1":1,"2":1,"3":1,"4":9,"5":9,"6":1,"7":0,"8":0,"9":0,"10":0},"f":{"0":9,"1":1,"2":1,"3":0,"4":0},"b":{"0":[1,8],"1":[1,8],"2":[1,8],"3":[1,8],"4":[9,7],"5":[1,6],"6":[1,5],"7":[1,6],"8":[9,2],"9":[1,1],"10":[0,1],"11":[1,1],"12":[1,8],"13":[1,8],"14":[9,1],"15":[9,7],"16":[1,6],"17":[9,2],"18":[1,1],"19":[0,1],"20":[0,1],"21":[1,1]},"_coverageSchema":"1a1c01bbd47fc00a2c39e90264f33305004495a9","hash":"3b6832219457fdb41a75727de608e83545d6d22c"}
,"C:\\Users\\Wimukthi Dilshan\\Desktop\\my 2025 project\\frontend assignment\\my-project\\src\\components\\CountryDetail.jsx": {"path":"C:\\Users\\Wimukthi Dilshan\\Desktop\\my 2025 project\\frontend assignment\\my-project\\src\\components\\CountryDetail.jsx","statementMap":{"0":{"start":{"line":2,"column":20},"end":{"line":2,"column":77}},"1":{"start":{"line":3,"column":21},"end":{"line":3,"column":80}},"2":{"start":{"line":5,"column":2},"end":{"line":178,"column":3}},"3":{"start":{"line":140,"column":46},"end":{"line":140,"column":59}},"4":{"start":{"line":154,"column":18},"end":{"line":166,"column":27}},"5":{"start":{"line":157,"column":22},"end":{"line":157,"column":63}},"6":{"start":{"line":157,"column":41},"end":{"line":157,"column":63}}},"fnMap":{"0":{"name":"CountryDetail","decl":{"start":{"line":1,"column":9},"end":{"line":1,"column":22}},"loc":{"start":{"line":1,"column":128},"end":{"line":179,"column":1}},"line":1},"1":{"name":"(anonymous_1)","decl":{"start":{"line":140,"column":32},"end":{"line":140,"column":33}},"loc":{"start":{"line":140,"column":46},"end":{"line":140,"column":59}},"line":140},"2":{"name":"(anonymous_2)","decl":{"start":{"line":153,"column":36},"end":{"line":153,"column":37}},"loc":{"start":{"line":154,"column":18},"end":{"line":166,"column":27}},"line":154},"3":{"name":"(anonymous_3)","decl":{"start":{"line":156,"column":29},"end":{"line":156,"column":30}},"loc":{"start":{"line":156,"column":35},"end":{"line":158,"column":21}},"line":156}},"branchMap":{"0":{"loc":{"start":{"line":2,"column":20},"end":{"line":2,"column":77}},"type":"cond-expr","locations":[{"start":{"line":2,"column":40},"end":{"line":2,"column":72}},{"start":{"line":2,"column":75},"end":{"line":2,"column":77}}],"line":2},"1":{"loc":{"start":{"line":3,"column":21},"end":{"line":3,"column":80}},"type":"cond-expr","locations":[{"start":{"line":3,"column":42},"end":{"line":3,"column":75}},{"start":{"line":3,"column":78},"end":{"line":3,"column":80}}],"line":3},"2":{"loc":{"start":{"line":7,"column":6},"end":{"line":9,"column":75}},"type":"cond-expr","locations":[{"start":{"line":8,"column":10},"end":{"line":8,"column":79}},{"start":{"line":9,"column":10},"end":{"line":9,"column":75}}],"line":7},"3":{"loc":{"start":{"line":13,"column":8},"end":{"line":15,"column":407}},"type":"cond-expr","locations":[{"start":{"line":14,"column":12},"end":{"line":14,"column":406}},{"start":{"line":15,"column":12},"end":{"line":15,"column":407}}],"line":13},"4":{"loc":{"start":{"line":22,"column":12},"end":{"line":24,"column":61}},"type":"cond-expr","locations":[{"start":{"line":23,"column":16},"end":{"line":23,"column":78}},{"start":{"line":24,"column":16},"end":{"line":24,"column":61}}],"line":22},"5":{"loc":{"start":{"line":43,"column":11},"end":{"line":66,"column":11}},"type":"binary-expr","locations":[{"start":{"line":43,"column":11},"end":{"line":43,"column":23}},{"start":{"line":44,"column":12},"end":{"line":65,"column":21}}],"line":43},"6":{"loc":{"start":{"line":47,"column":16},"end":{"line":51,"column":67}},"type":"cond-expr","locations":[{"start":{"line":48,"column":20},"end":{"line":48,"column":59}},{"start":{"line":49,"column":20},"end":{"line":51,"column":67}}],"line":47},"7":{"loc":{"start":{"line":49,"column":20},"end":{"line":51,"column":67}},"type":"cond-expr","locations":[{"start":{"line":50,"column":22},"end":{"line":50,"column":67}},{"start":{"line":51,"column":22},"end":{"line":51,"column":67}}],"line":49},"8":{"loc":{"start":{"line":53,"column":26},"end":{"line":53,"column":83}},"type":"cond-expr","locations":[{"start":{"line":53,"column":39},"end":{"line":53,"column":62}},{"start":{"line":53,"column":65},"end":{"line":53,"column":83}}],"line":53},"9":{"loc":{"start":{"line":67,"column":11},"end":{"line":92,"column":11}},"type":"binary-expr","locations":[{"start":{"line":67,"column":11},"end":{"line":67,"column":23}},{"start":{"line":68,"column":12},"end":{"line":91,"column":21}}],"line":67},"10":{"loc":{"start":{"line":71,"column":16},"end":{"line":73,"column":65}},"type":"cond-expr","locations":[{"start":{"line":72,"column":20},"end":{"line":72,"column":65}},{"start":{"line":73,"column":20},"end":{"line":73,"column":65}}],"line":71},"11":{"loc":{"start":{"line":102,"column":14},"end":{"line":102,"column":58}},"type":"cond-expr","locations":[{"start":{"line":102,"column":25},"end":{"line":102,"column":53}},{"start":{"line":102,"column":56},"end":{"line":102,"column":58}}],"line":102},"12":{"loc":{"start":{"line":125,"column":17},"end":{"line":125,"column":43}},"type":"binary-expr","locations":[{"start":{"line":125,"column":17},"end":{"line":125,"column":34}},{"start":{"line":125,"column":38},"end":{"line":125,"column":43}}],"line":125},"13":{"loc":{"start":{"line":129,"column":17},"end":{"line":129,"column":46}},"type":"binary-expr","locations":[{"start":{"line":129,"column":17},"end":{"line":129,"column":37}},{"start":{"line":129,"column":41},"end":{"line":129,"column":46}}],"line":129},"14":{"loc":{"start":{"line":136,"column":17},"end":{"line":136,"column":49}},"type":"binary-expr","locations":[{"start":{"line":136,"column":17},"end":{"line":136,"column":40}},{"start":{"line":136,"column":44},"end":{"line":136,"column":49}}],"line":136},"15":{"loc":{"start":{"line":140,"column":17},"end":{"line":140,"column":80}},"type":"binary-expr","locations":[{"start":{"line":140,"column":17},"end":{"line":140,"column":71}},{"start":{"line":140,"column":75},"end":{"line":140,"column":80}}],"line":140},"16":{"loc":{"start":{"line":144,"column":17},"end":{"line":144,"column":46}},"type":"binary-expr","locations":[{"start":{"line":144,"column":17},"end":{"line":144,"column":37}},{"start":{"line":144,"column":41},"end":{"line":144,"column":46}}],"line":144},"17":{"loc":{"start":{"line":152,"column":15},"end":{"line":172,"column":15}},"type":"cond-expr","locations":[{"start":{"line":153,"column":16},"end":{"line":167,"column":18}},{"start":{"line":169,"column":16},"end":{"line":171,"column":23}}],"line":152},"18":{"loc":{"start":{"line":157,"column":22},"end":{"line":157,"column":63}},"type":"if","locations":[{"start":{"line":157,"column":22},"end":{"line":157,"column":63}},{"start":{},"end":{}}],"line":157},"19":{"loc":{"start":{"line":160,"column":22},"end":{"line":162,"column":87}},"type":"cond-expr","locations":[{"start":{"line":161,"column":26},"end":{"line":161,"column":84}},{"start":{"line":162,"column":26},"end":{"line":162,"column":87}}],"line":160},"20":{"loc":{"start":{"line":169,"column":36},"end":{"line":169,"column":80}},"type":"cond-expr","locations":[{"start":{"line":169,"column":47},"end":{"line":169,"column":62}},{"start":{"line":169,"column":65},"end":{"line":169,"column":80}}],"line":169}},"s":{"0":0,"1":0,"2":0,"3":0,"4":0,"5":0,"6":0},"f":{"0":0,"1":0,"2":0,"3":0},"b":{"0":[0,0],"1":[0,0],"2":[0,0],"3":[0,0],"4":[0,0],"5":[0,0],"6":[0,0],"7":[0,0],"8":[0,0],"9":[0,0],"10":[0,0],"11":[0,0],"12":[0,0],"13":[0,0],"14":[0,0],"15":[0,0],"16":[0,0],"17":[0,0],"18":[0,0],"19":[0,0],"20":[0,0]}}
,"C:\\Users\\Wimukthi Dilshan\\Desktop\\my 2025 project\\frontend assignment\\my-project\\src\\components\\CountryList.jsx": {"path":"C:\\Users\\Wimukthi Dilshan\\Desktop\\my 2025 project\\frontend assignment\\my-project\\src\\components\\CountryList.jsx","statementMap":{"0":{"start":{"line":15,"column":40},"end":{"line":15,"column":51}},"1":{"start":{"line":16,"column":50},"end":{"line":16,"column":62}},"2":{"start":{"line":17,"column":36},"end":{"line":17,"column":51}},"3":{"start":{"line":18,"column":50},"end":{"line":18,"column":62}},"4":{"start":{"line":21,"column":21},"end":{"line":21,"column":67}},"5":{"start":{"line":22,"column":29},"end":{"line":22,"column":59}},"6":{"start":{"line":23,"column":30},"end":{"line":23,"column":67}},"7":{"start":{"line":26,"column":2},"end":{"line":37,"column":72}},"8":{"start":{"line":27,"column":4},"end":{"line":27,"column":23}},"9":{"start":{"line":28,"column":4},"end":{"line":28,"column":28}},"10":{"start":{"line":31,"column":18},"end":{"line":34,"column":11}},"11":{"start":{"line":32,"column":6},"end":{"line":32,"column":84}},"12":{"start":{"line":33,"column":6},"end":{"line":33,"column":26}},"13":{"start":{"line":36,"column":4},"end":{"line":36,"column":37}},"14":{"start":{"line":36,"column":17},"end":{"line":36,"column":36}},"15":{"start":{"line":39,"column":26},"end":{"line":51,"column":3}},"16":{"start":{"line":40,"column":4},"end":{"line":50,"column":5}},"17":{"start":{"line":42,"column":6},"end":{"line":46,"column":7}},"18":{"start":{"line":42,"column":61},"end":{"line":42,"column":84}},"19":{"start":{"line":43,"column":8},"end":{"line":43,"column":42}},"20":{"start":{"line":44,"column":13},"end":{"line":46,"column":7}},"21":{"start":{"line":45,"column":8},"end":{"line":45,"column":32}},"22":{"start":{"line":49,"column":6},"end":{"line":49,"column":30}},"23":{"start":{"line":54,"column":31},"end":{"line":62,"column":3}},"24":{"start":{"line":56,"column":4},"end":{"line":59,"column":5}},"25":{"start":{"line":57,"column":6},"end":{"line":57,"column":26}},"26":{"start":{"line":58,"column":6},"end":{"line":58,"column":25}},"27":{"start":{"line":61,"column":4},"end":{"line":61,"column":30}},"28":{"start":{"line":64,"column":19},"end":{"line":75,"column":3}},"29":{"start":{"line":66,"column":4},"end":{"line":66,"column":88}},"30":{"start":{"line":66,"column":81},"end":{"line":66,"column":88}},"31":{"start":{"line":68,"column":4},"end":{"line":68,"column":23}},"32":{"start":{"line":69,"column":4},"end":{"line":69,"column":28}},"33":{"start":{"line":72,"column":4},"end":{"line":74,"column":12}},"34":{"start":{"line":73,"column":6},"end":{"line":73,"column":33}},"35":{"start":{"line":78,"column":29},"end":{"line":88,"column":3}},"36":{"start":{"line":79,"column":16},"end":{"line":79,"column":44}},"37":{"start":{"line":80,"column":14},"end":{"line":80,"column":45}},"38":{"start":{"line":83,"column":4},"end":{"line":85,"column":5}},"39":{"start":{"line":84,"column":6},"end":{"line":84,"column":35}},"40":{"start":{"line":87,"column":4},"end":{"line":87,"column":72}},"41":{"start":{"line":87,"column":61},"end":{"line":87,"column":70}},"42":{"start":{"line":90,"column":2},"end":{"line":241,"column":3}},"43":{"start":{"line":96,"column":10},"end":{"line":106,"column":12}},"44":{"start":{"line":99,"column":27},"end":{"line":99,"column":51}},"45":{"start":{"line":101,"column":47},"end":{"line":101,"column":72}},"46":{"start":{"line":102,"column":37},"end":{"line":102,"column":69}},"47":{"start":{"line":104,"column":54},"end":{"line":104,"column":77}},"48":{"start":{"line":120,"column":29},"end":{"line":120,"column":54}},"49":{"start":{"line":138,"column":33},"end":{"line":138,"column":44}},"50":{"start":{"line":160,"column":14},"end":{"line":172,"column":23}},"51":{"start":{"line":162,"column":31},"end":{"line":162,"column":51}},"52":{"start":{"line":188,"column":33},"end":{"line":188,"column":53}},"53":{"start":{"line":201,"column":29},"end":{"line":201,"column":54}},"54":{"start":{"line":222,"column":16},"end":{"line":222,"column":60}},"55":{"start":{"line":223,"column":16},"end":{"line":223,"column":34}}},"fnMap":{"0":{"name":"CountryList","decl":{"start":{"line":4,"column":9},"end":{"line":4,"column":20}},"loc":{"start":{"line":14,"column":3},"end":{"line":242,"column":1}},"line":14},"1":{"name":"(anonymous_1)","decl":{"start":{"line":26,"column":12},"end":{"line":26,"column":13}},"loc":{"start":{"line":26,"column":18},"end":{"line":37,"column":3}},"line":26},"2":{"name":"(anonymous_2)","decl":{"start":{"line":31,"column":29},"end":{"line":31,"column":30}},"loc":{"start":{"line":31,"column":35},"end":{"line":34,"column":5}},"line":31},"3":{"name":"(anonymous_3)","decl":{"start":{"line":36,"column":11},"end":{"line":36,"column":12}},"loc":{"start":{"line":36,"column":17},"end":{"line":36,"column":36}},"line":36},"4":{"name":"(anonymous_4)","decl":{"start":{"line":39,"column":26},"end":{"line":39,"column":27}},"loc":{"start":{"line":39,"column":39},"end":{"line":51,"column":3}},"line":39},"5":{"name":"(anonymous_5)","decl":{"start":{"line":42,"column":56},"end":{"line":42,"column":57}},"loc":{"start":{"line":42,"column":61},"end":{"line":42,"column":84}},"line":42},"6":{"name":"(anonymous_6)","decl":{"start":{"line":54,"column":31},"end":{"line":54,"column":32}},"loc":{"start":{"line":54,"column":47},"end":{"line":62,"column":3}},"line":54},"7":{"name":"(anonymous_7)","decl":{"start":{"line":64,"column":19},"end":{"line":64,"column":20}},"loc":{"start":{"line":64,"column":35},"end":{"line":75,"column":3}},"line":64},"8":{"name":"(anonymous_8)","decl":{"start":{"line":72,"column":15},"end":{"line":72,"column":16}},"loc":{"start":{"line":72,"column":21},"end":{"line":74,"column":5}},"line":72},"9":{"name":"(anonymous_9)","decl":{"start":{"line":78,"column":29},"end":{"line":78,"column":30}},"loc":{"start":{"line":78,"column":35},"end":{"line":88,"column":3}},"line":78},"10":{"name":"(anonymous_10)","decl":{"start":{"line":87,"column":51},"end":{"line":87,"column":52}},"loc":{"start":{"line":87,"column":61},"end":{"line":87,"column":70}},"line":87},"11":{"name":"(anonymous_11)","decl":{"start":{"line":95,"column":30},"end":{"line":95,"column":31}},"loc":{"start":{"line":96,"column":10},"end":{"line":106,"column":12}},"line":96},"12":{"name":"(anonymous_12)","decl":{"start":{"line":99,"column":21},"end":{"line":99,"column":22}},"loc":{"start":{"line":99,"column":27},"end":{"line":99,"column":51}},"line":99},"13":{"name":"(anonymous_13)","decl":{"start":{"line":101,"column":40},"end":{"line":101,"column":41}},"loc":{"start":{"line":101,"column":47},"end":{"line":101,"column":72}},"line":101},"14":{"name":"(anonymous_14)","decl":{"start":{"line":102,"column":30},"end":{"line":102,"column":31}},"loc":{"start":{"line":102,"column":37},"end":{"line":102,"column":69}},"line":102},"15":{"name":"(anonymous_15)","decl":{"start":{"line":104,"column":49},"end":{"line":104,"column":50}},"loc":{"start":{"line":104,"column":54},"end":{"line":104,"column":77}},"line":104},"16":{"name":"(anonymous_16)","decl":{"start":{"line":120,"column":23},"end":{"line":120,"column":24}},"loc":{"start":{"line":120,"column":29},"end":{"line":120,"column":54}},"line":120},"17":{"name":"(anonymous_17)","decl":{"start":{"line":138,"column":27},"end":{"line":138,"column":28}},"loc":{"start":{"line":138,"column":33},"end":{"line":138,"column":44}},"line":138},"18":{"name":"(anonymous_18)","decl":{"start":{"line":159,"column":38},"end":{"line":159,"column":39}},"loc":{"start":{"line":160,"column":14},"end":{"line":172,"column":23}},"line":160},"19":{"name":"(anonymous_19)","decl":{"start":{"line":162,"column":25},"end":{"line":162,"column":26}},"loc":{"start":{"line":162,"column":31},"end":{"line":162,"column":51}},"line":162},"20":{"name":"(anonymous_20)","decl":{"start":{"line":188,"column":27},"end":{"line":188,"column":28}},"loc":{"start":{"line":188,"column":33},"end":{"line":188,"column":53}},"line":188},"21":{"name":"(anonymous_21)","decl":{"start":{"line":201,"column":23},"end":{"line":201,"column":24}},"loc":{"start":{"line":201,"column":29},"end":{"line":201,"column":54}},"line":201},"22":{"name":"(anonymous_22)","decl":{"start":{"line":221,"column":24},"end":{"line":221,"column":25}},"loc":{"start":{"line":221,"column":31},"end":{"line":224,"column":15}},"line":221}},"branchMap":{"0":{"loc":{"start":{"line":40,"column":4},"end":{"line":50,"column":5}},"type":"if","locations":[{"start":{"line":40,"column":4},"end":{"line":50,"column":5}},{"start":{"line":47,"column":11},"end":{"line":50,"column":5}}],"line":40},"1":{"loc":{"start":{"line":42,"column":6},"end":{"line":46,"column":7}},"type":"if","locations":[{"start":{"line":42,"column":6},"end":{"line":46,"column":7}},{"start":{"line":44,"column":13},"end":{"line":46,"column":7}}],"line":42},"2":{"loc":{"start":{"line":42,"column":10},"end":{"line":42,"column":85}},"type":"binary-expr","locations":[{"start":{"line":42,"column":10},"end":{"line":42,"column":28}},{"start":{"line":42,"column":32},"end":{"line":42,"column":85}}],"line":42},"3":{"loc":{"start":{"line":44,"column":13},"end":{"line":46,"column":7}},"type":"if","locations":[{"start":{"line":44,"column":13},"end":{"line":46,"column":7}},{"start":{},"end":{}}],"line":44},"4":{"loc":{"start":{"line":44,"column":17},"end":{"line":44,"column":68}},"type":"binary-expr","locations":[{"start":{"line":44,"column":17},"end":{"line":44,"column":35}},{"start":{"line":44,"column":39},"end":{"line":44,"column":68}}],"line":44},"5":{"loc":{"start":{"line":56,"column":4},"end":{"line":59,"column":5}},"type":"if","locations":[{"start":{"line":56,"column":4},"end":{"line":59,"column":5}},{"start":{},"end":{}}],"line":56},"6":{"loc":{"start":{"line":66,"column":4},"end":{"line":66,"column":88}},"type":"if","locations":[{"start":{"line":66,"column":4},"end":{"line":66,"column":88}},{"start":{},"end":{}}],"line":66},"7":{"loc":{"start":{"line":66,"column":8},"end":{"line":66,"column":79}},"type":"binary-expr","locations":[{"start":{"line":66,"column":8},"end":{"line":66,"column":34}},{"start":{"line":66,"column":38},"end":{"line":66,"column":52}},{"start":{"line":66,"column":56},"end":{"line":66,"column":79}}],"line":66},"8":{"loc":{"start":{"line":83,"column":4},"end":{"line":85,"column":5}},"type":"if","locations":[{"start":{"line":83,"column":4},"end":{"line":85,"column":5}},{"start":{},"end":{}}],"line":83},"9":{"loc":{"start":{"line":93,"column":168},"end":{"line":93,"column":207}},"type":"cond-expr","locations":[{"start":{"line":93,"column":180},"end":{"line":93,"column":191}},{"start":{"line":93,"column":194},"end":{"line":93,"column":207}}],"line":93},"10":{"loc":{"start":{"line":111,"column":7},"end":{"line":239,"column":7}},"type":"binary-expr","locations":[{"start":{"line":111,"column":7},"end":{"line":111,"column":21}},{"start":{"line":112,"column":8},"end":{"line":238,"column":14}}],"line":111},"11":{"loc":{"start":{"line":113,"column":37},"end":{"line":113,"column":81}},"type":"cond-expr","locations":[{"start":{"line":113,"column":48},"end":{"line":113,"column":63}},{"start":{"line":113,"column":66},"end":{"line":113,"column":81}}],"line":113},"12":{"loc":{"start":{"line":123,"column":16},"end":{"line":125,"column":150}},"type":"cond-expr","locations":[{"start":{"line":124,"column":20},"end":{"line":124,"column":123}},{"start":{"line":125,"column":20},"end":{"line":125,"column":150}}],"line":123},"13":{"loc":{"start":{"line":124,"column":53},"end":{"line":124,"column":121}},"type":"cond-expr","locations":[{"start":{"line":124,"column":64},"end":{"line":124,"column":91}},{"start":{"line":124,"column":94},"end":{"line":124,"column":121}}],"line":124},"14":{"loc":{"start":{"line":125,"column":23},"end":{"line":125,"column":138}},"type":"cond-expr","locations":[{"start":{"line":125,"column":34},"end":{"line":125,"column":76}},{"start":{"line":125,"column":79},"end":{"line":125,"column":138}}],"line":125},"15":{"loc":{"start":{"line":135,"column":13},"end":{"line":156,"column":13}},"type":"binary-expr","locations":[{"start":{"line":135,"column":13},"end":{"line":135,"column":28}},{"start":{"line":136,"column":14},"end":{"line":155,"column":17}}],"line":135},"16":{"loc":{"start":{"line":140,"column":20},"end":{"line":140,"column":135}},"type":"cond-expr","locations":[{"start":{"line":140,"column":31},"end":{"line":140,"column":73}},{"start":{"line":140,"column":76},"end":{"line":140,"column":135}}],"line":140},"17":{"loc":{"start":{"line":148,"column":17},"end":{"line":154,"column":17}},"type":"binary-expr","locations":[{"start":{"line":148,"column":17},"end":{"line":148,"column":32}},{"start":{"line":149,"column":18},"end":{"line":153,"column":25}}],"line":148},"18":{"loc":{"start":{"line":149,"column":71},"end":{"line":149,"column":115}},"type":"cond-expr","locations":[{"start":{"line":149,"column":82},"end":{"line":149,"column":97}},{"start":{"line":149,"column":100},"end":{"line":149,"column":115}}],"line":149},"19":{"loc":{"start":{"line":164,"column":18},"end":{"line":166,"column":152}},"type":"cond-expr","locations":[{"start":{"line":165,"column":22},"end":{"line":165,"column":99}},{"start":{"line":166,"column":22},"end":{"line":166,"column":152}}],"line":164},"20":{"loc":{"start":{"line":165,"column":25},"end":{"line":165,"column":87}},"type":"cond-expr","locations":[{"start":{"line":165,"column":36},"end":{"line":165,"column":60}},{"start":{"line":165,"column":63},"end":{"line":165,"column":87}}],"line":165},"21":{"loc":{"start":{"line":166,"column":25},"end":{"line":166,"column":140}},"type":"cond-expr","locations":[{"start":{"line":166,"column":36},"end":{"line":166,"column":78}},{"start":{"line":166,"column":81},"end":{"line":166,"column":140}}],"line":166},"22":{"loc":{"start":{"line":169,"column":30},"end":{"line":169,"column":72}},"type":"cond-expr","locations":[{"start":{"line":169,"column":59},"end":{"line":169,"column":65}},{"start":{"line":169,"column":68},"end":{"line":169,"column":72}}],"line":169},"23":{"loc":{"start":{"line":176,"column":13},"end":{"line":197,"column":13}},"type":"binary-expr","locations":[{"start":{"line":176,"column":13},"end":{"line":176,"column":27}},{"start":{"line":176,"column":31},"end":{"line":176,"column":59}},{"start":{"line":177,"column":14},"end":{"line":196,"column":17}}],"line":176},"24":{"loc":{"start":{"line":179,"column":17},"end":{"line":185,"column":17}},"type":"binary-expr","locations":[{"start":{"line":179,"column":17},"end":{"line":179,"column":45}},{"start":{"line":180,"column":18},"end":{"line":184,"column":25}}],"line":179},"25":{"loc":{"start":{"line":180,"column":71},"end":{"line":180,"column":115}},"type":"cond-expr","locations":[{"start":{"line":180,"column":82},"end":{"line":180,"column":97}},{"start":{"line":180,"column":100},"end":{"line":180,"column":115}}],"line":180},"26":{"loc":{"start":{"line":190,"column":20},"end":{"line":190,"column":135}},"type":"cond-expr","locations":[{"start":{"line":190,"column":31},"end":{"line":190,"column":73}},{"start":{"line":190,"column":76},"end":{"line":190,"column":135}}],"line":190},"27":{"loc":{"start":{"line":204,"column":16},"end":{"line":206,"column":150}},"type":"cond-expr","locations":[{"start":{"line":205,"column":20},"end":{"line":205,"column":123}},{"start":{"line":206,"column":20},"end":{"line":206,"column":150}}],"line":204},"28":{"loc":{"start":{"line":205,"column":53},"end":{"line":205,"column":121}},"type":"cond-expr","locations":[{"start":{"line":205,"column":64},"end":{"line":205,"column":91}},{"start":{"line":205,"column":94},"end":{"line":205,"column":121}}],"line":205},"29":{"loc":{"start":{"line":206,"column":23},"end":{"line":206,"column":138}},"type":"cond-expr","locations":[{"start":{"line":206,"column":34},"end":{"line":206,"column":76}},{"start":{"line":206,"column":79},"end":{"line":206,"column":138}}],"line":206},"30":{"loc":{"start":{"line":217,"column":80},"end":{"line":217,"column":124}},"type":"cond-expr","locations":[{"start":{"line":217,"column":91},"end":{"line":217,"column":106}},{"start":{"line":217,"column":109},"end":{"line":217,"column":124}}],"line":217},"31":{"loc":{"start":{"line":226,"column":16},"end":{"line":228,"column":60}},"type":"cond-expr","locations":[{"start":{"line":227,"column":20},"end":{"line":227,"column":60}},{"start":{"line":228,"column":20},"end":{"line":228,"column":60}}],"line":226}},"s":{"0":0,"1":0,"2":0,"3":0,"4":0,"5":0,"6":0,"7":0,"8":0,"9":0,"10":0,"11":0,"12":0,"13":0,"14":0,"15":0,"16":0,"17":0,"18":0,"19":0,"20":0,"21":0,"22":0,"23":0,"24":0,"25":0,"26":0,"27":0,"28":0,"29":0,"30":0,"31":0,"32":0,"33":0,"34":0,"35":0,"36":0,"37":0,"38":0,"39":0,"40":0,"41":0,"42":0,"43":0,"44":0,"45":0,"46":0,"47":0,"48":0,"49":0,"50":0,"51":0,"52":0,"53":0,"54":0,"55":0},"f":{"0":0,"1":0,"2":0,"3":0,"4":0,"5":0,"6":0,"7":0,"8":0,"9":0,"10":0,"11":0,"12":0,"13":0,"14":0,"15":0,"16":0,"17":0,"18":0,"19":0,"20":0,"21":0,"22":0},"b":{"0":[0,0],"1":[0,0],"2":[0,0],"3":[0,0],"4":[0,0],"5":[0,0],"6":[0,0],"7":[0,0,0],"8":[0,0],"9":[0,0],"10":[0,0],"11":[0,0],"12":[0,0],"13":[0,0],"14":[0,0],"15":[0,0],"16":[0,0],"17":[0,0],"18":[0,0],"19":[0,0],"20":[0,0],"21":[0,0],"22":[0,0],"23":[0,0,0],"24":[0,0],"25":[0,0],"26":[0,0],"27":[0,0],"28":[0,0],"29":[0,0],"30":[0,0],"31":[0,0]}}
[...]
e":425}},"branchMap":{"0":{"loc":{"start":{"line":14,"column":75},"end":{"line":14,"column":107}},"type":"cond-expr","locations":[{"start":{"line":14,"column":86},"end":{"line":14,"column":95}},{"start":{"line":14,"column":98},"end":{"line":14,"column":107}}],"line":14},"1":{"loc":{"start":{"line":14,"column":121},"end":{"line":14,"column":153}},"type":"cond-expr","locations":[{"start":{"line":14,"column":132},"end":{"line":14,"column":141}},{"start":{"line":14,"column":144},"end":{"line":14,"column":153}}],"line":14},"2":{"loc":{"start":{"line":16,"column":75},"end":{"line":16,"column":107}},"type":"cond-expr","locations":[{"start":{"line":16,"column":86},"end":{"line":16,"column":95}},{"start":{"line":16,"column":98},"end":{"line":16,"column":107}}],"line":16},"3":{"loc":{"start":{"line":16,"column":121},"end":{"line":16,"column":153}},"type":"cond-expr","locations":[{"start":{"line":16,"column":132},"end":{"line":16,"column":141}},{"start":{"line":16,"column":144},"end":{"line":16,"column":153}}],"line":16},"4":{"loc":{"start":{"line":18,"column":67},"end":{"line":18,"column":99}},"type":"cond-expr","locations":[{"start":{"line":18,"column":78},"end":{"line":18,"column":87}},{"start":{"line":18,"column":90},"end":{"line":18,"column":99}}],"line":18},"5":{"loc":{"start":{"line":18,"column":113},"end":{"line":18,"column":145}},"type":"cond-expr","locations":[{"start":{"line":18,"column":124},"end":{"line":18,"column":133}},{"start":{"line":18,"column":136},"end":{"line":18,"column":145}}],"line":18},"6":{"loc":{"start":{"line":20,"column":68},"end":{"line":20,"column":100}},"type":"cond-expr","locations":[{"start":{"line":20,"column":79},"end":{"line":20,"column":88}},{"start":{"line":20,"column":91},"end":{"line":20,"column":100}}],"line":20},"7":{"loc":{"start":{"line":20,"column":114},"end":{"line":20,"column":146}},"type":"cond-expr","locations":[{"start":{"line":20,"column":125},"end":{"line":20,"column":134}},{"start":{"line":20,"column":137},"end":{"line":20,"column":146}}],"line":20},"8":{"loc":{"start":{"line":22,"column":66},"end":{"line":22,"column":98}},"type":"cond-expr","locations":[{"start":{"line":22,"column":77},"end":{"line":22,"column":86}},{"start":{"line":22,"column":89},"end":{"line":22,"column":98}}],"line":22},"9":{"loc":{"start":{"line":22,"column":112},"end":{"line":22,"column":144}},"type":"cond-expr","locations":[{"start":{"line":22,"column":123},"end":{"line":22,"column":132}},{"start":{"line":22,"column":135},"end":{"line":22,"column":144}}],"line":22},"10":{"loc":{"start":{"line":24,"column":68},"end":{"line":24,"column":100}},"type":"cond-expr","locations":[{"start":{"line":24,"column":79},"end":{"line":24,"column":88}},{"start":{"line":24,"column":91},"end":{"line":24,"column":100}}],"line":24},"11":{"loc":{"start":{"line":24,"column":114},"end":{"line":24,"column":146}},"type":"cond-expr","locations":[{"start":{"line":24,"column":125},"end":{"line":24,"column":134}},{"start":{"line":24,"column":137},"end":{"line":24,"column":146}}],"line":24},"12":{"loc":{"start":{"line":26,"column":72},"end":{"line":26,"column":104}},"type":"cond-expr","locations":[{"start":{"line":26,"column":83},"end":{"line":26,"column":92}},{"start":{"line":26,"column":95},"end":{"line":26,"column":104}}],"line":26},"13":{"loc":{"start":{"line":26,"column":118},"end":{"line":26,"column":150}},"type":"cond-expr","locations":[{"start":{"line":26,"column":129},"end":{"line":26,"column":138}},{"start":{"line":26,"column":141},"end":{"line":26,"column":150}}],"line":26},"14":{"loc":{"start":{"line":71,"column":6},"end":{"line":73,"column":7}},"type":"if","locations":[{"start":{"line":71,"column":6},"end":{"line":73,"column":7}},{"start":{},"end":{}}],"line":71},"15":{"loc":{"start":{"line":77,"column":4},"end":{"line":79,"column":5}},"type":"if","locations":[{"start":{"line":77,"column":4},"end":{"line":79,"column":5}},{"start":{},"end":{}}],"line":77},"16":{"loc":{"start":{"line":104,"column":8},"end":{"line":104,"column":72}},"type":"cond-expr","locations":[{"start":{"line":104,"column":20},"end":{"line":104,"column":33}},{"start":{"line":104,"column":36},"end":{"line":104,"column":72}}],"line":104},"17":{"loc":{"start":{"line":105,"column":10},"end":{"line":105,"column":47}},"type":"cond-expr","locations":[{"start":{"line":105,"column":21},"end":{"line":105,"column":34}},{"start":{"line":105,"column":37},"end":{"line":105,"column":47}}],"line":105},"18":{"loc":{"start":{"line":113,"column":14},"end":{"line":113,"column":79}},"type":"cond-expr","locations":[{"start":{"line":113,"column":25},"end":{"line":113,"column":51}},{"start":{"line":113,"column":54},"end":{"line":113,"column":79}}],"line":113},"19":{"loc":{"start":{"line":114,"column":14},"end":{"line":114,"column":67}},"type":"cond-expr","locations":[{"start":{"line":114,"column":25},"end":{"line":114,"column":46}},{"start":{"line":114,"column":49},"end":{"line":114,"column":67}}],"line":114},"20":{"loc":{"start":{"line":119,"column":7},"end":{"line":134,"column":7}},"type":"binary-expr","locations":[{"start":{"line":119,"column":7},"end":{"line":119,"column":15}},{"start":{"line":120,"column":8},"end":{"line":133,"column":14}}],"line":119},"21":{"loc":{"start":{"line":155,"column":55},"end":{"line":155,"column":118}},"type":"cond-expr","locations":[{"start":{"line":155,"column":66},"end":{"line":155,"column":90}},{"start":{"line":155,"column":93},"end":{"line":155,"column":118}}],"line":155},"22":{"loc":{"start":{"line":161,"column":24},"end":{"line":161,"column":63}},"type":"cond-expr","locations":[{"start":{"line":161,"column":35},"end":{"line":161,"column":47}},{"start":{"line":161,"column":50},"end":{"line":161,"column":63}}],"line":161},"23":{"loc":{"start":{"line":171,"column":45},"end":{"line":171,"column":104}},"type":"cond-expr","locations":[{"start":{"line":171,"column":56},"end":{"line":171,"column":77}},{"start":{"line":171,"column":80},"end":{"line":171,"column":104}}],"line":171},"24":{"loc":{"start":{"line":172,"column":46},"end":{"line":172,"column":105}},"type":"cond-expr","locations":[{"start":{"line":172,"column":57},"end":{"line":172,"column":78}},{"start":{"line":172,"column":81},"end":{"line":172,"column":105}}],"line":172},"25":{"loc":{"start":{"line":173,"column":47},"end":{"line":173,"column":110}},"type":"cond-expr","locations":[{"start":{"line":173,"column":58},"end":{"line":173,"column":81}},{"start":{"line":173,"column":84},"end":{"line":173,"column":110}}],"line":173},"26":{"loc":{"start":{"line":199,"column":22},"end":{"line":199,"column":54}},"type":"cond-expr","locations":[{"start":{"line":199,"column":33},"end":{"line":199,"column":42}},{"start":{"line":199,"column":45},"end":{"line":199,"column":54}}],"line":199},"27":{"loc":{"start":{"line":200,"column":27},"end":{"line":200,"column":51}},"type":"cond-expr","locations":[{"start":{"line":200,"column":38},"end":{"line":200,"column":43}},{"start":{"line":200,"column":46},"end":{"line":200,"column":51}}],"line":200},"28":{"loc":{"start":{"line":202,"column":22},"end":{"line":202,"column":65}},"type":"cond-expr","locations":[{"start":{"line":202,"column":33},"end":{"line":202,"column":56}},{"start":{"line":202,"column":59},"end":{"line":202,"column":65}}],"line":202},"29":{"loc":{"start":{"line":215,"column":24},"end":{"line":215,"column":48}},"type":"cond-expr","locations":[{"start":{"line":215,"column":35},"end":{"line":215,"column":40}},{"start":{"line":215,"column":43},"end":{"line":215,"column":48}}],"line":215},"30":{"loc":{"start":{"line":225,"column":26},"end":{"line":225,"column":58}},"type":"cond-expr","locations":[{"start":{"line":225,"column":37},"end":{"line":225,"column":46}},{"start":{"line":225,"column":49},"end":{"line":225,"column":58}}],"line":225},"31":{"loc":{"start":{"line":226,"column":31},"end":{"line":226,"column":55}},"type":"cond-expr","locations":[{"start":{"line":226,"column":42},"end":{"line":226,"column":47}},{"start":{"line":226,"column":50},"end":{"line":226,"column":55}}],"line":226},"32":{"loc":{"start":{"line":239,"column":26},"end":{"line":239,"column":58}},"type":"cond-expr","locations":[{"start":{"line":239,"column":37},"end":{"line":239,"column":46}},{"start":{"line":239,"column":49},"end":{"line":239,"column":58}}],"line":239},"33":{"loc":{"start":{"line":240,"column":31},"end":{"line":240,"column":55}},"type":"cond-expr","locations":[{"start":{"line":240,"column":42},"end":{"line":240,"column":47}},{"start":{"line":240,"column":50},"end":{"line":240,"column":55}}],"line":240},"34":{"loc":{"start":{"line":260,"column":27},"end":{"line":260,"column":106}},"type":"cond-expr","locations":[{"start":{"line":260,"column":61},"end":{"line":260,"column":64}},{"start":{"line":260,"column":67},"end":{"line":260,"column":106}}],"line":260},"35":{"loc":{"start":{"line":260,"column":67},"end":{"line":260,"column":106}},"type":"cond-expr","locations":[{"start":{"line":260,"column":96},"end":{"line":260,"column":99}},{"start":{"line":260,"column":102},"end":{"line":260,"column":106}}],"line":260},"36":{"loc":{"start":{"line":261,"column":26},"end":{"line":261,"column":77}},"type":"cond-expr","locations":[{"start":{"line":261,"column":55},"end":{"line":261,"column":62}},{"start":{"line":261,"column":65},"end":{"line":261,"column":77}}],"line":261},"37":{"loc":{"start":{"line":262,"column":31},"end":{"line":262,"column":71}},"type":"cond-expr","locations":[{"start":{"line":262,"column":60},"end":{"line":262,"column":63}},{"start":{"line":262,"column":66},"end":{"line":262,"column":71}}],"line":262},"38":{"loc":{"start":{"line":263,"column":60},"end":{"line":263,"column":109}},"type":"cond-expr","locations":[{"start":{"line":263,"column":90},"end":{"line":263,"column":104}},{"start":{"line":263,"column":107},"end":{"line":263,"column":109}}],"line":263},"39":{"loc":{"start":{"line":270,"column":27},"end":{"line":270,"column":112}},"type":"cond-expr","locations":[{"start":{"line":270,"column":61},"end":{"line":270,"column":66}},{"start":{"line":270,"column":69},"end":{"line":270,"column":112}}],"line":270},"40":{"loc":{"start":{"line":270,"column":69},"end":{"line":270,"column":112}},"type":"cond-expr","locations":[{"start":{"line":270,"column":98},"end":{"line":270,"column":104}},{"start":{"line":270,"column":107},"end":{"line":270,"column":112}}],"line":270},"41":{"loc":{"start":{"line":272,"column":26},"end":{"line":272,"column":113}},"type":"cond-expr","locations":[{"start":{"line":272,"column":90},"end":{"line":272,"column":97}},{"start":{"line":272,"column":100},"end":{"line":272,"column":113}}],"line":272},"42":{"loc":{"start":{"line":272,"column":26},"end":{"line":272,"column":87}},"type":"binary-expr","locations":[{"start":{"line":272,"column":26},"end":{"line":272,"column":57}},{"start":{"line":272,"column":61},"end":{"line":272,"column":87}}],"line":272},"43":{"loc":{"start":{"line":273,"column":31},"end":{"line":273,"column":71}},"type":"cond-expr","locations":[{"start":{"line":273,"column":60},"end":{"line":273,"column":63}},{"start":{"line":273,"column":66},"end":{"line":273,"column":71}}],"line":273},"44":{"loc":{"start":{"line":286,"column":17},"end":{"line":298,"column":17}},"type":"binary-expr","locations":[{"start":{"line":286,"column":18},"end":{"line":286,"column":49}},{"start":{"line":286,"column":53},"end":{"line":286,"column":79}},{"start":{"line":287,"column":18},"end":{"line":297,"column":20}}],"line":286},"45":{"loc":{"start":{"line":301,"column":17},"end":{"line":315,"column":17}},"type":"binary-expr","locations":[{"start":{"line":301,"column":18},"end":{"line":301,"column":49}},{"start":{"line":301,"column":53},"end":{"line":301,"column":79}},{"start":{"line":302,"column":18},"end":{"line":314,"column":25}}],"line":301},"46":{"loc":{"start":{"line":308,"column":30},"end":{"line":308,"column":70}},"type":"cond-expr","locations":[{"start":{"line":308,"column":59},"end":{"line":308,"column":64}},{"start":{"line":308,"column":67},"end":{"line":308,"column":70}}],"line":308},"47":{"loc":{"start":{"line":318,"column":17},"end":{"line":331,"column":17}},"type":"binary-expr","locations":[{"start":{"line":318,"column":17},"end":{"line":318,"column":48}},{"start":{"line":318,"column":52},"end":{"line":318,"column":78}},{"start":{"line":319,"column":18},"end":{"line":330,"column":25}}],"line":318},"48":{"loc":{"start":{"line":342,"column":22},"end":{"line":342,"column":54}},"type":"cond-expr","locations":[{"start":{"line":342,"column":33},"end":{"line":342,"column":42}},{"start":{"line":342,"column":45},"end":{"line":342,"column":54}}],"line":342},"49":{"loc":{"start":{"line":353,"column":22},"end":{"line":353,"column":54}},"type":"cond-expr","locations":[{"start":{"line":353,"column":33},"end":{"line":353,"column":42}},{"start":{"line":353,"column":45},"end":{"line":353,"column":54}}],"line":353},"50":{"loc":{"start":{"line":367,"column":23},"end":{"line":367,"column":48}},"type":"cond-expr","locations":[{"start":{"line":367,"column":34},"end":{"line":367,"column":40}},{"start":{"line":367,"column":43},"end":{"line":367,"column":48}}],"line":367},"51":{"loc":{"start":{"line":383,"column":35},"end":{"line":383,"column":67}},"type":"cond-expr","locations":[{"start":{"line":383,"column":46},"end":{"line":383,"column":55}},{"start":{"line":383,"column":58},"end":{"line":383,"column":67}}],"line":383},"52":{"loc":{"start":{"line":385,"column":63},"end":{"line":385,"column":127}},"type":"cond-expr","locations":[{"start":{"line":385,"column":74},"end":{"line":385,"column":99}},{"start":{"line":385,"column":102},"end":{"line":385,"column":127}}],"line":385},"53":{"loc":{"start":{"line":396,"column":10},"end":{"line":398,"column":74}},"type":"cond-expr","locations":[{"start":{"line":397,"column":14},"end":{"line":397,"column":41}},{"start":{"line":398,"column":14},"end":{"line":398,"column":74}}],"line":396},"54":{"loc":{"start":{"line":399,"column":22},"end":{"line":399,"column":98}},"type":"cond-expr","locations":[{"start":{"line":399,"column":42},"end":{"line":399,"column":69}},{"start":{"line":399,"column":72},"end":{"line":399,"column":98}}],"line":399},"55":{"loc":{"start":{"line":401,"column":9},"end":{"line":430,"column":9}},"type":"binary-expr","locations":[{"start":{"line":401,"column":9},"end":{"line":401,"column":26}},{"start":{"line":402,"column":10},"end":{"line":429,"column":16}}],"line":401},"56":{"loc":{"start":{"line":414,"column":41},"end":{"line":414,"column":85}},"type":"cond-expr","locations":[{"start":{"line":414,"column":52},"end":{"line":414,"column":67}},{"start":{"line":414,"column":70},"end":{"line":414,"column":85}}],"line":414},"57":{"loc":{"start":{"line":421,"column":16},"end":{"line":423,"column":62}},"type":"cond-expr","locations":[{"start":{"line":422,"column":20},"end":{"line":422,"column":62}},{"start":{"line":423,"column":20},"end":{"line":423,"column":62}}],"line":421}},"s":{"0":0,"1":0,"2":0,"3":0,"4":0,"5":0,"6":0,"7":0,"8":0,"9":0,"10":0,"11":0,"12":0,"13":0,"14":0,"15":0,"16":0,"17":0,"18":0,"19":0,"20":0,"21":0,"22":0,"23":0,"24":0,"25":0,"26":0,"27":0,"28":0,"29":0,"30":0,"31":0,"32":0,"33":0,"34":0,"35":0,"36":0,"37":0,"38":0,"39":0,"40":0,"41":0,"42":0,"43":0,"44":0,"45":0,"46":0,"47":0,"48":0,"49":0,"50":0,"51":0,"52":0,"53":0,"54":0,"55":0,"56":0,"57":0},"f":{"0":0,"1":0,"2":0,"3":0,"4":0,"5":0,"6":0,"7":0,"8":0,"9":0,"10":0,"11":0,"12":0,"13":0,"14":0,"15":0,"16":0,"17":0,"18":0,"19":0,"20":0,"21":0,"22":0,"23":0,"24":0,"25":0},"b":{"0":[0,0],"1":[0,0],"2":[0,0],"3":[0,0],"4":[0,0],"5":[0,0],"6":[0,0],"7":[0,0],"8":[0,0],"9":[0,0],"10":[0,0],"11":[0,0],"12":[0,0],"13":[0,0],"14":[0,0],"15":[0,0],"16":[0,0],"17":[0,0],"18":[0,0],"19":[0,0],"20":[0,0],"21":[0,0],"22":[0,0],"23":[0,0],"24":[0,0],"25":[0,0],"26":[0,0],"27":[0,0],"28":[0,0],"29":[0,0],"30":[0,0],"31":[0,0],"32":[0,0],"33":[0,0],"34":[0,0],"35":[0,0],"36":[0,0],"37":[0,0],"38":[0,0],"39":[0,0],"40":[0,0],"41":[0,0],"42":[0,0],"43":[0,0],"44":[0,0,0],"45":[0,0,0],"46":[0,0],"47":[0,0,0],"48":[0,0],"49":[0,0],"50":[0,0],"51":[0,0],"52":[0,0],"53":[0,0],"54":[0,0],"55":[0,0],"56":[0,0],"57":[0,0]}}
,"C:\\Users\\Wimukthi Dilshan\\Desktop\\my 2025 project\\frontend assignment\\my-project\\src\\context\\AuthContext.jsx": {"path":"C:\\Users\\Wimukthi Dilshan\\Desktop\\my 2025 project\\frontend assignment\\my-project\\src\\context\\AuthContext.jsx","statementMap":{"0":{"start":{"line":3,"column":20},"end":{"line":3,"column":35}},"1":{"start":{"line":5,"column":28},"end":{"line":59,"column":1}},"2":{"start":{"line":6,"column":26},"end":{"line":6,"column":40}},"3":{"start":{"line":7,"column":32},"end":{"line":7,"column":46}},"4":{"start":{"line":10,"column":2},"end":{"line":40,"column":9}},"5":{"start":{"line":11,"column":26},"end":{"line":37,"column":5}},"6":{"start":{"line":12,"column":6},"end":{"line":36,"column":7}},"7":{"start":{"line":13,"column":25},"end":{"line":13,"column":57}},"8":{"start":{"line":15,"column":8},"end":{"line":31,"column":9}},"9":{"start":{"line":16,"column":29},"end":{"line":16,"column":49}},"10":{"start":{"line":19,"column":27},"end":{"line":23,"column":12}},"11":{"start":{"line":25,"column":10},"end":{"line":30,"column":11}},"12":{"start":{"line":26,"column":12},"end":{"line":26,"column":32}},"13":{"start":{"line":29,"column":12},"end":{"line":29,"column":48}},"14":{"start":{"line":33,"column":8},"end":{"line":33,"column":63}},"15":{"start":{"line":35,"column":8},"end":{"line":35,"column":26}},"16":{"start":{"line":39,"column":4},"end":{"line":39,"column":20}},"17":{"start":{"line":43,"column":16},"end":{"line":46,"column":3}},"18":{"start":{"line":44,"column":4},"end":{"line":44,"column":63}},"19":{"start":{"line":45,"column":4},"end":{"line":45,"column":22}},"20":{"start":{"line":49,"column":17},"end":{"line":52,"column":3}},"21":{"start":{"line":50,"column":4},"end":{"line":50,"column":40}},"22":{"start":{"line":51,"column":4},"end":{"line":51,"column":18}},"23":{"start":{"line":54,"column":2},"end":{"line":58,"column":4}},"24":{"start":{"line":62,"column":23},"end":{"line":64,"column":1}},"25":{"start":{"line":63,"column":2},"end":{"line":63,"column":33}}},"fnMap":{"0":{"name":"(anonymous_0)","decl":{"start":{"line":5,"column":28},"end":{"line":5,"column":29}},"loc":{"start":{"line":5,"column":46},"end":{"line":59,"column":1}},"line":5},"1":{"name":"(anonymous_1)","decl":{"start":{"line":10,"column":12},"end":{"line":10,"column":13}},"loc":{"start":{"line":10,"column":18},"end":{"line":40,"column":3}},"line":10},"2":{"name":"(anonymous_2)","decl":{"start":{"line":11,"column":26},"end":{"line":11,"column":27}},"loc":{"start":{"line":11,"column":38},"end":{"line":37,"column":5}},"line":11},"3":{"name":"(anonymous_3)","decl":{"start":{"line":43,"column":16},"end":{"line":43,"column":17}},"loc":{"start":{"line":43,"column":30},"end":{"line":46,"column":3}},"line":43},"4":{"name":"(anonymous_4)","decl":{"start":{"line":49,"column":17},"end":{"line":49,"column":18}},"loc":{"start":{"line":49,"column":23},"end":{"line":52,"column":3}},"line":49},"5":{"name":"(anonymous_5)","decl":{"start":{"line":62,"column":23},"end":{"line":62,"column":24}},"loc":{"start":{"line":62,"column":29},"end":{"line":64,"column":1}},"line":62}},"branchMap":{"0":{"loc":{"start":{"line":15,"column":8},"end":{"line":31,"column":9}},"type":"if","locations":[{"start":{"line":15,"column":8},"end":{"line":31,"column":9}},{"start":{},"end":{}}],"line":15},"1":{"loc":{"start":{"line":25,"column":10},"end":{"line":30,"column":11}},"type":"if","locations":[{"start":{"line":25,"column":10},"end":{"line":30,"column":11}},{"start":{"line":27,"column":17},"end":{"line":30,"column":11}}],"line":25}},"s":{"0":1,"1":1,"2":8,"3":8,"4":8,"5":4,"6":4,"7":4,"8":4,"9":0,"10":0,"11":0,"12":0,"13":0,"14":0,"15":4,"16":4,"17":8,"18":0,"19":0,"20":8,"21":0,"22":0,"23":8,"24":1,"25":0},"f":{"0":8,"1":4,"2":4,"3":0,"4":0,"5":0},"b":{"0":[0,4],"1":[0,0]},"_coverageSchema":"1a1c01bbd47fc00a2c39e90264f33305004495a9","hash":"e39217cd734e0f84957aab6b3687a095ebd3fc06"}
}
