{"C:\\Users\\Wimukthi Dilshan\\Desktop\\test add\\frontend assignment\\my-project\\src\\App.jsx": {"path":"C:\\Users\\Wimukthi Dilshan\\Desktop\\test add\\frontend assignment\\my-project\\src\\App.jsx","statementMap":{"0":{"start":{"line":17,"column":19},"end":{"line":17,"column":32}},"1":{"start":{"line":18,"column":36},"end":{"line":18,"column":48}},"2":{"start":{"line":19,"column":52},"end":{"line":19,"column":64}},"3":{"start":{"line":20,"column":66},"end":{"line":20,"column":84}},"4":{"start":{"line":21,"column":38},"end":{"line":21,"column":50}},"5":{"start":{"line":22,"column":46},"end":{"line":22,"column":58}},"6":{"start":{"line":23,"column":48},"end":{"line":23,"column":85}},"7":{"start":{"line":24,"column":30},"end":{"line":24,"column":46}},"8":{"start":{"line":25,"column":48},"end":{"line":25,"column":62}},"9":{"start":{"line":26,"column":32},"end":{"line":26,"column":46}},"10":{"start":{"line":27,"column":28},"end":{"line":27,"column":42}},"11":{"start":{"line":28,"column":34},"end":{"line":28,"column":49}},"12":{"start":{"line":29,"column":36},"end":{"line":29,"column":48}},"13":{"start":{"line":30,"column":40},"end":{"line":30,"column":55}},"14":{"start":{"line":31,"column":54},"end":{"line":31,"column":66}},"15":{"start":{"line":34,"column":2},"end":{"line":53,"column":9}},"16":{"start":{"line":35,"column":26},"end":{"line":35,"column":58}},"17":{"start":{"line":36,"column":4},"end":{"line":52,"column":5}},"18":{"start":{"line":37,"column":25},"end":{"line":37,"column":50}},"19":{"start":{"line":38,"column":6},"end":{"line":38,"column":30}},"20":{"start":{"line":39,"column":6},"end":{"line":43,"column":7}},"21":{"start":{"line":40,"column":8},"end":{"line":40,"column":55}},"22":{"start":{"line":42,"column":8},"end":{"line":42,"column":58}},"23":{"start":{"line":46,"column":26},"end":{"line":46,"column":83}},"24":{"start":{"line":47,"column":6},"end":{"line":47,"column":31}},"25":{"start":{"line":48,"column":6},"end":{"line":50,"column":7}},"26":{"start":{"line":49,"column":8},"end":{"line":49,"column":55}},"27":{"start":{"line":51,"column":6},"end":{"line":51,"column":68}},"28":{"start":{"line":56,"column":2},"end":{"line":63,"column":9}},"29":{"start":{"line":57,"column":4},"end":{"line":57,"column":23}},"30":{"start":{"line":59,"column":27},"end":{"line":59,"column":60}},"31":{"start":{"line":60,"column":4},"end":{"line":62,"column":5}},"32":{"start":{"line":61,"column":6},"end":{"line":61,"column":46}},"33":{"start":{"line":66,"column":2},"end":{"line":68,"column":17}},"34":{"start":{"line":67,"column":4},"end":{"line":67,"column":64}},"35":{"start":{"line":71,"column":28},"end":{"line":86,"column":3}},"36":{"start":{"line":72,"column":4},"end":{"line":85,"column":5}},"37":{"start":{"line":73,"column":6},"end":{"line":73,"column":22}},"38":{"start":{"line":74,"column":6},"end":{"line":74,"column":20}},"39":{"start":{"line":75,"column":23},"end":{"line":75,"column":72}},"40":{"start":{"line":76,"column":6},"end":{"line":76,"column":68}},"41":{"start":{"line":76,"column":24},"end":{"line":76,"column":68}},"42":{"start":{"line":77,"column":19},"end":{"line":77,"column":40}},"43":{"start":{"line":78,"column":6},"end":{"line":78,"column":24}},"44":{"start":{"line":79,"column":6},"end":{"line":79,"column":32}},"45":{"start":{"line":80,"column":6},"end":{"line":80,"column":23}},"46":{"start":{"line":82,"column":6},"end":{"line":82,"column":55}},"47":{"start":{"line":83,"column":6},"end":{"line":83,"column":29}},"48":{"start":{"line":84,"column":6},"end":{"line":84,"column":23}},"49":{"start":{"line":88,"column":23},"end":{"line":99,"column":3}},"50":{"start":{"line":89,"column":4},"end":{"line":89,"column":23}},"51":{"start":{"line":90,"column":4},"end":{"line":93,"column":5}},"52":{"start":{"line":91,"column":6},"end":{"line":91,"column":37}},"53":{"start":{"line":92,"column":6},"end":{"line":92,"column":12}},"54":{"start":{"line":94,"column":21},"end":{"line":97,"column":5}},"55":{"start":{"line":95,"column":6},"end":{"line":96,"column":70}},"56":{"start":{"line":98,"column":4},"end":{"line":98,"column":34}},"57":{"start":{"line":102,"column":25},"end":{"line":121,"column":3}},"58":{"start":{"line":103,"column":4},"end":{"line":106,"column":5}},"59":{"start":{"line":104,"column":6},"end":{"line":104,"column":37}},"60":{"start":{"line":105,"column":6},"end":{"line":105,"column":12}},"61":{"start":{"line":107,"column":4},"end":{"line":120,"column":5}},"62":{"start":{"line":108,"column":6},"end":{"line":108,"column":22}},"63":{"start":{"line":109,"column":6},"end":{"line":109,"column":20}},"64":{"start":{"line":110,"column":23},"end":{"line":110,"column":85}},"65":{"start":{"line":111,"column":6},"end":{"line":111,"column":59}},"66":{"start":{"line":111,"column":24},"end":{"line":111,"column":59}},"67":{"start":{"line":112,"column":19},"end":{"line":112,"column":40}},"68":{"start":{"line":113,"column":6},"end":{"line":113,"column":32}},"69":{"start":{"line":114,"column":6},"end":{"line":114,"column":23}},"70":{"start":{"line":116,"column":6},"end":{"line":116,"column":56}},"71":{"start":{"line":117,"column":6},"end":{"line":117,"column":29}},"72":{"start":{"line":118,"column":6},"end":{"line":118,"column":30}},"73":{"start":{"line":119,"column":6},"end":{"line":119,"column":23}},"74":{"start":{"line":123,"column":29},"end":{"line":126,"column":3}},"75":{"start":{"line":124,"column":4},"end":{"line":124,"column":29}},"76":{"start":{"line":125,"column":4},"end":{"line":125,"column":26}},"77":{"start":{"line":128,"column":33},"end":{"line":131,"column":3}},"78":{"start":{"line":129,"column":4},"end":{"line":129,"column":29}},"79":{"start":{"line":130,"column":4},"end":{"line":130,"column":59}},"80":{"start":{"line":133,"column":21},"end":{"line":136,"column":3}},"81":{"start":{"line":134,"column":4},"end":{"line":134,"column":19}},"82":{"start":{"line":135,"column":4},"end":{"line":135,"column":67}},"83":{"start":{"line":138,"column":23},"end":{"line":179,"column":3}},"84":{"start":{"line":139,"column":19},"end":{"line":139,"column":33}},"85":{"start":{"line":142,"column":4},"end":{"line":148,"column":5}},"86":{"start":{"line":143,"column":26},"end":{"line":143,"column":46}},"87":{"start":{"line":144,"column":6},"end":{"line":147,"column":7}},"88":{"start":{"line":145,"column":8},"end":{"line":146,"column":65}},"89":{"start":{"line":151,"column":4},"end":{"line":153,"column":5}},"90":{"start":{"line":152,"column":6},"end":{"line":152,"column":70}},"91":{"start":{"line":152,"column":44},"end":{"line":152,"column":69}},"92":{"start":{"line":156,"column":4},"end":{"line":159,"column":5}},"93":{"start":{"line":157,"column":6},"end":{"line":158,"column":42}},"94":{"start":{"line":162,"column":4},"end":{"line":176,"column":6}},"95":{"start":{"line":163,"column":24},"end":{"line":163,"column":67}},"96":{"start":{"line":164,"column":25},"end":{"line":164,"column":54}},"97":{"start":{"line":166,"column":6},"end":{"line":168,"column":7}},"98":{"start":{"line":167,"column":8},"end":{"line":167,"column":70}},"99":{"start":{"line":169,"column":6},"end":{"line":171,"column":7}},"100":{"start":{"line":170,"column":8},"end":{"line":170,"column":57}},"101":{"start":{"line":172,"column":6},"end":{"line":174,"column":7}},"102":{"start":{"line":173,"column":8},"end":{"line":173,"column":59}},"103":{"start":{"line":175,"column":6},"end":{"line":175,"column":14}},"104":{"start":{"line":178,"column":4},"end":{"line":178,"column":34}},"105":{"start":{"line":182,"column":27},"end":{"line":205,"column":3}},"106":{"start":{"line":183,"column":4},"end":{"line":204,"column":5}},"107":{"start":{"line":184,"column":6},"end":{"line":184,"column":22}},"108":{"start":{"line":185,"column":6},"end":{"line":185,"column":20}},"109":{"start":{"line":186,"column":23},"end":{"line":186,"column":82}},"110":{"start":{"line":187,"column":6},"end":{"line":187,"column":60}},"111":{"start":{"line":187,"column":24},"end":{"line":187,"column":60}},"112":{"start":{"line":188,"column":19},"end":{"line":188,"column":40}},"113":{"start":{"line":192,"column":26},"end":{"line":192,"column":62}},"114":{"start":{"line":194,"column":6},"end":{"line":194,"column":37}},"115":{"start":{"line":197,"column":6},"end":{"line":197,"column":35}},"116":{"start":{"line":199,"column":6},"end":{"line":199,"column":23}},"117":{"start":{"line":201,"column":6},"end":{"line":201,"column":61}},"118":{"start":{"line":202,"column":6},"end":{"line":202,"column":29}},"119":{"start":{"line":203,"column":6},"end":{"line":203,"column":23}},"120":{"start":{"line":207,"column":29},"end":{"line":211,"column":3}},"121":{"start":{"line":208,"column":4},"end":{"line":208,"column":32}},"122":{"start":{"line":210,"column":4},"end":{"line":210,"column":41}},"123":{"start":{"line":213,"column":21},"end":{"line":218,"column":3}},"124":{"start":{"line":214,"column":4},"end":{"line":214,"column":29}},"125":{"start":{"line":215,"column":4},"end":{"line":215,"column":26}},"126":{"start":{"line":216,"column":4},"end":{"line":216,"column":30}},"127":{"start":{"line":217,"column":4},"end":{"line":217,"column":22}},"128":{"start":{"line":220,"column":25},"end":{"line":231,"column":3}},"129":{"start":{"line":221,"column":24},"end":{"line":221,"column":33}},"130":{"start":{"line":222,"column":4},"end":{"line":222,"column":29}},"131":{"start":{"line":223,"column":4},"end":{"line":223,"column":66}},"132":{"start":{"line":226,"column":4},"end":{"line":230,"column":5}},"133":{"start":{"line":227,"column":6},"end":{"line":227,"column":53}},"134":{"start":{"line":229,"column":6},"end":{"line":229,"column":56}},"135":{"start":{"line":233,"column":25},"end":{"line":240,"column":3}},"136":{"start":{"line":234,"column":23},"end":{"line":234,"column":71}},"137":{"start":{"line":234,"column":45},"end":{"line":234,"column":70}},"138":{"start":{"line":235,"column":4},"end":{"line":239,"column":5}},"139":{"start":{"line":236,"column":6},"end":{"line":236,"column":70}},"140":{"start":{"line":236,"column":43},"end":{"line":236,"column":68}},"141":{"start":{"line":238,"column":6},"end":{"line":238,"column":43}},"142":{"start":{"line":242,"column":28},"end":{"line":251,"column":3}},"143":{"start":{"line":243,"column":27},"end":{"line":243,"column":39}},"144":{"start":{"line":244,"column":4},"end":{"line":244,"column":34}},"145":{"start":{"line":245,"column":4},"end":{"line":250,"column":5}},"146":{"start":{"line":247,"column":6},"end":{"line":247,"column":57}},"147":{"start":{"line":249,"column":6},"end":{"line":249,"column":31}},"148":{"start":{"line":253,"column":23},"end":{"line":257,"column":3}},"149":{"start":{"line":254,"column":4},"end":{"line":256,"column":5}},"150":{"start":{"line":254,"column":71},"end":{"line":254,"column":94}},"151":{"start":{"line":255,"column":6},"end":{"line":255,"column":61}},"152":{"start":{"line":259,"column":28},"end":{"line":261,"column":3}},"153":{"start":{"line":260,"column":4},"end":{"line":260,"column":81}},"154":{"start":{"line":260,"column":57},"end":{"line":260,"column":79}},"155":{"start":{"line":264,"column":30},"end":{"line":301,"column":3}},"156":{"start":{"line":265,"column":4},"end":{"line":265,"column":33}},"157":{"start":{"line":265,"column":27},"end":{"line":265,"column":33}},"158":{"start":{"line":267,"column":19},"end":{"line":267,"column":33}},"159":{"start":{"line":270,"column":4},"end":{"line":272,"column":5}},"160":{"start":{"line":271,"column":6},"end":{"line":271,"column":77}},"161":{"start":{"line":271,"column":44},"end":{"line":271,"column":76}},"162":{"start":{"line":275,"column":4},"end":{"line":278,"column":5}},"163":{"start":{"line":276,"column":6},"end":{"line":277,"column":48}},"164":{"start":{"line":281,"column":4},"end":{"line":295,"column":6}},"165":{"start":{"line":282,"column":24},"end":{"line":282,"column":88}},"166":{"start":{"line":283,"column":25},"end":{"line":283,"column":61}},"167":{"start":{"line":285,"column":6},"end":{"line":287,"column":7}},"168":{"start":{"line":286,"column":8},"end":{"line":286,"column":70}},"169":{"start":{"line":288,"column":6},"end":{"line":290,"column":7}},"170":{"start":{"line":289,"column":8},"end":{"line":289,"column":57}},"171":{"start":{"line":291,"column":6},"end":{"line":293,"column":7}},"172":{"start":{"line":292,"column":8},"end":{"line":292,"column":59}},"173":{"start":{"line":294,"column":6},"end":{"line":294,"column":14}},"174":{"start":{"line":298,"column":31},"end":{"line":298,"column":60}},"175":{"start":{"line":299,"column":4},"end":{"line":299,"column":40}},"176":{"start":{"line":300,"column":4},"end":{"line":300,"column":51}},"177":{"start":{"line":304,"column":2},"end":{"line":313,"column":9}},"178":{"start":{"line":306,"column":17},"end":{"line":306,"column":41}},"179":{"start":{"line":307,"column":4},"end":{"line":312,"column":5}},"180":{"start":{"line":308,"column":26},"end":{"line":308,"column":47}},"181":{"start":{"line":309,"column":6},"end":{"line":311,"column":7}},"182":{"start":{"line":310,"column":8},"end":{"line":310,"column":38}},"183":{"start":{"line":315,"column":2},"end":{"line":768,"column":4}},"184":{"start":{"line":358,"column":77},"end":{"line":358,"column":91}},"185":{"start":{"line":391,"column":49},"end":{"line":391,"column":60}},"186":{"start":{"line":393,"column":52},"end":{"line":401,"column":31}},"187":{"start":{"line":403,"column":52},"end":{"line":403,"column":77}},"188":{"start":{"line":404,"column":30},"end":{"line":404,"column":64}},"189":{"start":{"line":407,"column":51},"end":{"line":407,"column":80}},"190":{"start":{"line":408,"column":30},"end":{"line":408,"column":165}},"191":{"start":{"line":409,"column":30},"end":{"line":409,"column":94}},"192":{"start":{"line":410,"column":30},"end":{"line":410,"column":70}},"193":{"start":{"line":413,"column":30},"end":{"line":418,"column":39}},"194":{"start":{"line":414,"column":32},"end":{"line":414,"column":110}},"195":{"start":{"line":415,"column":32},"end":{"line":417,"column":40}},"196":{"start":{"line":416,"column":34},"end":{"line":416,"column":74}},"197":{"start":{"line":428,"column":28},"end":{"line":474,"column":34}},"198":{"start":{"line":437,"column":34},"end":{"line":463,"column":40}},"199":{"start":{"line":444,"column":69},"end":{"line":444,"column":93}},"200":{"start":{"line":448,"column":51},"end":{"line":448,"column":72}},"201":{"start":{"line":506,"column":32},"end":{"line":523,"column":37}},"202":{"start":{"line":515,"column":53},"end":{"line":515,"column":84}},"203":{"start":{"line":532,"column":32},"end":{"line":534,"column":37}},"204":{"start":{"line":540,"column":32},"end":{"line":542,"column":37}},"205":{"start":{"line":548,"column":32},"end":{"line":550,"column":37}},"206":{"start":{"line":557,"column":32},"end":{"line":559,"column":37}},"207":{"start":{"line":565,"column":32},"end":{"line":567,"column":37}},"208":{"start":{"line":573,"column":32},"end":{"line":577,"column":37}},"209":{"start":{"line":575,"column":81},"end":{"line":575,"column":106}},"210":{"start":{"line":583,"column":32},"end":{"line":587,"column":37}},"211":{"start":{"line":615,"column":54},"end":{"line":615,"column":87}},"212":{"start":{"line":616,"column":44},"end":{"line":616,"column":75}},"213":{"start":{"line":620,"column":42},"end":{"line":620,"column":71}},"214":{"start":{"line":661,"column":24},"end":{"line":679,"column":30}},"215":{"start":{"line":672,"column":43},"end":{"line":672,"column":74}},"216":{"start":{"line":690,"column":32},"end":{"line":692,"column":37}},"217":{"start":{"line":700,"column":32},"end":{"line":702,"column":37}},"218":{"start":{"line":708,"column":32},"end":{"line":710,"column":37}},"219":{"start":{"line":716,"column":32},"end":{"line":718,"column":37}},"220":{"start":{"line":724,"column":32},"end":{"line":726,"column":37}},"221":{"start":{"line":732,"column":32},"end":{"line":734,"column":37}},"222":{"start":{"line":733,"column":99},"end":{"line":733,"column":105}},"223":{"start":{"line":740,"column":32},"end":{"line":742,"column":37}},"224":{"start":{"line":772,"column":2},"end":{"line":778,"column":3}},"225":{"start":{"line":783,"column":26},"end":{"line":783,"column":35}},"226":{"start":{"line":784,"column":19},"end":{"line":784,"column":32}},"227":{"start":{"line":787,"column":2},"end":{"line":789,"column":3}},"228":{"start":{"line":788,"column":4},"end":{"line":788,"column":43}},"229":{"start":{"line":791,"column":22},"end":{"line":794,"column":3}},"230":{"start":{"line":792,"column":4},"end":{"line":792,"column":20}},"231":{"start":{"line":793,"column":4},"end":{"line":793,"column":22}},"232":{"start":{"line":796,"column":2},"end":{"line":796,"column":41}}},"fnMap":{"0":{"name":"AppContent","decl":{"start":{"line":16,"column":9},"end":{"line":16,"column":19}},"loc":{"start":{"line":16,"column":22},"end":{"line":769,"column":1}},"line":16},"1":{"name":"(anonymous_1)","decl":{"start":{"line":34,"column":12},"end":{"line":34,"column":13}},"loc":{"start":{"line":34,"column":18},"end":{"line":53,"column":3}},"line":34},"2":{"name":"(anonymous_2)","decl":{"start":{"line":56,"column":12},"end":{"line":56,"column":13}},"loc":{"start":{"line":56,"column":18},"end":{"line":63,"column":3}},"line":56},"3":{"name":"(anonymous_3)","decl":{"start":{"line":66,"column":12},"end":{"line":66,"column":13}},"loc":{"start":{"line":66,"column":18},"end":{"line":68,"column":3}},"line":66},"4":{"name":"(anonymous_4)","decl":{"start":{"line":71,"column":28},"end":{"line":71,"column":29}},"loc":{"start":{"line":71,"column":40},"end":{"line":86,"column":3}},"line":71},"5":{"name":"(anonymous_5)","decl":{"start":{"line":88,"column":23},"end":{"line":88,"column":24}},"loc":{"start":{"line":88,"column":33},"end":{"line":99,"column":3}},"line":88},"6":{"name":"(anonymous_6)","decl":{"start":{"line":94,"column":38},"end":{"line":94,"column":39}},"loc":{"start":{"line":95,"column":6},"end":{"line":96,"column":70}},"line":95},"7":{"name":"(anonymous_7)","decl":{"start":{"line":102,"column":25},"end":{"line":102,"column":26}},"loc":{"start":{"line":102,"column":43},"end":{"line":121,"column":3}},"line":102},"8":{"name":"(anonymous_8)","decl":{"start":{"line":123,"column":29},"end":{"line":123,"column":30}},"loc":{"start":{"line":123,"column":41},"end":{"line":126,"column":3}},"line":123},"9":{"name":"(anonymous_9)","decl":{"start":{"line":128,"column":33},"end":{"line":128,"column":34}},"loc":{"start":{"line":128,"column":44},"end":{"line":131,"column":3}},"line":128},"10":{"name":"(anonymous_10)","decl":{"start":{"line":133,"column":21},"end":{"line":133,"column":22}},"loc":{"start":{"line":133,"column":31},"end":{"line":136,"column":3}},"line":133},"11":{"name":"(anonymous_11)","decl":{"start":{"line":138,"column":23},"end":{"line":138,"column":24}},"loc":{"start":{"line":138,"column":61},"end":{"line":179,"column":3}},"line":138},"12":{"name":"(anonymous_12)","decl":{"start":{"line":144,"column":33},"end":{"line":144,"column":34}},"loc":{"start":{"line":145,"column":8},"end":{"line":146,"column":65}},"line":145},"13":{"name":"(anonymous_13)","decl":{"start":{"line":152,"column":33},"end":{"line":152,"column":34}},"loc":{"start":{"line":152,"column":44},"end":{"line":152,"column":69}},"line":152},"14":{"name":"(anonymous_14)","decl":{"start":{"line":156,"column":31},"end":{"line":156,"column":32}},"loc":{"start":{"line":157,"column":6},"end":{"line":158,"column":42}},"line":157},"15":{"name":"(anonymous_15)","decl":{"start":{"line":162,"column":18},"end":{"line":162,"column":19}},"loc":{"start":{"line":162,"column":28},"end":{"line":176,"column":5}},"line":162},"16":{"name":"(anonymous_16)","decl":{"start":{"line":182,"column":27},"end":{"line":182,"column":28}},"loc":{"start":{"line":182,"column":43},"end":{"line":205,"column":3}},"line":182},"17":{"name":"(anonymous_17)","decl":{"start":{"line":207,"column":29},"end":{"line":207,"column":30}},"loc":{"start":{"line":207,"column":42},"end":{"line":211,"column":3}},"line":207},"18":{"name":"(anonymous_18)","decl":{"start":{"line":213,"column":21},"end":{"line":213,"column":22}},"loc":{"start":{"line":213,"column":27},"end":{"line":218,"column":3}},"line":213},"19":{"name":"(anonymous_19)","decl":{"start":{"line":220,"column":25},"end":{"line":220,"column":26}},"loc":{"start":{"line":220,"column":31},"end":{"line":231,"column":3}},"line":220},"20":{"name":"(anonymous_20)","decl":{"start":{"line":233,"column":25},"end":{"line":233,"column":26}},"loc":{"start":{"line":233,"column":38},"end":{"line":240,"column":3}},"line":233},"21":{"name":"(anonymous_21)","decl":{"start":{"line":234,"column":38},"end":{"line":234,"column":39}},"loc":{"start":{"line":234,"column":45},"end":{"line":234,"column":70}},"line":234},"22":{"name":"(anonymous_22)","decl":{"start":{"line":236,"column":36},"end":{"line":236,"column":37}},"loc":{"start":{"line":236,"column":43},"end":{"line":236,"column":68}},"line":236},"23":{"name":"(anonymous_23)","decl":{"start":{"line":242,"column":28},"end":{"line":242,"column":29}},"loc":{"start":{"line":242,"column":34},"end":{"line":251,"column":3}},"line":242},"24":{"name":"(anonymous_24)","decl":{"start":{"line":253,"column":23},"end":{"line":253,"column":24}},"loc":{"start":{"line":253,"column":36},"end":{"line":257,"column":3}},"line":253},"25":{"name":"(anonymous_25)","decl":{"start":{"line":254,"column":66},"end":{"line":254,"column":67}},"loc":{"start":{"line":254,"column":71},"end":{"line":254,"column":94}},"line":254},"26":{"name":"(anonymous_26)","decl":{"start":{"line":259,"column":28},"end":{"line":259,"column":29}},"loc":{"start":{"line":259,"column":45},"end":{"line":261,"column":3}},"line":259},"27":{"name":"(anonymous_27)","decl":{"start":{"line":260,"column":52},"end":{"line":260,"column":53}},"loc":{"start":{"line":260,"column":57},"end":{"line":260,"column":79}},"line":260},"28":{"name":"(anonymous_28)","decl":{"start":{"line":264,"column":30},"end":{"line":264,"column":31}},"loc":{"start":{"line":264,"column":49},"end":{"line":301,"column":3}},"line":264},"29":{"name":"(anonymous_29)","decl":{"start":{"line":271,"column":33},"end":{"line":271,"column":34}},"loc":{"start":{"line":271,"column":44},"end":{"line":271,"column":76}},"line":271},"30":{"name":"(anonymous_30)","decl":{"start":{"line":275,"column":31},"end":{"line":275,"column":32}},"loc":{"start":{"line":276,"column":6},"end":{"line":277,"column":48}},"line":276},"31":{"name":"(anonymous_31)","decl":{"start":{"line":281,"column":18},"end":{"line":281,"column":19}},"loc":{"start":{"line":281,"column":28},"end":{"line":295,"column":5}},"line":281},"32":{"name":"(anonymous_32)","decl":{"start":{"line":304,"column":12},"end":{"line":304,"column":13}},"loc":{"start":{"line":304,"column":18},"end":{"line":313,"column":3}},"line":304},"33":{"name":"(anonymous_33)","decl":{"start":{"line":358,"column":66},"end":{"line":358,"column":67}},"loc":{"start":{"line":358,"column":77},"end":{"line":358,"column":91}},"line":358},"34":{"name":"(anonymous_34)","decl":{"start":{"line":389,"column":43},"end":{"line":389,"column":44}},"loc":{"start":{"line":389,"column":55},"end":{"line":419,"column":29}},"line":389},"35":{"name":"(anonymous_35)","decl":{"start":{"line":413,"column":41},"end":{"line":413,"column":42}},"loc":{"start":{"line":413,"column":47},"end":{"line":418,"column":31}},"line":413},"36":{"name":"(anonymous_36)","decl":{"start":{"line":415,"column":43},"end":{"line":415,"column":44}},"loc":{"start":{"line":415,"column":49},"end":{"line":417,"column":33}},"line":415},"37":{"name":"(anonymous_37)","decl":{"start":{"line":427,"column":56},"end":{"line":427,"column":57}},"loc":{"start":{"line":428,"column":28},"end":{"line":474,"column":34}},"line":428},"38":{"name":"(anonymous_38)","decl":{"start":{"line":436,"column":47},"end":{"line":436,"column":48}},"loc":{"start":{"line":437,"column":34},"end":{"line":463,"column":40}},"line":437},"39":{"name":"(anonymous_39)","decl":{"start":{"line":444,"column":64},"end":{"line":444,"column":65}},"loc":{"start":{"line":444,"column":69},"end":{"line":444,"column":93}},"line":444},"40":{"name":"(anonymous_40)","decl":{"start":{"line":448,"column":45},"end":{"line":448,"column":46}},"loc":{"start":{"line":448,"column":51},"end":{"line":448,"column":72}},"line":448},"41":{"name":"(anonymous_41)","decl":{"start":{"line":505,"column":54},"end":{"line":505,"column":55}},"loc":{"start":{"line":506,"column":32},"end":{"line":523,"column":37}},"line":506},"42":{"name":"(anonymous_42)","decl":{"start":{"line":515,"column":47},"end":{"line":515,"column":48}},"loc":{"start":{"line":515,"column":53},"end":{"line":515,"column":84}},"line":515},"43":{"name":"(anonymous_43)","decl":{"start":{"line":531,"column":54},"end":{"line":531,"column":55}},"loc":{"start":{"line":532,"column":32},"end":{"line":534,"column":37}},"line":532},"44":{"name":"(anonymous_44)","decl":{"start":{"line":539,"column":54},"end":{"line":539,"column":55}},"loc":{"start":{"line":540,"column":32},"end":{"line":542,"column":37}},"line":540},"45":{"name":"(anonymous_45)","decl":{"start":{"line":547,"column":54},"end":{"line":547,"column":55}},"loc":{"start":{"line":548,"column":32},"end":{"line":550,"column":37}},"line":548},"46":{"name":"(anonymous_46)","decl":{"start":{"line":556,"column":54},"end":{"line":556,"column":55}},"loc":{"start":{"line":557,"column":32},"end":{"line":559,"column":37}},"line":557},"47":{"name":"(anonymous_47)","decl":{"start":{"line":564,"column":54},"end":{"line":564,"column":55}},"loc":{"start":{"line":565,"column":32},"end":{"line":567,"column":37}},"line":565},"48":{"name":"(anonymous_48)","decl":{"start":{"line":572,"column":54},"end":{"line":572,"column":55}},"loc":{"start":{"line":573,"column":32},"end":{"line":577,"column":37}},"line":573},"49":{"name":"(anonymous_49)","decl":{"start":{"line":575,"column":76},"end":{"line":575,"column":77}},"loc":{"start":{"line":575,"column":81},"end":{"line":575,"column":106}},"line":575},"50":{"name":"(anonymous_50)","decl":{"start":{"line":582,"column":54},"end":{"line":582,"column":55}},"loc":{"start":{"line":583,"column":32},"end":{"line":587,"column":37}},"line":583},"51":{"name":"(anonymous_51)","decl":{"start":{"line":615,"column":47},"end":{"line":615,"column":48}},"loc":{"start":{"line":615,"column":54},"end":{"line":615,"column":87}},"line":615},"52":{"name":"(anonymous_52)","decl":{"start":{"line":616,"column":38},"end":{"line":616,"column":39}},"loc":{"start":{"line":616,"column":44},"end":{"line":616,"column":75}},"line":616},"53":{"name":"(anonymous_53)","decl":{"start":{"line":620,"column":36},"end":{"line":620,"column":37}},"loc":{"start":{"line":620,"column":42},"end":{"line":620,"column":71}},"line":620},"54":{"name":"(anonymous_54)","decl":{"start":{"line":660,"column":46},"end":{"line":660,"column":47}},"loc":{"start":{"line":661,"column":24},"end":{"line":679,"column":30}},"line":661},"55":{"name":"(anonymous_55)","decl":{"start":{"line":672,"column":37},"end":{"line":672,"column":38}},"loc":{"start":{"line":672,"column":43},"end":{"line":672,"column":74}},"line":672},"56":{"name":"(anonymous_56)","decl":{"start":{"line":689,"column":54},"end":{"line":689,"column":55}},"loc":{"start":{"line":690,"column":32},"end":{"line":692,"column":37}},"line":690},"57":{"name":"(anonymous_57)","decl":{"start":{"line":699,"column":54},"end":{"line":699,"column":55}},"loc":{"start":{"line":700,"column":32},"end":{"line":702,"column":37}},"line":700},"58":{"name":"(anonymous_58)","decl":{"start":{"line":707,"column":54},"end":{"line":707,"column":55}},"loc":{"start":{"line":708,"column":32},"end":{"line":710,"column":37}},"line":708},"59":{"name":"(anonymous_59)","decl":{"start":{"line":715,"column":54},"end":{"line":715,"column":55}},"loc":{"start":{"line":716,"column":32},"end":{"line":718,"column":37}},"line":716},"60":{"name":"(anonymous_60)","decl":{"start":{"line":723,"column":54},"end":{"line":723,"column":55}},"loc":{"start":{"line":724,"column":32},"end":{"line":726,"column":37}},"line":724},"61":{"name":"(anonymous_61)","decl":{"start":{"line":731,"column":54},"end":{"line":731,"column":55}},"loc":{"start":{"line":732,"column":32},"end":{"line":734,"column":37}},"line":732},"62":{"name":"(anonymous_62)","decl":{"start":{"line":733,"column":94},"end":{"line":733,"column":95}},"loc":{"start":{"line":733,"column":99},"end":{"line":733,"column":105}},"line":733},"63":{"name":"(anonymous_63)","decl":{"start":{"line":739,"column":54},"end":{"line":739,"column":55}},"loc":{"start":{"line":740,"column":32},"end":{"line":742,"column":37}},"line":740},"64":{"name":"App","decl":{"start":{"line":771,"column":9},"end":{"line":771,"column":12}},"loc":{"start":{"line":771,"column":15},"end":{"line":779,"column":1}},"line":771},"65":{"name":"LoginWrapper","decl":{"start":{"line":782,"column":9},"end":{"line":782,"column":21}},"loc":{"start":{"line":782,"column":24},"end":{"line":797,"column":1}},"line":782},"66":{"name":"(anonymous_66)","decl":{"start":{"line":791,"column":22},"end":{"line":791,"column":23}},"loc":{"start":{"line":791,"column":36},"end":{"line":794,"column":3}},"line":791}},"branchMap":{"0":{"loc":{"start":{"line":36,"column":4},"end":{"line":52,"column":5}},"type":"if","locations":[{"start":{"line":36,"column":4},"end":{"line":52,"column":5}},{"start":{"line":44,"column":11},"end":{"line":52,"column":5}}],"line":36},"1":{"loc":{"start":{"line":39,"column":6},"end":{"line":43,"column":7}},"type":"if","locations":[{"start":{"line":39,"column":6},"end":{"line":43,"column":7}},{"start":{"line":41,"column":13},"end":{"line":43,"column":7}}],"line":39},"2":{"loc":{"start":{"line":48,"column":6},"end":{"line":50,"column":7}},"type":"if","locations":[{"start":{"line":48,"column":6},"end":{"line":50,"column":7}},{"start":{},"end":{}}],"line":48},"3":{"loc":{"start":{"line":60,"column":4},"end":{"line":62,"column":5}},"type":"if","locations":[{"start":{"line":60,"column":4},"end":{"line":62,"column":5}},{"start":{},"end":{}}],"line":60},"4":{"loc":{"start":{"line":76,"column":6},"end":{"line":76,"column":68}},"type":"if","locations":[{"start":{"line":76,"column":6},"end":{"line":76,"column":68}},{"start":{},"end":{}}],"line":76},"5":{"loc":{"start":{"line":90,"column":4},"end":{"line":93,"column":5}},"type":"if","locations":[{"start":{"line":90,"column":4},"end":{"line":93,"column":5}},{"start":{},"end":{}}],"line":90},"6":{"loc":{"start":{"line":95,"column":6},"end":{"line":96,"column":70}},"type":"binary-expr","locations":[{"start":{"line":95,"column":6},"end":{"line":95,"column":68}},{"start":{"line":96,"column":6},"end":{"line":96,"column":70}}],"line":95},"7":{"loc":{"start":{"line":103,"column":4},"end":{"line":106,"column":5}},"type":"if","locations":[{"start":{"line":103,"column":4},"end":{"line":106,"column":5}},{"start":{},"end":{}}],"line":103},"8":{"loc":{"start":{"line":111,"column":6},"end":{"line":111,"column":59}},"type":"if","locations":[{"start":{"line":111,"column":6},"end":{"line":111,"column":59}},{"start":{},"end":{}}],"line":111},"9":{"loc":{"start":{"line":142,"column":4},"end":{"line":148,"column":5}},"type":"if","locations":[{"start":{"line":142,"column":4},"end":{"line":148,"column":5}},{"start":{},"end":{}}],"line":142},"10":{"loc":{"start":{"line":145,"column":8},"end":{"line":146,"column":65}},"type":"binary-expr","locations":[{"start":{"line":145,"column":8},"end":{"line":145,"column":63}},{"start":{"line":146,"column":8},"end":{"line":146,"column":65}}],"line":145},"11":{"loc":{"start":{"line":151,"column":4},"end":{"line":153,"column":5}},"type":"if","locations":[{"start":{"line":151,"column":4},"end":{"line":153,"column":5}},{"start":{},"end":{}}],"line":151},"12":{"loc":{"start":{"line":157,"column":6},"end":{"line":158,"column":42}},"type":"binary-expr","locations":[{"start":{"line":157,"column":6},"end":{"line":157,"column":42}},{"start":{"line":158,"column":6},"end":{"line":158,"column":42}}],"line":157},"13":{"loc":{"start":{"line":163,"column":24},"end":{"line":163,"column":67}},"type":"cond-expr","locations":[{"start":{"line":163,"column":47},"end":{"line":163,"column":60}},{"start":{"line":163,"column":63},"end":{"line":163,"column":67}}],"line":163},"14":{"loc":{"start":{"line":164,"column":25},"end":{"line":164,"column":54}},"type":"cond-expr","locations":[{"start":{"line":164,"column":48},"end":{"line":164,"column":50}},{"start":{"line":164,"column":53},"end":{"line":164,"column":54}}],"line":164},"15":{"loc":{"start":{"line":166,"column":6},"end":{"line":168,"column":7}},"type":"if","locations":[{"start":{"line":166,"column":6},"end":{"line":168,"column":7}},{"start":{},"end":{}}],"line":166},"16":{"loc":{"start":{"line":169,"column":6},"end":{"line":171,"column":7}},"type":"if","locations":[{"start":{"line":169,"column":6},"end":{"line":171,"column":7}},{"start":{},"end":{}}],"line":169},"17":{"loc":{"start":{"line":172,"column":6},"end":{"line":174,"column":7}},"type":"if","locations":[{"start":{"line":172,"column":6},"end":{"line":174,"column":7}},{"start":{},"end":{}}],"line":172},"18":{"loc":{"start":{"line":173,"column":30},"end":{"line":173,"column":41}},"type":"binary-expr","locations":[{"start":{"line":173,"column":30},"end":{"line":173,"column":36}},{"start":{"line":173,"column":40},"end":{"line":173,"column":41}}],"line":173},"19":{"loc":{"start":{"line":173,"column":46},"end":{"line":173,"column":57}},"type":"binary-expr","locations":[{"start":{"line":173,"column":46},"end":{"line":173,"column":52}},{"start":{"line":173,"column":56},"end":{"line":173,"column":57}}],"line":173},"20":{"loc":{"start":{"line":187,"column":6},"end":{"line":187,"column":60}},"type":"if","locations":[{"start":{"line":187,"column":6},"end":{"line":187,"column":60}},{"start":{},"end":{}}],"line":187},"21":{"loc":{"start":{"line":192,"column":26},"end":{"line":192,"column":62}},"type":"cond-expr","locations":[{"start":{"line":192,"column":48},"end":{"line":192,"column":55}},{"start":{"line":192,"column":58},"end":{"line":192,"column":62}}],"line":192},"22":{"loc":{"start":{"line":226,"column":4},"end":{"line":230,"column":5}},"type":"if","locations":[{"start":{"line":226,"column":4},"end":{"line":230,"column":5}},{"start":{"line":228,"column":11},"end":{"line":230,"column":5}}],"line":226},"23":{"loc":{"start":{"line":235,"column":4},"end":{"line":239,"column":5}},"type":"if","locations":[{"start":{"line":235,"column":4},"end":{"line":239,"column":5}},{"start":{"line":237,"column":11},"end":{"line":239,"column":5}}],"line":235},"24":{"loc":{"start":{"line":245,"column":4},"end":{"line":250,"column":5}},"type":"if","locations":[{"start":{"line":245,"column":4},"end":{"line":250,"column":5}},{"start":{"line":248,"column":11},"end":{"line":250,"column":5}}],"line":245},"25":{"loc":{"start":{"line":254,"column":4},"end":{"line":256,"column":5}},"type":"if","locations":[{"start":{"line":254,"column":4},"end":{"line":256,"column":5}},{"start":{},"end":{}}],"line":254},"26":{"loc":{"start":{"line":254,"column":8},"end":{"line":254,"column":95}},"type":"binary-expr","locations":[{"start":{"line":254,"column":8},"end":{"line":254,"column":37}},{"start":{"line":254,"column":41},"end":{"line":254,"column":95}}],"line":254},"27":{"loc":{"start":{"line":265,"column":4},"end":{"line":265,"column":33}},"type":"if","locations":[{"start":{"line":265,"column":4},"end":{"line":265,"column":33}},{"start":{},"end":{}}],"line":265},"28":{"loc":{"start":{"line":270,"column":4},"end":{"line":272,"column":5}},"type":"if","locations":[{"start":{"line":270,"column":4},"end":{"line":272,"column":5}},{"start":{},"end":{}}],"line":270},"29":{"loc":{"start":{"line":276,"column":6},"end":{"line":277,"column":48}},"type":"binary-expr","locations":[{"start":{"line":276,"column":6},"end":{"line":276,"column":29}},{"start":{"line":277,"column":6},"end":{"line":277,"column":48}}],"line":276},"30":{"loc":{"start":{"line":282,"column":24},"end":{"line":282,"column":88}},"type":"cond-expr","locations":[{"start":{"line":282,"column":54},"end":{"line":282,"column":74}},{"start":{"line":282,"column":77},"end":{"line":282,"column":88}}],"line":282},"31":{"loc":{"start":{"line":283,"column":25},"end":{"line":283,"column":61}},"type":"cond-expr","locations":[{"start":{"line":283,"column":55},"end":{"line":283,"column":57}},{"start":{"line":283,"column":60},"end":{"line":283,"column":61}}],"line":283},"32":{"loc":{"start":{"line":285,"column":6},"end":{"line":287,"column":7}},"type":"if","locations":[{"start":{"line":285,"column":6},"end":{"line":287,"column":7}},{"start":{},"end":{}}],"line":285},"33":{"loc":{"start":{"line":288,"column":6},"end":{"line":290,"column":7}},"type":"if","locations":[{"start":{"line":288,"column":6},"end":{"line":290,"column":7}},{"start":{},"end":{}}],"line":288},"34":{"loc":{"start":{"line":291,"column":6},"end":{"line":293,"column":7}},"type":"if","locations":[{"start":{"line":291,"column":6},"end":{"line":293,"column":7}},{"start":{},"end":{}}],"line":291},"35":{"loc":{"start":{"line":292,"column":30},"end":{"line":292,"column":41}},"type":"binary-expr","locations":[{"start":{"line":292,"column":30},"end":{"line":292,"column":36}},{"start":{"line":292,"column":40},"end":{"line":292,"column":41}}],"line":292},"36":{"loc":{"start":{"line":292,"column":46},"end":{"line":292,"column":57}},"type":"binary-expr","locations":[{"start":{"line":292,"column":46},"end":{"line":292,"column":52}},{"start":{"line":292,"column":56},"end":{"line":292,"column":57}}],"line":292},"37":{"loc":{"start":{"line":307,"column":4},"end":{"line":312,"column":5}},"type":"if","locations":[{"start":{"line":307,"column":4},"end":{"line":312,"column":5}},{"start":{},"end":{}}],"line":307},"38":{"loc":{"start":{"line":309,"column":6},"end":{"line":311,"column":7}},"type":"if","locations":[{"start":{"line":309,"column":6},"end":{"line":311,"column":7}},{"start":{},"end":{}}],"line":309},"39":{"loc":{"start":{"line":309,"column":10},"end":{"line":309,"column":41}},"type":"binary-expr","locations":[{"start":{"line":309,"column":10},"end":{"line":309,"column":21}},{"start":{"line":309,"column":25},"end":{"line":309,"column":41}}],"line":309},"40":{"loc":{"start":{"line":316,"column":20},"end":{"line":316,"column":42}},"type":"cond-expr","locations":[{"start":{"line":316,"column":31},"end":{"line":316,"column":37}},{"start":{"line":316,"column":40},"end":{"line":316,"column":42}}],"line":316},"41":{"loc":{"start":{"line":339,"column":24},"end":{"line":343,"column":75}},"type":"cond-expr","locations":[{"start":{"line":340,"column":28},"end":{"line":340,"column":70}},{"start":{"line":341,"column":28},"end":{"line":343,"column":75}}],"line":339},"42":{"loc":{"start":{"line":341,"column":28},"end":{"line":343,"column":75}},"type":"cond-expr","locations":[{"start":{"line":342,"column":30},"end":{"line":342,"column":72}},{"start":{"line":343,"column":30},"end":{"line":343,"column":75}}],"line":341},"43":{"loc":{"start":{"line":346,"column":23},"end":{"line":346,"column":78}},"type":"cond-expr","locations":[{"start":{"line":346,"column":37},"end":{"line":346,"column":56}},{"start":{"line":346,"column":59},"end":{"line":346,"column":78}}],"line":346},"44":{"loc":{"start":{"line":352,"column":23},"end":{"line":354,"column":23}},"type":"binary-expr","locations":[{"start":{"line":352,"column":23},"end":{"line":352,"column":35}},{"start":{"line":353,"column":24},"end":{"line":353,"column":105}}],"line":352},"45":{"loc":{"start":{"line":374,"column":19},"end":{"line":492,"column":19}},"type":"cond-expr","locations":[{"start":{"line":375,"column":20},"end":{"line":377,"column":26}},{"start":{"line":378,"column":22},"end":{"line":492,"column":19}}],"line":374},"46":{"loc":{"start":{"line":378,"column":22},"end":{"line":492,"column":19}},"type":"cond-expr","locations":[{"start":{"line":379,"column":20},"end":{"line":381,"column":26}},{"start":{"line":383,"column":20},"end":{"line":491,"column":23}}],"line":378},"47":{"loc":{"start":{"line":385,"column":23},"end":{"line":422,"column":23}},"type":"binary-expr","locations":[{"start":{"line":385,"column":23},"end":{"line":385,"column":35}},{"start":{"line":386,"column":24},"end":{"line":421,"column":30}}],"line":385},"48":{"loc":{"start":{"line":424,"column":23},"end":{"line":490,"column":23}},"type":"cond-expr","locations":[{"start":{"line":426,"column":24},"end":{"line":476,"column":30}},{"start":{"line":479,"column":24},"end":{"line":489,"column":26}}],"line":424},"49":{"loc":{"start":{"line":430,"column":33},"end":{"line":432,"column":61}},"type":"cond-expr","locations":[{"start":{"line":431,"column":34},"end":{"line":431,"column":87}},{"start":{"line":432,"column":34},"end":{"line":432,"column":61}}],"line":430},"50":{"loc":{"start":{"line":440,"column":40},"end":{"line":442,"column":76}},"type":"cond-expr","locations":[{"start":{"line":441,"column":42},"end":{"line":441,"column":77}},{"start":{"line":442,"column":42},"end":{"line":442,"column":76}}],"line":440},"51":{"loc":{"start":{"line":444,"column":40},"end":{"line":445,"column":114}},"type":"cond-expr","locations":[{"start":{"line":445,"column":40},"end":{"line":445,"column":109}},{"start":{"line":445,"column":112},"end":{"line":445,"column":114}}],"line":444},"52":{"loc":{"start":{"line":465,"column":33},"end":{"line":472,"column":33}},"type":"binary-expr","locations":[{"start":{"line":465,"column":33},"end":{"line":465,"column":55}},{"start":{"line":466,"column":34},"end":{"line":471,"column":40}}],"line":465},"53":{"loc":{"start":{"line":495,"column":19},"end":{"line":594,"column":19}},"type":"binary-expr","locations":[{"start":{"line":495,"column":19},"end":{"line":495,"column":30}},{"start":{"line":495,"column":34},"end":{"line":495,"column":65}},{"start":{"line":496,"column":20},"end":{"line":593,"column":26}}],"line":495},"54":{"loc":{"start":{"line":541,"column":35},"end":{"line":541,"column":96}},"type":"cond-expr","locations":[{"start":{"line":541,"column":50},"end":{"line":541,"column":88}},{"start":{"line":541,"column":91},"end":{"line":541,"column":96}}],"line":541},"55":{"loc":{"start":{"line":558,"column":35},"end":{"line":558,"column":87}},"type":"cond-expr","locations":[{"start":{"line":558,"column":53},"end":{"line":558,"column":79}},{"start":{"line":558,"column":82},"end":{"line":558,"column":87}}],"line":558},"56":{"loc":{"start":{"line":566,"column":35},"end":{"line":566,"column":106}},"type":"cond-expr","locations":[{"start":{"line":566,"column":55},"end":{"line":566,"column":98}},{"start":{"line":566,"column":101},"end":{"line":566,"column":106}}],"line":566},"57":{"loc":{"start":{"line":574,"column":35},"end":{"line":576,"column":43}},"type":"cond-expr","locations":[{"start":{"line":575,"column":38},"end":{"line":575,"column":118}},{"start":{"line":576,"column":38},"end":{"line":576,"column":43}}],"line":574},"58":{"loc":{"start":{"line":584,"column":35},"end":{"line":586,"column":43}},"type":"cond-expr","locations":[{"start":{"line":585,"column":38},"end":{"line":585,"column":100}},{"start":{"line":586,"column":38},"end":{"line":586,"column":43}}],"line":584},"59":{"loc":{"start":{"line":603,"column":17},"end":{"line":626,"column":17}},"type":"cond-expr","locations":[{"start":{"line":604,"column":18},"end":{"line":606,"column":24}},{"start":{"line":607,"column":20},"end":{"line":626,"column":17}}],"line":603},"60":{"loc":{"start":{"line":607,"column":20},"end":{"line":626,"column":17}},"type":"cond-expr","locations":[{"start":{"line":608,"column":18},"end":{"line":610,"column":24}},{"start":{"line":611,"column":20},"end":{"line":626,"column":17}}],"line":607},"61":{"loc":{"start":{"line":611,"column":20},"end":{"line":626,"column":17}},"type":"cond-expr","locations":[{"start":{"line":612,"column":18},"end":{"line":621,"column":20}},{"start":{"line":623,"column":18},"end":{"line":625,"column":24}}],"line":611},"62":{"loc":{"start":{"line":635,"column":17},"end":{"line":651,"column":17}},"type":"cond-expr","locations":[{"start":{"line":636,"column":18},"end":{"line":638,"column":24}},{"start":{"line":640,"column":18},"end":{"line":650,"column":20}}],"line":635},"63":{"loc":{"start":{"line":654,"column":17},"end":{"line":750,"column":17}},"type":"binary-expr","locations":[{"start":{"line":654,"column":17},"end":{"line":654,"column":28}},{"start":{"line":654,"column":32},"end":{"line":654,"column":61}},{"start":{"line":655,"column":18},"end":{"line":749,"column":24}}],"line":654},"64":{"loc":{"start":{"line":683,"column":21},"end":{"line":748,"column":21}},"type":"binary-expr","locations":[{"start":{"line":683,"column":21},"end":{"line":683,"column":52}},{"start":{"line":684,"column":22},"end":{"line":747,"column":28}}],"line":683},"65":{"loc":{"start":{"line":709,"column":35},"end":{"line":709,"column":96}},"type":"cond-expr","locations":[{"start":{"line":709,"column":50},"end":{"line":709,"column":88}},{"start":{"line":709,"column":91},"end":{"line":709,"column":96}}],"line":709},"66":{"loc":{"start":{"line":725,"column":35},"end":{"line":725,"column":64}},"type":"binary-expr","locations":[{"start":{"line":725,"column":35},"end":{"line":725,"column":55}},{"start":{"line":725,"column":59},"end":{"line":725,"column":64}}],"line":725},"67":{"loc":{"start":{"line":733,"column":35},"end":{"line":733,"column":125}},"type":"cond-expr","locations":[{"start":{"line":733,"column":56},"end":{"line":733,"column":117}},{"start":{"line":733,"column":120},"end":{"line":733,"column":125}}],"line":733},"68":{"loc":{"start":{"line":741,"column":35},"end":{"line":741,"column":106}},"type":"cond-expr","locations":[{"start":{"line":741,"column":55},"end":{"line":741,"column":98}},{"start":{"line":741,"column":101},"end":{"line":741,"column":106}}],"line":741},"69":{"loc":{"start":{"line":756,"column":22},"end":{"line":756,"column":85}},"type":"cond-expr","locations":[{"start":{"line":756,"column":36},"end":{"line":756,"column":65}},{"start":{"line":756,"column":68},"end":{"line":756,"column":85}}],"line":756},"70":{"loc":{"start":{"line":759,"column":21},"end":{"line":759,"column":76}},"type":"cond-expr","locations":[{"start":{"line":759,"column":35},"end":{"line":759,"column":54}},{"start":{"line":759,"column":57},"end":{"line":759,"column":76}}],"line":759},"71":{"loc":{"start":{"line":787,"column":2},"end":{"line":789,"column":3}},"type":"if","locations":[{"start":{"line":787,"column":2},"end":{"line":789,"column":3}},{"start":{},"end":{}}],"line":787}},"s":{"0":0,"1":0,"2":0,"3":0,"4":0,"5":0,"6":0,"7":0,"8":0,"9":0,"10":0,"11":0,"12":0,"13":0,"14":0,"15":0,"16":0,"17":0,"18":0,"19":0,"20":0,"21":0,"22":0,"23":0,"24":0,"25":0,"26":0,"27":0,"28":0,"29":0,"30":0,"31":0,"32":0,"33":0,"34":0,"35":0,"36":0,"37":0,"38":0,"39":0,"40":0,"41":0,"42":0,"43":0,"44":0,"45":0,"46":0,"47":0,"48":0,"49":0,"50":0,"51":0,"52":0,"53":0,"54":0,"55":0,"56":0,"57":0,"58":0,"59":0,"60":0,"61":0,"62":0,"63":0,"64":0,"65":0,"66":0,"67":0,"68":0,"69":0,"70":0,"71":0,"72":0,"73":0,"74":0,"75":0,"76":0,"77":0,"78":0,"79":0,"80":0,"81":0,"82":0,"83":0,"84":0,"85":0,"86":0,"87":0,"88":0,"89":0,"90":0,"91":0,"92":0,"93":0,"94":0,"95":0,"96":0,"97":0,"98":0,"99":0,"100":0,"101":0,"102":0,"103":0,"104":0,"105":0,"106":0,"107":0,"108":0,"109":0,"110":0,"111":0,"112":0,"113":0,"114":0,"115":0,"116":0,"117":0,"118":0,"119":0,"120":0,"121":0,"122":0,"123":0,"124":0,"125":0,"126":0,"127":0,"128":0,"129":0,"130":0,"131":0,"132":0,"133":0,"134":0,"135":0,"136":0,"137":0,"138":0,"139":0,"140":0,"141":0,"142":0,"143":0,"144":0,"145":0,"146":0,"147":0,"148":0,"149":0,"150":0,"151":0,"152":0,"153":0,"154":0,"155":0,"156":0,"157":0,"158":0,"159":0,"160":0,"161":0,"162":0,"163":0,"164":0,"165":0,"166":0,"167":0,"168":0,"169":0,"170":0,"171":0,"172":0,"173":0,"174":0,"175":0,"176":0,"177":0,"178":0,"179":0,"180":0,"181":0,"182":0,"183":0,"184":0,"185":0,"186":0,"187":0,"188":0,"189":0,"190":0,"191":0,"192":0,"193":0,"194":0,"195":0,"196":0,"197":0,"198":0,"199":0,"200":0,"201":0,"202":0,"203":0,"204":0,"205":0,"206":0,"207":0,"208":0,"209":0,"210":0,"211":0,"212":0,"213":0,"214":0,"215":0,"216":0,"217":0,"218":0,"219":0,"220":0,"221":0,"222":0,"223":0,"224":0,"225":0,"226":0,"227":0,"228":0,"229":0,"230":0,"231":0,"232":0},"f":{"0":0,"1":0,"2":0,"3":0,"4":0,"5":0,"6":0,"7":0,"8":0,"9":0,"10":0,"11":0,"12":0,"13":0,"14":0,"15":0,"16":0,"17":0,"18":0,"19":0,"20":0,"21":0,"22":0,"23":0,"24":0,"25":0,"26":0,"27":0,"28":0,"29":0,"30":0,"31":0,"32":0,"33":0,"34":0,"35":0,"36":0,"37":0,"38":0,"39":0,"40":0,"41":0,"42":0,"43":0,"44":0,"45":0,"46":0,"47":0,"48":0,"49":0,"50":0,"51":0,"52":0,"53":0,"54":0,"55":0,"56":0,"57":0,"58":0,"59":0,"60":0,"61":0,"62":0,"63":0,"64":0,"65":0,"66":0},"b":{"0":[0,0],"1":[0,0],"2":[0,0],"3":[0,0],"4":[0,0],"5":[0,0],"6":[0,0],"7":[0,0],"8":[0,0],"9":[0,0],"10":[0,0],"11":[0,0],"12":[0,0],"13":[0,0],"14":[0,0],"15":[0,0],"16":[0,0],"17":[0,0],"18":[0,0],"19":[0,0],"20":[0,0],"21":[0,0],"22":[0,0],"23":[0,0],"24":[0,0],"25":[0,0],"26":[0,0],"27":[0,0],"28":[0,0],"29":[0,0],"30":[0,0],"31":[0,0],"32":[0,0],"33":[0,0],"34":[0,0],"35":[0,0],"36":[0,0],"37":[0,0],"38":[0,0],"39":[0,0],"40":[0,0],"41":[0,0],"42":[0,0],"43":[0,0],"44":[0,0],"45":[0,0],"46":[0,0],"47":[0,0],"48":[0,0],"49":[0,0],"50":[0,0],"51":[0,0],"52":[0,0],"53":[0,0,0],"54":[0,0],"55":[0,0],"56":[0,0],"57":[0,0],"58":[0,0],"59":[0,0],"60":[0,0],"61":[0,0],"62":[0,0],"63":[0,0,0],"64":[0,0],"65":[0,0],"66":[0,0],"67":[0,0],"68":[0,0],"69":[0,0],"70":[0,0],"71":[0,0]}}
,"C:\\Users\\Wimukthi Dilshan\\Desktop\\test add\\frontend assignment\\my-project\\src\\components\\CountryCard.jsx": {"path":"C:\\Users\\Wimukthi Dilshan\\Desktop\\test add\\frontend assignment\\my-project\\src\\components\\CountryCard.jsx","statementMap":{"0":{"start":{"line":2,"column":30},"end":{"line":5,"column":3}},"1":{"start":{"line":3,"column":4},"end":{"line":3,"column":23}},"2":{"start":{"line":4,"column":4},"end":{"line":4,"column":29}},"3":{"start":{"line":8,"column":25},"end":{"line":8,"column":37}},"4":{"start":{"line":10,"column":2},"end":{"line":204,"column":3}},"5":{"start":{"line":13,"column":21},"end":{"line":13,"column":37}},"6":{"start":{"line":137,"column":14},"end":{"line":137,"column":34}},"7":{"start":{"line":138,"column":14},"end":{"line":138,"column":31}},"8":{"start":{"line":164,"column":14},"end":{"line":164,"column":34}},"9":{"start":{"line":165,"column":14},"end":{"line":165,"column":31}}},"fnMap":{"0":{"name":"CountryCard","decl":{"start":{"line":1,"column":9},"end":{"line":1,"column":20}},"loc":{"start":{"line":1,"column":115},"end":{"line":205,"column":1}},"line":1},"1":{"name":"(anonymous_1)","decl":{"start":{"line":2,"column":30},"end":{"line":2,"column":31}},"loc":{"start":{"line":2,"column":37},"end":{"line":5,"column":3}},"line":2},"2":{"name":"(anonymous_2)","decl":{"start":{"line":13,"column":15},"end":{"line":13,"column":16}},"loc":{"start":{"line":13,"column":21},"end":{"line":13,"column":37}},"line":13},"3":{"name":"(anonymous_3)","decl":{"start":{"line":136,"column":21},"end":{"line":136,"column":22}},"loc":{"start":{"line":136,"column":28},"end":{"line":139,"column":13}},"line":136},"4":{"name":"(anonymous_4)","decl":{"start":{"line":163,"column":21},"end":{"line":163,"column":22}},"loc":{"start":{"line":163,"column":28},"end":{"line":166,"column":13}},"line":163}},"branchMap":{"0":{"loc":{"start":{"line":15,"column":8},"end":{"line":17,"column":115}},"type":"cond-expr","locations":[{"start":{"line":16,"column":12},"end":{"line":16,"column":138}},{"start":{"line":17,"column":12},"end":{"line":17,"column":115}}],"line":15},"1":{"loc":{"start":{"line":18,"column":10},"end":{"line":18,"column":50}},"type":"cond-expr","locations":[{"start":{"line":18,"column":23},"end":{"line":18,"column":45}},{"start":{"line":18,"column":48},"end":{"line":18,"column":50}}],"line":18},"2":{"loc":{"start":{"line":27,"column":8},"end":{"line":29,"column":407}},"type":"cond-expr","locations":[{"start":{"line":28,"column":12},"end":{"line":28,"column":406}},{"start":{"line":29,"column":12},"end":{"line":29,"column":407}}],"line":27},"3":{"loc":{"start":{"line":38,"column":12},"end":{"line":38,"column":56}},"type":"cond-expr","locations":[{"start":{"line":38,"column":23},"end":{"line":38,"column":51}},{"start":{"line":38,"column":54},"end":{"line":38,"column":56}}],"line":38},"4":{"loc":{"start":{"line":48,"column":11},"end":{"line":75,"column":11}},"type":"binary-expr","locations":[{"start":{"line":48,"column":11},"end":{"line":48,"column":23}},{"start":{"line":49,"column":12},"end":{"line":74,"column":21}}],"line":48},"5":{"loc":{"start":{"line":52,"column":16},"end":{"line":56,"column":64}},"type":"cond-expr","locations":[{"start":{"line":53,"column":20},"end":{"line":53,"column":59}},{"start":{"line":54,"column":20},"end":{"line":56,"column":64}}],"line":52},"6":{"loc":{"start":{"line":54,"column":20},"end":{"line":56,"column":64}},"type":"cond-expr","locations":[{"start":{"line":55,"column":22},"end":{"line":55,"column":67}},{"start":{"line":56,"column":22},"end":{"line":56,"column":64}}],"line":54},"7":{"loc":{"start":{"line":58,"column":26},"end":{"line":58,"column":83}},"type":"cond-expr","locations":[{"start":{"line":58,"column":39},"end":{"line":58,"column":62}},{"start":{"line":58,"column":65},"end":{"line":58,"column":83}}],"line":58},"8":{"loc":{"start":{"line":78,"column":11},"end":{"line":100,"column":11}},"type":"binary-expr","locations":[{"start":{"line":78,"column":11},"end":{"line":78,"column":22}},{"start":{"line":79,"column":12},"end":{"line":99,"column":18}}],"line":78},"9":{"loc":{"start":{"line":80,"column":14},"end":{"line":84,"column":67}},"type":"cond-expr","locations":[{"start":{"line":81,"column":18},"end":{"line":81,"column":42}},{"start":{"line":82,"column":18},"end":{"line":84,"column":67}}],"line":80},"10":{"loc":{"start":{"line":82,"column":18},"end":{"line":84,"column":67}},"type":"cond-expr","locations":[{"start":{"line":83,"column":20},"end":{"line":83,"column":70}},{"start":{"line":84,"column":20},"end":{"line":84,"column":67}}],"line":82},"11":{"loc":{"start":{"line":90,"column":15},"end":{"line":98,"column":15}},"type":"cond-expr","locations":[{"start":{"line":91,"column":16},"end":{"line":93,"column":22}},{"start":{"line":95,"column":16},"end":{"line":97,"column":22}}],"line":90},"12":{"loc":{"start":{"line":106,"column":49},"end":{"line":106,"column":90}},"type":"cond-expr","locations":[{"start":{"line":106,"column":60},"end":{"line":106,"column":72}},{"start":{"line":106,"column":75},"end":{"line":106,"column":90}}],"line":106},"13":{"loc":{"start":{"line":114,"column":45},"end":{"line":114,"column":89}},"type":"cond-expr","locations":[{"start":{"line":114,"column":56},"end":{"line":114,"column":71}},{"start":{"line":114,"column":74},"end":{"line":114,"column":89}}],"line":114},"14":{"loc":{"start":{"line":129,"column":13},"end":{"line":129,"column":42}},"type":"binary-expr","locations":[{"start":{"line":129,"column":13},"end":{"line":129,"column":33}},{"start":{"line":129,"column":37},"end":{"line":129,"column":42}}],"line":129},"15":{"loc":{"start":{"line":134,"column":9},"end":{"line":158,"column":9}},"type":"binary-expr","locations":[{"start":{"line":134,"column":9},"end":{"line":134,"column":21}},{"start":{"line":135,"column":10},"end":{"line":157,"column":19}}],"line":134},"16":{"loc":{"start":{"line":141,"column":14},"end":{"line":143,"column":63}},"type":"cond-expr","locations":[{"start":{"line":142,"column":18},"end":{"line":142,"column":60}},{"start":{"line":143,"column":18},"end":{"line":143,"column":63}}],"line":141},"17":{"loc":{"start":{"line":161,"column":9},"end":{"line":198,"column":9}},"type":"binary-expr","locations":[{"start":{"line":161,"column":9},"end":{"line":161,"column":20}},{"start":{"line":162,"column":10},"end":{"line":197,"column":19}}],"line":161},"18":{"loc":{"start":{"line":168,"column":14},"end":{"line":174,"column":106}},"type":"cond-expr","locations":[{"start":{"line":169,"column":18},"end":{"line":171,"column":62}},{"start":{"line":172,"column":18},"end":{"line":174,"column":106}}],"line":168},"19":{"loc":{"start":{"line":169,"column":18},"end":{"line":171,"column":62}},"type":"cond-expr","locations":[{"start":{"line":170,"column":20},"end":{"line":170,"column":62}},{"start":{"line":171,"column":20},"end":{"line":171,"column":62}}],"line":169},"20":{"loc":{"start":{"line":172,"column":18},"end":{"line":174,"column":106}},"type":"cond-expr","locations":[{"start":{"line":173,"column":20},"end":{"line":173,"column":85}},{"start":{"line":174,"column":20},"end":{"line":174,"column":106}}],"line":172},"21":{"loc":{"start":{"line":182,"column":13},"end":{"line":196,"column":13}},"type":"cond-expr","locations":[{"start":{"line":183,"column":14},"end":{"line":188,"column":20}},{"start":{"line":190,"column":14},"end":{"line":195,"column":20}}],"line":182}},"s":{"0":9,"1":1,"2":1,"3":9,"4":9,"5":1,"6":0,"7":0,"8":0,"9":0},"f":{"0":9,"1":1,"2":1,"3":0,"4":0},"b":{"0":[1,8],"1":[1,8],"2":[1,8],"3":[1,8],"4":[9,7],"5":[1,6],"6":[1,5],"7":[1,6],"8":[9,2],"9":[1,1],"10":[0,1],"11":[1,1],"12":[1,8],"13":[1,8],"14":[9,1],"15":[9,7],"16":[1,6],"17":[9,2],"18":[1,1],"19":[0,1],"20":[0,1],"21":[1,1]},"_coverageSchema":"1a1c01bbd47fc00a2c39e90264f33305004495a9","hash":"1b3202f3b271c15f4304306de2d530f0b39023de"}
,"C:\\Users\\Wimukthi Dilshan\\Desktop\\test add\\frontend assignment\\my-project\\src\\components\\CountryDetail.jsx": {"path":"C:\\Users\\Wimukthi Dilshan\\Desktop\\test add\\frontend assignment\\my-project\\src\\components\\CountryDetail.jsx","statementMap":{"0":{"start":{"line":2,"column":20},"end":{"line":2,"column":77}},"1":{"start":{"line":3,"column":21},"end":{"line":3,"column":80}},"2":{"start":{"line":5,"column":2},"end":{"line":178,"column":3}},"3":{"start":{"line":140,"column":46},"end":{"line":140,"column":59}},"4":{"start":{"line":154,"column":18},"end":{"line":166,"column":27}},"5":{"start":{"line":157,"column":22},"end":{"line":157,"column":63}},"6":{"start":{"line":157,"column":41},"end":{"line":157,"column":63}}},"fnMap":{"0":{"name":"CountryDetail","decl":{"start":{"line":1,"column":9},"end":{"line":1,"column":22}},"loc":{"start":{"line":1,"column":128},"end":{"line":179,"column":1}},"line":1},"1":{"name":"(anonymous_1)","decl":{"start":{"line":140,"column":32},"end":{"line":140,"column":33}},"loc":{"start":{"line":140,"column":46},"end":{"line":140,"column":59}},"line":140},"2":{"name":"(anonymous_2)","decl":{"start":{"line":153,"column":36},"end":{"line":153,"column":37}},"loc":{"start":{"line":154,"column":18},"end":{"line":166,"column":27}},"line":154},"3":{"name":"(anonymous_3)","decl":{"start":{"line":156,"column":29},"end":{"line":156,"column":30}},"loc":{"start":{"line":156,"column":35},"end":{"line":158,"column":21}},"line":156}},"branchMap":{"0":{"loc":{"start":{"line":2,"column":20},"end":{"line":2,"column":77}},"type":"cond-expr","locations":[{"start":{"line":2,"column":40},"end":{"line":2,"column":72}},{"start":{"line":2,"column":75},"end":{"line":2,"column":77}}],"line":2},"1":{"loc":{"start":{"line":3,"column":21},"end":{"line":3,"column":80}},"type":"cond-expr","locations":[{"start":{"line":3,"column":42},"end":{"line":3,"column":75}},{"start":{"line":3,"column":78},"end":{"line":3,"column":80}}],"line":3},"2":{"loc":{"start":{"line":7,"column":6},"end":{"line":9,"column":75}},"type":"cond-expr","locations":[{"start":{"line":8,"column":10},"end":{"line":8,"column":79}},{"start":{"line":9,"column":10},"end":{"line":9,"column":75}}],"line":7},"3":{"loc":{"start":{"line":13,"column":8},"end":{"line":15,"column":407}},"type":"cond-expr","locations":[{"start":{"line":14,"column":12},"end":{"line":14,"column":406}},{"start":{"line":15,"column":12},"end":{"line":15,"column":407}}],"line":13},"4":{"loc":{"start":{"line":22,"column":12},"end":{"line":24,"column":61}},"type":"cond-expr","locations":[{"start":{"line":23,"column":16},"end":{"line":23,"column":78}},{"start":{"line":24,"column":16},"end":{"line":24,"column":61}}],"line":22},"5":{"loc":{"start":{"line":43,"column":11},"end":{"line":66,"column":11}},"type":"binary-expr","locations":[{"start":{"line":43,"column":11},"end":{"line":43,"column":23}},{"start":{"line":44,"column":12},"end":{"line":65,"column":21}}],"line":43},"6":{"loc":{"start":{"line":47,"column":16},"end":{"line":51,"column":67}},"type":"cond-expr","locations":[{"start":{"line":48,"column":20},"end":{"line":48,"column":59}},{"start":{"line":49,"column":20},"end":{"line":51,"column":67}}],"line":47},"7":{"loc":{"start":{"line":49,"column":20},"end":{"line":51,"column":67}},"type":"cond-expr","locations":[{"start":{"line":50,"column":22},"end":{"line":50,"column":67}},{"start":{"line":51,"column":22},"end":{"line":51,"column":67}}],"line":49},"8":{"loc":{"start":{"line":53,"column":26},"end":{"line":53,"column":83}},"type":"cond-expr","locations":[{"start":{"line":53,"column":39},"end":{"line":53,"column":62}},{"start":{"line":53,"column":65},"end":{"line":53,"column":83}}],"line":53},"9":{"loc":{"start":{"line":67,"column":11},"end":{"line":92,"column":11}},"type":"binary-expr","locations":[{"start":{"line":67,"column":11},"end":{"line":67,"column":23}},{"start":{"line":68,"column":12},"end":{"line":91,"column":21}}],"line":67},"10":{"loc":{"start":{"line":71,"column":16},"end":{"line":73,"column":65}},"type":"cond-expr","locations":[{"start":{"line":72,"column":20},"end":{"line":72,"column":65}},{"start":{"line":73,"column":20},"end":{"line":73,"column":65}}],"line":71},"11":{"loc":{"start":{"line":102,"column":14},"end":{"line":102,"column":58}},"type":"cond-expr","locations":[{"start":{"line":102,"column":25},"end":{"line":102,"column":53}},{"start":{"line":102,"column":56},"end":{"line":102,"column":58}}],"line":102},"12":{"loc":{"start":{"line":125,"column":17},"end":{"line":125,"column":43}},"type":"binary-expr","locations":[{"start":{"line":125,"column":17},"end":{"line":125,"column":34}},{"start":{"line":125,"column":38},"end":{"line":125,"column":43}}],"line":125},"13":{"loc":{"start":{"line":129,"column":17},"end":{"line":129,"column":46}},"type":"binary-expr","locations":[{"start":{"line":129,"column":17},"end":{"line":129,"column":37}},{"start":{"line":129,"column":41},"end":{"line":129,"column":46}}],"line":129},"14":{"loc":{"start":{"line":136,"column":17},"end":{"line":136,"column":49}},"type":"binary-expr","locations":[{"start":{"line":136,"column":17},"end":{"line":136,"column":40}},{"start":{"line":136,"column":44},"end":{"line":136,"column":49}}],"line":136},"15":{"loc":{"start":{"line":140,"column":17},"end":{"line":140,"column":80}},"type":"binary-expr","locations":[{"start":{"line":140,"column":17},"end":{"line":140,"column":71}},{"start":{"line":140,"column":75},"end":{"line":140,"column":80}}],"line":140},"16":{"loc":{"start":{"line":144,"column":17},"end":{"line":144,"column":46}},"type":"binary-expr","locations":[{"start":{"line":144,"column":17},"end":{"line":144,"column":37}},{"start":{"line":144,"column":41},"end":{"line":144,"column":46}}],"line":144},"17":{"loc":{"start":{"line":152,"column":15},"end":{"line":172,"column":15}},"type":"cond-expr","locations":[{"start":{"line":153,"column":16},"end":{"line":167,"column":18}},{"start":{"line":169,"column":16},"end":{"line":171,"column":23}}],"line":152},"18":{"loc":{"start":{"line":157,"column":22},"end":{"line":157,"column":63}},"type":"if","locations":[{"start":{"line":157,"column":22},"end":{"line":157,"column":63}},{"start":{},"end":{}}],"line":157},"19":{"loc":{"start":{"line":160,"column":22},"end":{"line":162,"column":87}},"type":"cond-expr","locations":[{"start":{"line":161,"column":26},"end":{"line":161,"column":84}},{"start":{"line":162,"column":26},"end":{"line":162,"column":87}}],"line":160},"20":{"loc":{"start":{"line":169,"column":36},"end":{"line":169,"column":80}},"type":"cond-expr","locations":[{"start":{"line":169,"column":47},"end":{"line":169,"column":62}},{"start":{"line":169,"column":65},"end":{"line":169,"column":80}}],"line":169}},"s":{"0":0,"1":0,"2":0,"3":0,"4":0,"5":0,"6":0},"f":{"0":0,"1":0,"2":0,"3":0},"b":{"0":[0,0],"1":[0,0],"2":[0,0],"3":[0,0],"4":[0,0],"5":[0,0],"6":[0,0],"7":[0,0],"8":[0,0],"9":[0,0],"10":[0,0],"11":[0,0],"12":[0,0],"13":[0,0],"14":[0,0],"15":[0,0],"16":[0,0],"17":[0,0],"18":[0,0],"19":[0,0],"20":[0,0]}}
,"C:\\Users\\Wimukthi Dilshan\\Desktop\\test add\\frontend assignment\\my-project\\src\\components\\CountryList.jsx": {"path":"C:\\Users\\Wimukthi Dilshan\\Desktop\\test add\\frontend assignment\\my-project\\src\\components\\CountryList.jsx","statementMap":{"0":{"start":{"line":15,"column":40},"end":{"line":15,"column":51}},"1":{"start":{"line":16,"column":50},"end":{"line":16,"column":62}},"2":{"start":{"line":17,"column":36},"end":{"line":17,"column":51}},"3":{"start":{"line":18,"column":50},"end":{"line":18,"column":62}},"4":{"start":{"line":21,"column":21},"end":{"line":21,"column":67}},"5":{"start":{"line":22,"column":29},"end":{"line":22,"column":59}},"6":{"start":{"line":23,"column":30},"end":{"line":23,"column":67}},"7":{"start":{"line":26,"column":2},"end":{"line":37,"column":72}},"8":{"start":{"line":27,"column":4},"end":{"line":27,"column":23}},"9":{"start":{"line":28,"column":4},"end":{"line":28,"column":28}},"10":{"start":{"line":31,"column":18},"end":{"line":34,"column":11}},"11":{"start":{"line":32,"column":6},"end":{"line":32,"column":84}},"12":{"start":{"line":33,"column":6},"end":{"line":33,"column":26}},"13":{"start":{"line":36,"column":4},"end":{"line":36,"column":37}},"14":{"start":{"line":36,"column":17},"end":{"line":36,"column":36}},"15":{"start":{"line":39,"column":26},"end":{"line":51,"column":3}},"16":{"start":{"line":40,"column":4},"end":{"line":50,"column":5}},"17":{"start":{"line":42,"column":6},"end":{"line":46,"column":7}},"18":{"start":{"line":42,"column":61},"end":{"line":42,"column":84}},"19":{"start":{"line":43,"column":8},"end":{"line":43,"column":42}},"20":{"start":{"line":44,"column":13},"end":{"line":46,"column":7}},"21":{"start":{"line":45,"column":8},"end":{"line":45,"column":32}},"22":{"start":{"line":49,"column":6},"end":{"line":49,"column":30}},"23":{"start":{"line":53,"column":19},"end":{"line":64,"column":3}},"24":{"start":{"line":55,"column":4},"end":{"line":55,"column":88}},"25":{"start":{"line":55,"column":81},"end":{"line":55,"column":88}},"26":{"start":{"line":57,"column":4},"end":{"line":57,"column":23}},"27":{"start":{"line":58,"column":4},"end":{"line":58,"column":28}},"28":{"start":{"line":61,"column":4},"end":{"line":63,"column":12}},"29":{"start":{"line":62,"column":6},"end":{"line":62,"column":33}},"30":{"start":{"line":67,"column":29},"end":{"line":77,"column":3}},"31":{"start":{"line":68,"column":16},"end":{"line":68,"column":44}},"32":{"start":{"line":69,"column":14},"end":{"line":69,"column":45}},"33":{"start":{"line":72,"column":4},"end":{"line":74,"column":5}},"34":{"start":{"line":73,"column":6},"end":{"line":73,"column":35}},"35":{"start":{"line":76,"column":4},"end":{"line":76,"column":72}},"36":{"start":{"line":76,"column":61},"end":{"line":76,"column":70}},"37":{"start":{"line":79,"column":2},"end":{"line":233,"column":3}},"38":{"start":{"line":85,"column":10},"end":{"line":98,"column":12}},"39":{"start":{"line":88,"column":27},"end":{"line":88,"column":51}},"40":{"start":{"line":90,"column":47},"end":{"line":90,"column":72}},"41":{"start":{"line":92,"column":14},"end":{"line":92,"column":34}},"42":{"start":{"line":93,"column":14},"end":{"line":93,"column":40}},"43":{"start":{"line":96,"column":54},"end":{"line":96,"column":77}},"44":{"start":{"line":112,"column":29},"end":{"line":112,"column":54}},"45":{"start":{"line":130,"column":33},"end":{"line":130,"column":44}},"46":{"start":{"line":152,"column":14},"end":{"line":164,"column":23}},"47":{"start":{"line":154,"column":31},"end":{"line":154,"column":51}},"48":{"start":{"line":180,"column":33},"end":{"line":180,"column":53}},"49":{"start":{"line":193,"column":29},"end":{"line":193,"column":54}},"50":{"start":{"line":214,"column":16},"end":{"line":214,"column":60}},"51":{"start":{"line":215,"column":16},"end":{"line":215,"column":34}}},"fnMap":{"0":{"name":"CountryList","decl":{"start":{"line":4,"column":9},"end":{"line":4,"column":20}},"loc":{"start":{"line":14,"column":3},"end":{"line":234,"column":1}},"line":14},"1":{"name":"(anonymous_1)","decl":{"start":{"line":26,"column":12},"end":{"line":26,"column":13}},"loc":{"start":{"line":26,"column":18},"end":{"line":37,"column":3}},"line":26},"2":{"name":"(anonymous_2)","decl":{"start":{"line":31,"column":29},"end":{"line":31,"column":30}},"loc":{"start":{"line":31,"column":35},"end":{"line":34,"column":5}},"line":31},"3":{"name":"(anonymous_3)","decl":{"start":{"line":36,"column":11},"end":{"line":36,"column":12}},"loc":{"start":{"line":36,"column":17},"end":{"line":36,"column":36}},"line":36},"4":{"name":"(anonymous_4)","decl":{"start":{"line":39,"column":26},"end":{"line":39,"column":27}},"loc":{"start":{"line":39,"column":39},"end":{"line":51,"column":3}},"line":39},"5":{"name":"(anonymous_5)","decl":{"start":{"line":42,"column":56},"end":{"line":42,"column":57}},"loc":{"start":{"line":42,"column":61},"end":{"line":42,"column":84}},"line":42},"6":{"name":"(anonymous_6)","decl":{"start":{"line":53,"column":19},"end":{"line":53,"column":20}},"loc":{"start":{"line":53,"column":35},"end":{"line":64,"column":3}},"line":53},"7":{"name":"(anonymous_7)","decl":{"start":{"line":61,"column":15},"end":{"line":61,"column":16}},"loc":{"start":{"line":61,"column":21},"end":{"line":63,"column":5}},"line":61},"8":{"name":"(anonymous_8)","decl":{"start":{"line":67,"column":29},"end":{"line":67,"column":30}},"loc":{"start":{"line":67,"column":35},"end":{"line":77,"column":3}},"line":67},"9":{"name":"(anonymous_9)","decl":{"start":{"line":76,"column":51},"end":{"line":76,"column":52}},"loc":{"start":{"line":76,"column":61},"end":{"line":76,"column":70}},"line":76},"10":{"name":"(anonymous_10)","decl":{"start":{"line":84,"column":30},"end":{"line":84,"column":31}},"loc":{"start":{"line":85,"column":10},"end":{"line":98,"column":12}},"line":85},"11":{"name":"(anonymous_11)","decl":{"start":{"line":88,"column":21},"end":{"line":88,"column":22}},"loc":{"start":{"line":88,"column":27},"end":{"line":88,"column":51}},"line":88},"12":{"name":"(anonymous_12)","decl":{"start":{"line":90,"column":40},"end":{"line":90,"column":41}},"loc":{"start":{"line":90,"column":47},"end":{"line":90,"column":72}},"line":90},"13":{"name":"(anonymous_13)","decl":{"start":{"line":91,"column":30},"end":{"line":91,"column":31}},"loc":{"start":{"line":91,"column":37},"end":{"line":94,"column":13}},"line":91},"14":{"name":"(anonymous_14)","decl":{"start":{"line":96,"column":49},"end":{"line":96,"column":50}},"loc":{"start":{"line":96,"column":54},"end":{"line":96,"column":77}},"line":96},"15":{"name":"(anonymous_15)","decl":{"start":{"line":112,"column":23},"end":{"line":112,"column":24}},"loc":{"start":{"line":112,"column":29},"end":{"line":112,"column":54}},"line":112},"16":{"name":"(anonymous_16)","decl":{"start":{"line":130,"column":27},"end":{"line":130,"column":28}},"loc":{"start":{"line":130,"column":33},"end":{"line":130,"column":44}},"line":130},"17":{"name":"(anonymous_17)","decl":{"start":{"line":151,"column":38},"end":{"line":151,"column":39}},"loc":{"start":{"line":152,"column":14},"end":{"line":164,"column":23}},"line":152},"18":{"name":"(anonymous_18)","decl":{"start":{"line":154,"column":25},"end":{"line":154,"column":26}},"loc":{"start":{"line":154,"column":31},"end":{"line":154,"column":51}},"line":154},"19":{"name":"(anonymous_19)","decl":{"start":{"line":180,"column":27},"end":{"line":180,"column":28}},"loc":{"start":{"line":180,"column":33},"end":{"line":180,"column":53}},"line":180},"20":{"name":"(anonymous_20)","decl":{"start":{"line":193,"column":23},"end":{"line":193,"column":24}},"loc":{"start":{"line":193,"column":29},"end":{"line":193,"column":54}},"line":193},"21":{"name":"(anonymous_21)","decl":{"start":{"line":213,"column":24},"end":{"line":213,"column":25}},"loc":{"start":{"line":213,"column":31},"end":{"line":216,"column":15}},"line":213}},"branchMap":{"0":{"loc":{"start":{"line":40,"column":4},"end":{"line":50,"column":5}},"type":"if","locations":[{"start":{"line":40,"column":4},"end":{"line":50,"column":5}},{"start":{"line":47,"column":11},"end":{"line":50,"column":5}}],"line":40},"1":{"loc":{"start":{"line":42,"column":6},"end":{"line":46,"column":7}},"type":"if","locations":[{"start":{"line":42,"column":6},"end":{"line":46,"column":7}},{"start":{"line":44,"column":13},"end":{"line":46,"column":7}}],"line":42},"2":{"loc":{"start":{"line":42,"column":10},"end":{"line":42,"column":85}},"type":"binary-expr","locations":[{"start":{"line":42,"column":10},"end":{"line":42,"column":28}},{"start":{"line":42,"column":32},"end":{"line":42,"column":85}}],"line":42},"3":{"loc":{"start":{"line":44,"column":13},"end":{"line":46,"column":7}},"type":"if","locations":[{"start":{"line":44,"column":13},"end":{"line":46,"column":7}},{"start":{},"end":{}}],"line":44},"4":{"loc":{"start":{"line":44,"column":17},"end":{"line":44,"column":68}},"type":"binary-expr","locations":[{"start":{"line":44,"column":17},"end":{"line":44,"column":35}},{"start":{"line":44,"column":39},"end":{"line":44,"column":68}}],"line":44},"5":{"loc":{"start":{"line":55,"column":4},"end":{"line":55,"column":88}},"type":"if","locations":[{"start":{"line":55,"column":4},"end":{"line":55,"column":88}},{"start":{},"end":{}}],"line":55},"6":{"loc":{"start":{"line":55,"column":8},"end":{"line":55,"column":79}},"type":"binary-expr","locations":[{"start":{"line":55,"column":8},"end":{"line":55,"column":34}},{"start":{"line":55,"column":38},"end":{"line":55,"column":52}},{"start":{"line":55,"column":56},"end":{"line":55,"column":79}}],"line":55},"7":{"loc":{"start":{"line":72,"column":4},"end":{"line":74,"column":5}},"type":"if","locations":[{"start":{"line":72,"column":4},"end":{"line":74,"column":5}},{"start":{},"end":{}}],"line":72},"8":{"loc":{"start":{"line":82,"column":168},"end":{"line":82,"column":207}},"type":"cond-expr","locations":[{"start":{"line":82,"column":180},"end":{"line":82,"column":191}},{"start":{"line":82,"column":194},"end":{"line":82,"column":207}}],"line":82},"9":{"loc":{"start":{"line":103,"column":7},"end":{"line":231,"column":7}},"type":"binary-expr","locations":[{"start":{"line":103,"column":7},"end":{"line":103,"column":21}},{"start":{"line":104,"column":8},"end":{"line":230,"column":14}}],"line":103},"10":{"loc":{"start":{"line":105,"column":37},"end":{"line":105,"column":81}},"type":"cond-expr","locations":[{"start":{"line":105,"column":48},"end":{"line":105,"column":63}},{"start":{"line":105,"column":66},"end":{"line":105,"column":81}}],"line":105},"11":{"loc":{"start":{"line":115,"column":16},"end":{"line":117,"column":150}},"type":"cond-expr","locations":[{"start":{"line":116,"column":20},"end":{"line":116,"column":123}},{"start":{"line":117,"column":20},"end":{"line":117,"column":150}}],"line":115},"12":{"loc":{"start":{"line":116,"column":53},"end":{"line":116,"column":121}},"type":"cond-expr","locations":[{"start":{"line":116,"column":64},"end":{"line":116,"column":91}},{"start":{"line":116,"column":94},"end":{"line":116,"column":121}}],"line":116},"13":{"loc":{"start":{"line":117,"column":23},"end":{"line":117,"column":138}},"type":"cond-expr","locations":[{"start":{"line":117,"column":34},"end":{"line":117,"column":76}},{"start":{"line":117,"column":79},"end":{"line":117,"column":138}}],"line":117},"14":{"loc":{"start":{"line":127,"column":13},"end":{"line":148,"column":13}},"type":"binary-expr","locations":[{"start":{"line":127,"column":13},"end":{"line":127,"column":28}},{"start":{"line":128,"column":14},"end":{"line":147,"column":17}}],"line":127},"15":{"loc":{"start":{"line":132,"column":20},"end":{"line":132,"column":135}},"type":"cond-expr","locations":[{"start":{"line":132,"column":31},"end":{"line":132,"column":73}},{"start":{"line":132,"column":76},"end":{"line":132,"column":135}}],"line":132},"16":{"loc":{"start":{"line":140,"column":17},"end":{"line":146,"column":17}},"type":"binary-expr","locations":[{"start":{"line":140,"column":17},"end":{"line":140,"column":32}},{"start":{"line":141,"column":18},"end":{"line":145,"column":25}}],"line":140},"17":{"loc":{"start":{"line":141,"column":71},"end":{"line":141,"column":115}},"type":"cond-expr","locations":[{"start":{"line":141,"column":82},"end":{"line":141,"column":97}},{"start":{"line":141,"column":100},"end":{"line":141,"column":115}}],"line":141},"18":{"loc":{"start":{"line":156,"column":18},"end":{"line":158,"column":152}},"type":"cond-expr","locations":[{"start":{"line":157,"column":22},"end":{"line":157,"column":99}},{"start":{"line":158,"column":22},"end":{"line":158,"column":152}}],"line":156},"19":{"loc":{"start":{"line":157,"column":25},"end":{"line":157,"column":87}},"type":"cond-expr","locations":[{"start":{"line":157,"column":36},"end":{"line":157,"column":60}},{"start":{"line":157,"column":63},"end":{"line":157,"column":87}}],"line":157},"20":{"loc":{"start":{"line":158,"column":25},"end":{"line":158,"column":140}},"type":"cond-expr","locations":[{"start":{"line":158,"column":36},"end":{"line":158,"column":78}},{"start":{"line":158,"column":81},"end":{"line":158,"column":140}}],"line":158},"21":{"loc":{"start":{"line":161,"column":30},"end":{"line":161,"column":72}},"type":"cond-expr","locations":[{"start":{"line":161,"column":59},"end":{"line":161,"column":65}},{"start":{"line":161,"column":68},"end":{"line":161,"column":72}}],"line":161},"22":{"loc":{"start":{"line":168,"column":13},"end":{"line":189,"column":13}},"type":"binary-expr","locations":[{"start":{"line":168,"column":13},"end":{"line":168,"column":27}},{"start":{"line":168,"column":31},"end":{"line":168,"column":59}},{"start":{"line":169,"column":14},"end":{"line":188,"column":17}}],"line":168},"23":{"loc":{"start":{"line":171,"column":17},"end":{"line":177,"column":17}},"type":"binary-expr","locations":[{"start":{"line":171,"column":17},"end":{"line":171,"column":45}},{"start":{"line":172,"column":18},"end":{"line":176,"column":25}}],"line":171},"24":{"loc":{"start":{"line":172,"column":71},"end":{"line":172,"column":115}},"type":"cond-expr","locations":[{"start":{"line":172,"column":82},"end":{"line":172,"column":97}},{"start":{"line":172,"column":100},"end":{"line":172,"column":115}}],"line":172},"25":{"loc":{"start":{"line":182,"column":20},"end":{"line":182,"column":135}},"type":"cond-expr","locations":[{"start":{"line":182,"column":31},"end":{"line":182,"column":73}},{"start":{"line":182,"column":76},"end":{"line":182,"column":135}}],"line":182},"26":{"loc":{"start":{"line":196,"column":16},"end":{"line":198,"column":150}},"type":"cond-expr","locations":[{"start":{"line":197,"column":20},"end":{"line":197,"column":123}},{"start":{"line":198,"column":20},"end":{"line":198,"column":150}}],"line":196},"27":{"loc":{"start":{"line":197,"column":53},"end":{"line":197,"column":121}},"type":"cond-expr","locations":[{"start":{"line":197,"column":64},"end":{"line":197,"column":91}},{"start":{"line":197,"column":94},"end":{"line":197,"column":121}}],"line":197},"28":{"loc":{"start":{"line":198,"column":23},"end":{"line":198,"column":138}},"type":"cond-expr","locations":[{"start":{"line":198,"column":34},"end":{"line":198,"column":76}},{"start":{"line":198,"column":79},"end":{"line":198,"column":138}}],"line":198},"29":{"loc":{"start":{"line":209,"column":80},"end":{"line":209,"column":124}},"type":"cond-expr","locations":[{"start":{"line":209,"column":91},"end":{"line":209,"column":106}},{"start":{"line":209,"column":109},"end":{"line":209,"column":124}}],"line":209},"30":{"loc":{"start":{"line":218,"column":16},"end":{"line":220,"column":60}},"type":"cond-expr","locations":[{"start":{"line":219,"column":20},"end":{"line":219,"column":60}},{"start":{"line":220,"column":20},"end":{"line":220,"column":60}}],"line":218}},"s":{"0":0,"1":0,"2":0,"3":0,"4":0,"5":0,"6":0,"7":0,"8":0,"9":0,"10":0,"11":0,"12":0,"13":0,"14":0,"15":0,"16":0,"17":0,"
[...]
425,"column":60},"end":{"line":425,"column":61}},"loc":{"start":{"line":425,"column":65},"end":{"line":425,"column":91}},"line":425}},"branchMap":{"0":{"loc":{"start":{"line":14,"column":75},"end":{"line":14,"column":107}},"type":"cond-expr","locations":[{"start":{"line":14,"column":86},"end":{"line":14,"column":95}},{"start":{"line":14,"column":98},"end":{"line":14,"column":107}}],"line":14},"1":{"loc":{"start":{"line":14,"column":121},"end":{"line":14,"column":153}},"type":"cond-expr","locations":[{"start":{"line":14,"column":132},"end":{"line":14,"column":141}},{"start":{"line":14,"column":144},"end":{"line":14,"column":153}}],"line":14},"2":{"loc":{"start":{"line":16,"column":75},"end":{"line":16,"column":107}},"type":"cond-expr","locations":[{"start":{"line":16,"column":86},"end":{"line":16,"column":95}},{"start":{"line":16,"column":98},"end":{"line":16,"column":107}}],"line":16},"3":{"loc":{"start":{"line":16,"column":121},"end":{"line":16,"column":153}},"type":"cond-expr","locations":[{"start":{"line":16,"column":132},"end":{"line":16,"column":141}},{"start":{"line":16,"column":144},"end":{"line":16,"column":153}}],"line":16},"4":{"loc":{"start":{"line":18,"column":67},"end":{"line":18,"column":99}},"type":"cond-expr","locations":[{"start":{"line":18,"column":78},"end":{"line":18,"column":87}},{"start":{"line":18,"column":90},"end":{"line":18,"column":99}}],"line":18},"5":{"loc":{"start":{"line":18,"column":113},"end":{"line":18,"column":145}},"type":"cond-expr","locations":[{"start":{"line":18,"column":124},"end":{"line":18,"column":133}},{"start":{"line":18,"column":136},"end":{"line":18,"column":145}}],"line":18},"6":{"loc":{"start":{"line":20,"column":68},"end":{"line":20,"column":100}},"type":"cond-expr","locations":[{"start":{"line":20,"column":79},"end":{"line":20,"column":88}},{"start":{"line":20,"column":91},"end":{"line":20,"column":100}}],"line":20},"7":{"loc":{"start":{"line":20,"column":114},"end":{"line":20,"column":146}},"type":"cond-expr","locations":[{"start":{"line":20,"column":125},"end":{"line":20,"column":134}},{"start":{"line":20,"column":137},"end":{"line":20,"column":146}}],"line":20},"8":{"loc":{"start":{"line":22,"column":66},"end":{"line":22,"column":98}},"type":"cond-expr","locations":[{"start":{"line":22,"column":77},"end":{"line":22,"column":86}},{"start":{"line":22,"column":89},"end":{"line":22,"column":98}}],"line":22},"9":{"loc":{"start":{"line":22,"column":112},"end":{"line":22,"column":144}},"type":"cond-expr","locations":[{"start":{"line":22,"column":123},"end":{"line":22,"column":132}},{"start":{"line":22,"column":135},"end":{"line":22,"column":144}}],"line":22},"10":{"loc":{"start":{"line":24,"column":68},"end":{"line":24,"column":100}},"type":"cond-expr","locations":[{"start":{"line":24,"column":79},"end":{"line":24,"column":88}},{"start":{"line":24,"column":91},"end":{"line":24,"column":100}}],"line":24},"11":{"loc":{"start":{"line":24,"column":114},"end":{"line":24,"column":146}},"type":"cond-expr","locations":[{"start":{"line":24,"column":125},"end":{"line":24,"column":134}},{"start":{"line":24,"column":137},"end":{"line":24,"column":146}}],"line":24},"12":{"loc":{"start":{"line":26,"column":72},"end":{"line":26,"column":104}},"type":"cond-expr","locations":[{"start":{"line":26,"column":83},"end":{"line":26,"column":92}},{"start":{"line":26,"column":95},"end":{"line":26,"column":104}}],"line":26},"13":{"loc":{"start":{"line":26,"column":118},"end":{"line":26,"column":150}},"type":"cond-expr","locations":[{"start":{"line":26,"column":129},"end":{"line":26,"column":138}},{"start":{"line":26,"column":141},"end":{"line":26,"column":150}}],"line":26},"14":{"loc":{"start":{"line":71,"column":6},"end":{"line":73,"column":7}},"type":"if","locations":[{"start":{"line":71,"column":6},"end":{"line":73,"column":7}},{"start":{},"end":{}}],"line":71},"15":{"loc":{"start":{"line":77,"column":4},"end":{"line":79,"column":5}},"type":"if","locations":[{"start":{"line":77,"column":4},"end":{"line":79,"column":5}},{"start":{},"end":{}}],"line":77},"16":{"loc":{"start":{"line":104,"column":8},"end":{"line":104,"column":72}},"type":"cond-expr","locations":[{"start":{"line":104,"column":20},"end":{"line":104,"column":33}},{"start":{"line":104,"column":36},"end":{"line":104,"column":72}}],"line":104},"17":{"loc":{"start":{"line":105,"column":10},"end":{"line":105,"column":47}},"type":"cond-expr","locations":[{"start":{"line":105,"column":21},"end":{"line":105,"column":34}},{"start":{"line":105,"column":37},"end":{"line":105,"column":47}}],"line":105},"18":{"loc":{"start":{"line":113,"column":14},"end":{"line":113,"column":79}},"type":"cond-expr","locations":[{"start":{"line":113,"column":25},"end":{"line":113,"column":51}},{"start":{"line":113,"column":54},"end":{"line":113,"column":79}}],"line":113},"19":{"loc":{"start":{"line":114,"column":14},"end":{"line":114,"column":67}},"type":"cond-expr","locations":[{"start":{"line":114,"column":25},"end":{"line":114,"column":46}},{"start":{"line":114,"column":49},"end":{"line":114,"column":67}}],"line":114},"20":{"loc":{"start":{"line":119,"column":7},"end":{"line":134,"column":7}},"type":"binary-expr","locations":[{"start":{"line":119,"column":7},"end":{"line":119,"column":15}},{"start":{"line":120,"column":8},"end":{"line":133,"column":14}}],"line":119},"21":{"loc":{"start":{"line":155,"column":55},"end":{"line":155,"column":118}},"type":"cond-expr","locations":[{"start":{"line":155,"column":66},"end":{"line":155,"column":90}},{"start":{"line":155,"column":93},"end":{"line":155,"column":118}}],"line":155},"22":{"loc":{"start":{"line":161,"column":24},"end":{"line":161,"column":63}},"type":"cond-expr","locations":[{"start":{"line":161,"column":35},"end":{"line":161,"column":47}},{"start":{"line":161,"column":50},"end":{"line":161,"column":63}}],"line":161},"23":{"loc":{"start":{"line":171,"column":45},"end":{"line":171,"column":104}},"type":"cond-expr","locations":[{"start":{"line":171,"column":56},"end":{"line":171,"column":77}},{"start":{"line":171,"column":80},"end":{"line":171,"column":104}}],"line":171},"24":{"loc":{"start":{"line":172,"column":46},"end":{"line":172,"column":105}},"type":"cond-expr","locations":[{"start":{"line":172,"column":57},"end":{"line":172,"column":78}},{"start":{"line":172,"column":81},"end":{"line":172,"column":105}}],"line":172},"25":{"loc":{"start":{"line":173,"column":47},"end":{"line":173,"column":110}},"type":"cond-expr","locations":[{"start":{"line":173,"column":58},"end":{"line":173,"column":81}},{"start":{"line":173,"column":84},"end":{"line":173,"column":110}}],"line":173},"26":{"loc":{"start":{"line":199,"column":22},"end":{"line":199,"column":54}},"type":"cond-expr","locations":[{"start":{"line":199,"column":33},"end":{"line":199,"column":42}},{"start":{"line":199,"column":45},"end":{"line":199,"column":54}}],"line":199},"27":{"loc":{"start":{"line":200,"column":27},"end":{"line":200,"column":51}},"type":"cond-expr","locations":[{"start":{"line":200,"column":38},"end":{"line":200,"column":43}},{"start":{"line":200,"column":46},"end":{"line":200,"column":51}}],"line":200},"28":{"loc":{"start":{"line":202,"column":22},"end":{"line":202,"column":65}},"type":"cond-expr","locations":[{"start":{"line":202,"column":33},"end":{"line":202,"column":56}},{"start":{"line":202,"column":59},"end":{"line":202,"column":65}}],"line":202},"29":{"loc":{"start":{"line":215,"column":24},"end":{"line":215,"column":48}},"type":"cond-expr","locations":[{"start":{"line":215,"column":35},"end":{"line":215,"column":40}},{"start":{"line":215,"column":43},"end":{"line":215,"column":48}}],"line":215},"30":{"loc":{"start":{"line":225,"column":26},"end":{"line":225,"column":58}},"type":"cond-expr","locations":[{"start":{"line":225,"column":37},"end":{"line":225,"column":46}},{"start":{"line":225,"column":49},"end":{"line":225,"column":58}}],"line":225},"31":{"loc":{"start":{"line":226,"column":31},"end":{"line":226,"column":55}},"type":"cond-expr","locations":[{"start":{"line":226,"column":42},"end":{"line":226,"column":47}},{"start":{"line":226,"column":50},"end":{"line":226,"column":55}}],"line":226},"32":{"loc":{"start":{"line":239,"column":26},"end":{"line":239,"column":58}},"type":"cond-expr","locations":[{"start":{"line":239,"column":37},"end":{"line":239,"column":46}},{"start":{"line":239,"column":49},"end":{"line":239,"column":58}}],"line":239},"33":{"loc":{"start":{"line":240,"column":31},"end":{"line":240,"column":55}},"type":"cond-expr","locations":[{"start":{"line":240,"column":42},"end":{"line":240,"column":47}},{"start":{"line":240,"column":50},"end":{"line":240,"column":55}}],"line":240},"34":{"loc":{"start":{"line":260,"column":27},"end":{"line":260,"column":106}},"type":"cond-expr","locations":[{"start":{"line":260,"column":61},"end":{"line":260,"column":64}},{"start":{"line":260,"column":67},"end":{"line":260,"column":106}}],"line":260},"35":{"loc":{"start":{"line":260,"column":67},"end":{"line":260,"column":106}},"type":"cond-expr","locations":[{"start":{"line":260,"column":96},"end":{"line":260,"column":99}},{"start":{"line":260,"column":102},"end":{"line":260,"column":106}}],"line":260},"36":{"loc":{"start":{"line":261,"column":26},"end":{"line":261,"column":77}},"type":"cond-expr","locations":[{"start":{"line":261,"column":55},"end":{"line":261,"column":62}},{"start":{"line":261,"column":65},"end":{"line":261,"column":77}}],"line":261},"37":{"loc":{"start":{"line":262,"column":31},"end":{"line":262,"column":71}},"type":"cond-expr","locations":[{"start":{"line":262,"column":60},"end":{"line":262,"column":63}},{"start":{"line":262,"column":66},"end":{"line":262,"column":71}}],"line":262},"38":{"loc":{"start":{"line":263,"column":60},"end":{"line":263,"column":109}},"type":"cond-expr","locations":[{"start":{"line":263,"column":90},"end":{"line":263,"column":104}},{"start":{"line":263,"column":107},"end":{"line":263,"column":109}}],"line":263},"39":{"loc":{"start":{"line":270,"column":27},"end":{"line":270,"column":112}},"type":"cond-expr","locations":[{"start":{"line":270,"column":61},"end":{"line":270,"column":66}},{"start":{"line":270,"column":69},"end":{"line":270,"column":112}}],"line":270},"40":{"loc":{"start":{"line":270,"column":69},"end":{"line":270,"column":112}},"type":"cond-expr","locations":[{"start":{"line":270,"column":98},"end":{"line":270,"column":104}},{"start":{"line":270,"column":107},"end":{"line":270,"column":112}}],"line":270},"41":{"loc":{"start":{"line":272,"column":26},"end":{"line":272,"column":113}},"type":"cond-expr","locations":[{"start":{"line":272,"column":90},"end":{"line":272,"column":97}},{"start":{"line":272,"column":100},"end":{"line":272,"column":113}}],"line":272},"42":{"loc":{"start":{"line":272,"column":26},"end":{"line":272,"column":87}},"type":"binary-expr","locations":[{"start":{"line":272,"column":26},"end":{"line":272,"column":57}},{"start":{"line":272,"column":61},"end":{"line":272,"column":87}}],"line":272},"43":{"loc":{"start":{"line":273,"column":31},"end":{"line":273,"column":71}},"type":"cond-expr","locations":[{"start":{"line":273,"column":60},"end":{"line":273,"column":63}},{"start":{"line":273,"column":66},"end":{"line":273,"column":71}}],"line":273},"44":{"loc":{"start":{"line":286,"column":17},"end":{"line":298,"column":17}},"type":"binary-expr","locations":[{"start":{"line":286,"column":18},"end":{"line":286,"column":49}},{"start":{"line":286,"column":53},"end":{"line":286,"column":79}},{"start":{"line":287,"column":18},"end":{"line":297,"column":20}}],"line":286},"45":{"loc":{"start":{"line":301,"column":17},"end":{"line":315,"column":17}},"type":"binary-expr","locations":[{"start":{"line":301,"column":18},"end":{"line":301,"column":49}},{"start":{"line":301,"column":53},"end":{"line":301,"column":79}},{"start":{"line":302,"column":18},"end":{"line":314,"column":25}}],"line":301},"46":{"loc":{"start":{"line":308,"column":30},"end":{"line":308,"column":70}},"type":"cond-expr","locations":[{"start":{"line":308,"column":59},"end":{"line":308,"column":64}},{"start":{"line":308,"column":67},"end":{"line":308,"column":70}}],"line":308},"47":{"loc":{"start":{"line":318,"column":17},"end":{"line":331,"column":17}},"type":"binary-expr","locations":[{"start":{"line":318,"column":17},"end":{"line":318,"column":48}},{"start":{"line":318,"column":52},"end":{"line":318,"column":78}},{"start":{"line":319,"column":18},"end":{"line":330,"column":25}}],"line":318},"48":{"loc":{"start":{"line":342,"column":22},"end":{"line":342,"column":54}},"type":"cond-expr","locations":[{"start":{"line":342,"column":33},"end":{"line":342,"column":42}},{"start":{"line":342,"column":45},"end":{"line":342,"column":54}}],"line":342},"49":{"loc":{"start":{"line":353,"column":22},"end":{"line":353,"column":54}},"type":"cond-expr","locations":[{"start":{"line":353,"column":33},"end":{"line":353,"column":42}},{"start":{"line":353,"column":45},"end":{"line":353,"column":54}}],"line":353},"50":{"loc":{"start":{"line":367,"column":23},"end":{"line":367,"column":48}},"type":"cond-expr","locations":[{"start":{"line":367,"column":34},"end":{"line":367,"column":40}},{"start":{"line":367,"column":43},"end":{"line":367,"column":48}}],"line":367},"51":{"loc":{"start":{"line":383,"column":35},"end":{"line":383,"column":67}},"type":"cond-expr","locations":[{"start":{"line":383,"column":46},"end":{"line":383,"column":55}},{"start":{"line":383,"column":58},"end":{"line":383,"column":67}}],"line":383},"52":{"loc":{"start":{"line":385,"column":63},"end":{"line":385,"column":127}},"type":"cond-expr","locations":[{"start":{"line":385,"column":74},"end":{"line":385,"column":99}},{"start":{"line":385,"column":102},"end":{"line":385,"column":127}}],"line":385},"53":{"loc":{"start":{"line":396,"column":10},"end":{"line":398,"column":74}},"type":"cond-expr","locations":[{"start":{"line":397,"column":14},"end":{"line":397,"column":41}},{"start":{"line":398,"column":14},"end":{"line":398,"column":74}}],"line":396},"54":{"loc":{"start":{"line":399,"column":22},"end":{"line":399,"column":98}},"type":"cond-expr","locations":[{"start":{"line":399,"column":42},"end":{"line":399,"column":69}},{"start":{"line":399,"column":72},"end":{"line":399,"column":98}}],"line":399},"55":{"loc":{"start":{"line":401,"column":9},"end":{"line":430,"column":9}},"type":"binary-expr","locations":[{"start":{"line":401,"column":9},"end":{"line":401,"column":26}},{"start":{"line":402,"column":10},"end":{"line":429,"column":16}}],"line":401},"56":{"loc":{"start":{"line":414,"column":41},"end":{"line":414,"column":85}},"type":"cond-expr","locations":[{"start":{"line":414,"column":52},"end":{"line":414,"column":67}},{"start":{"line":414,"column":70},"end":{"line":414,"column":85}}],"line":414},"57":{"loc":{"start":{"line":421,"column":16},"end":{"line":423,"column":62}},"type":"cond-expr","locations":[{"start":{"line":422,"column":20},"end":{"line":422,"column":62}},{"start":{"line":423,"column":20},"end":{"line":423,"column":62}}],"line":421}},"s":{"0":0,"1":0,"2":0,"3":0,"4":0,"5":0,"6":0,"7":0,"8":0,"9":0,"10":0,"11":0,"12":0,"13":0,"14":0,"15":0,"16":0,"17":0,"18":0,"19":0,"20":0,"21":0,"22":0,"23":0,"24":0,"25":0,"26":0,"27":0,"28":0,"29":0,"30":0,"31":0,"32":0,"33":0,"34":0,"35":0,"36":0,"37":0,"38":0,"39":0,"40":0,"41":0,"42":0,"43":0,"44":0,"45":0,"46":0,"47":0,"48":0,"49":0,"50":0,"51":0,"52":0,"53":0,"54":0,"55":0,"56":0,"57":0},"f":{"0":0,"1":0,"2":0,"3":0,"4":0,"5":0,"6":0,"7":0,"8":0,"9":0,"10":0,"11":0,"12":0,"13":0,"14":0,"15":0,"16":0,"17":0,"18":0,"19":0,"20":0,"21":0,"22":0,"23":0,"24":0,"25":0},"b":{"0":[0,0],"1":[0,0],"2":[0,0],"3":[0,0],"4":[0,0],"5":[0,0],"6":[0,0],"7":[0,0],"8":[0,0],"9":[0,0],"10":[0,0],"11":[0,0],"12":[0,0],"13":[0,0],"14":[0,0],"15":[0,0],"16":[0,0],"17":[0,0],"18":[0,0],"19":[0,0],"20":[0,0],"21":[0,0],"22":[0,0],"23":[0,0],"24":[0,0],"25":[0,0],"26":[0,0],"27":[0,0],"28":[0,0],"29":[0,0],"30":[0,0],"31":[0,0],"32":[0,0],"33":[0,0],"34":[0,0],"35":[0,0],"36":[0,0],"37":[0,0],"38":[0,0],"39":[0,0],"40":[0,0],"41":[0,0],"42":[0,0],"43":[0,0],"44":[0,0,0],"45":[0,0,0],"46":[0,0],"47":[0,0,0],"48":[0,0],"49":[0,0],"50":[0,0],"51":[0,0],"52":[0,0],"53":[0,0],"54":[0,0],"55":[0,0],"56":[0,0],"57":[0,0]}}
,"C:\\Users\\Wimukthi Dilshan\\Desktop\\test add\\frontend assignment\\my-project\\src\\context\\AuthContext.jsx": {"path":"C:\\Users\\Wimukthi Dilshan\\Desktop\\test add\\frontend assignment\\my-project\\src\\context\\AuthContext.jsx","statementMap":{"0":{"start":{"line":3,"column":20},"end":{"line":3,"column":35}},"1":{"start":{"line":5,"column":28},"end":{"line":59,"column":1}},"2":{"start":{"line":6,"column":26},"end":{"line":6,"column":40}},"3":{"start":{"line":7,"column":32},"end":{"line":7,"column":46}},"4":{"start":{"line":10,"column":2},"end":{"line":40,"column":9}},"5":{"start":{"line":11,"column":26},"end":{"line":37,"column":5}},"6":{"start":{"line":12,"column":6},"end":{"line":36,"column":7}},"7":{"start":{"line":13,"column":25},"end":{"line":13,"column":57}},"8":{"start":{"line":15,"column":8},"end":{"line":31,"column":9}},"9":{"start":{"line":16,"column":29},"end":{"line":16,"column":49}},"10":{"start":{"line":19,"column":27},"end":{"line":23,"column":12}},"11":{"start":{"line":25,"column":10},"end":{"line":30,"column":11}},"12":{"start":{"line":26,"column":12},"end":{"line":26,"column":32}},"13":{"start":{"line":29,"column":12},"end":{"line":29,"column":48}},"14":{"start":{"line":33,"column":8},"end":{"line":33,"column":63}},"15":{"start":{"line":35,"column":8},"end":{"line":35,"column":26}},"16":{"start":{"line":39,"column":4},"end":{"line":39,"column":20}},"17":{"start":{"line":43,"column":16},"end":{"line":46,"column":3}},"18":{"start":{"line":44,"column":4},"end":{"line":44,"column":63}},"19":{"start":{"line":45,"column":4},"end":{"line":45,"column":22}},"20":{"start":{"line":49,"column":17},"end":{"line":52,"column":3}},"21":{"start":{"line":50,"column":4},"end":{"line":50,"column":40}},"22":{"start":{"line":51,"column":4},"end":{"line":51,"column":18}},"23":{"start":{"line":54,"column":2},"end":{"line":58,"column":4}},"24":{"start":{"line":62,"column":23},"end":{"line":64,"column":1}},"25":{"start":{"line":63,"column":2},"end":{"line":63,"column":33}}},"fnMap":{"0":{"name":"(anonymous_0)","decl":{"start":{"line":5,"column":28},"end":{"line":5,"column":29}},"loc":{"start":{"line":5,"column":46},"end":{"line":59,"column":1}},"line":5},"1":{"name":"(anonymous_1)","decl":{"start":{"line":10,"column":12},"end":{"line":10,"column":13}},"loc":{"start":{"line":10,"column":18},"end":{"line":40,"column":3}},"line":10},"2":{"name":"(anonymous_2)","decl":{"start":{"line":11,"column":26},"end":{"line":11,"column":27}},"loc":{"start":{"line":11,"column":38},"end":{"line":37,"column":5}},"line":11},"3":{"name":"(anonymous_3)","decl":{"start":{"line":43,"column":16},"end":{"line":43,"column":17}},"loc":{"start":{"line":43,"column":30},"end":{"line":46,"column":3}},"line":43},"4":{"name":"(anonymous_4)","decl":{"start":{"line":49,"column":17},"end":{"line":49,"column":18}},"loc":{"start":{"line":49,"column":23},"end":{"line":52,"column":3}},"line":49},"5":{"name":"(anonymous_5)","decl":{"start":{"line":62,"column":23},"end":{"line":62,"column":24}},"loc":{"start":{"line":62,"column":29},"end":{"line":64,"column":1}},"line":62}},"branchMap":{"0":{"loc":{"start":{"line":15,"column":8},"end":{"line":31,"column":9}},"type":"if","locations":[{"start":{"line":15,"column":8},"end":{"line":31,"column":9}},{"start":{},"end":{}}],"line":15},"1":{"loc":{"start":{"line":25,"column":10},"end":{"line":30,"column":11}},"type":"if","locations":[{"start":{"line":25,"column":10},"end":{"line":30,"column":11}},{"start":{"line":27,"column":17},"end":{"line":30,"column":11}}],"line":25}},"s":{"0":0,"1":0,"2":0,"3":0,"4":0,"5":0,"6":0,"7":0,"8":0,"9":0,"10":0,"11":0,"12":0,"13":0,"14":0,"15":0,"16":0,"17":0,"18":0,"19":0,"20":0,"21":0,"22":0,"23":0,"24":0,"25":0},"f":{"0":0,"1":0,"2":0,"3":0,"4":0,"5":0},"b":{"0":[0,0],"1":[0,0]}}
}
