TN:
SF:src\App.jsx
FN:17,AppContent
FN:35,(anonymous_1)
FN:57,(anonymous_2)
FN:67,(anonymous_3)
FN:72,(anonymous_4)
FN:89,(anonymous_5)
FN:95,(anonymous_6)
FN:103,(anonymous_7)
FN:124,(anonymous_8)
FN:129,(anonymous_9)
FN:134,(anonymous_10)
FN:139,(anonymous_11)
FN:145,(anonymous_12)
FN:153,(anonymous_13)
FN:157,(anonymous_14)
FN:163,(anonymous_15)
FN:183,(anonymous_16)
FN:208,(anonymous_17)
FN:214,(anonymous_18)
FN:221,(anonymous_19)
FN:234,(anonymous_20)
FN:235,(anonymous_21)
FN:237,(anonymous_22)
FN:243,(anonymous_23)
FN:254,(anonymous_24)
FN:255,(anonymous_25)
FN:260,(anonymous_26)
FN:261,(anonymous_27)
FN:265,(anonymous_28)
FN:272,(anonymous_29)
FN:276,(anonymous_30)
FN:282,(anonymous_31)
FN:305,(anonymous_32)
FN:333,(anonymous_33)
FN:334,(anonymous_34)
FN:338,(anonymous_35)
FN:366,(anonymous_36)
FN:397,(anonymous_37)
FN:421,(anonymous_38)
FN:423,(anonymous_39)
FN:435,(anonymous_40)
FN:444,(anonymous_41)
FN:452,(anonymous_42)
FN:456,(anonymous_43)
FN:503,(anonymous_44)
FN:513,(anonymous_45)
FN:521,(anonymous_46)
FN:529,(anonymous_47)
FN:537,(anonymous_48)
FN:545,(anonymous_49)
FN:547,(anonymous_50)
FN:610,(anonymous_51)
FN:620,(anonymous_52)
FN:628,(anonymous_53)
FN:636,(anonymous_54)
FN:644,(anonymous_55)
FN:652,(anonymous_56)
FN:654,(anonymous_57)
FN:684,(anonymous_58)
FN:685,(anonymous_59)
FN:689,(anonymous_60)
FN:700,App
FN:711,LoginWrapper
FN:720,(anonymous_63)
FNF:64
FNH:0
FNDA:0,AppContent
FNDA:0,(anonymous_1)
FNDA:0,(anonymous_2)
FNDA:0,(anonymous_3)
FNDA:0,(anonymous_4)
FNDA:0,(anonymous_5)
FNDA:0,(anonymous_6)
FNDA:0,(anonymous_7)
FNDA:0,(anonymous_8)
FNDA:0,(anonymous_9)
FNDA:0,(anonymous_10)
FNDA:0,(anonymous_11)
FNDA:0,(anonymous_12)
FNDA:0,(anonymous_13)
FNDA:0,(anonymous_14)
FNDA:0,(anonymous_15)
FNDA:0,(anonymous_16)
FNDA:0,(anonymous_17)
FNDA:0,(anonymous_18)
FNDA:0,(anonymous_19)
FNDA:0,(anonymous_20)
FNDA:0,(anonymous_21)
FNDA:0,(anonymous_22)
FNDA:0,(anonymous_23)
FNDA:0,(anonymous_24)
FNDA:0,(anonymous_25)
FNDA:0,(anonymous_26)
FNDA:0,(anonymous_27)
FNDA:0,(anonymous_28)
FNDA:0,(anonymous_29)
FNDA:0,(anonymous_30)
FNDA:0,(anonymous_31)
FNDA:0,(anonymous_32)
FNDA:0,(anonymous_33)
FNDA:0,(anonymous_34)
FNDA:0,(anonymous_35)
FNDA:0,(anonymous_36)
FNDA:0,(anonymous_37)
FNDA:0,(anonymous_38)
FNDA:0,(anonymous_39)
FNDA:0,(anonymous_40)
FNDA:0,(anonymous_41)
FNDA:0,(anonymous_42)
FNDA:0,(anonymous_43)
FNDA:0,(anonymous_44)
FNDA:0,(anonymous_45)
FNDA:0,(anonymous_46)
FNDA:0,(anonymous_47)
FNDA:0,(anonymous_48)
FNDA:0,(anonymous_49)
FNDA:0,(anonymous_50)
FNDA:0,(anonymous_51)
FNDA:0,(anonymous_52)
FNDA:0,(anonymous_53)
FNDA:0,(anonymous_54)
FNDA:0,(anonymous_55)
FNDA:0,(anonymous_56)
FNDA:0,(anonymous_57)
FNDA:0,(anonymous_58)
FNDA:0,(anonymous_59)
FNDA:0,(anonymous_60)
FNDA:0,App
FNDA:0,LoginWrapper
FNDA:0,(anonymous_63)
DA:18,0
DA:19,0
DA:20,0
DA:21,0
DA:22,0
DA:23,0
DA:24,0
DA:25,0
DA:26,0
DA:27,0
DA:28,0
DA:29,0
DA:30,0
DA:31,0
DA:32,0
DA:35,0
DA:36,0
DA:37,0
DA:38,0
DA:39,0
DA:40,0
DA:41,0
DA:43,0
DA:47,0
DA:48,0
DA:49,0
DA:50,0
DA:52,0
DA:57,0
DA:58,0
DA:60,0
DA:61,0
DA:62,0
DA:67,0
DA:68,0
DA:72,0
DA:73,0
DA:74,0
DA:75,0
DA:76,0
DA:77,0
DA:78,0
DA:79,0
DA:80,0
DA:81,0
DA:83,0
DA:84,0
DA:85,0
DA:89,0
DA:90,0
DA:91,0
DA:92,0
DA:93,0
DA:95,0
DA:96,0
DA:99,0
DA:103,0
DA:104,0
DA:105,0
DA:106,0
DA:108,0
DA:109,0
DA:110,0
DA:111,0
DA:112,0
DA:113,0
DA:114,0
DA:115,0
DA:117,0
DA:118,0
DA:119,0
DA:120,0
DA:124,0
DA:125,0
DA:126,0
DA:129,0
DA:130,0
DA:131,0
DA:134,0
DA:135,0
DA:136,0
DA:139,0
DA:140,0
DA:143,0
DA:144,0
DA:145,0
DA:146,0
DA:152,0
DA:153,0
DA:157,0
DA:158,0
DA:163,0
DA:164,0
DA:165,0
DA:167,0
DA:168,0
DA:170,0
DA:171,0
DA:173,0
DA:174,0
DA:176,0
DA:179,0
DA:183,0
DA:184,0
DA:185,0
DA:186,0
DA:187,0
DA:188,0
DA:189,0
DA:193,0
DA:195,0
DA:198,0
DA:200,0
DA:202,0
DA:203,0
DA:204,0
DA:208,0
DA:209,0
DA:211,0
DA:214,0
DA:215,0
DA:216,0
DA:217,0
DA:218,0
DA:221,0
DA:222,0
DA:223,0
DA:224,0
DA:227,0
DA:228,0
DA:230,0
DA:234,0
DA:235,0
DA:236,0
DA:237,0
DA:239,0
DA:243,0
DA:244,0
DA:245,0
DA:246,0
DA:248,0
DA:250,0
DA:254,0
DA:255,0
DA:256,0
DA:260,0
DA:261,0
DA:265,0
DA:266,0
DA:268,0
DA:271,0
DA:272,0
DA:276,0
DA:277,0
DA:282,0
DA:283,0
DA:284,0
DA:286,0
DA:287,0
DA:289,0
DA:290,0
DA:292,0
DA:293,0
DA:295,0
DA:299,0
DA:300,0
DA:301,0
DA:305,0
DA:307,0
DA:308,0
DA:309,0
DA:310,0
DA:311,0
DA:316,0
DA:333,0
DA:334,0
DA:338,0
DA:366,0
DA:399,0
DA:401,0
DA:411,0
DA:412,0
DA:415,0
DA:416,0
DA:417,0
DA:418,0
DA:421,0
DA:422,0
DA:423,0
DA:424,0
DA:436,0
DA:445,0
DA:452,0
DA:456,0
DA:504,0
DA:514,0
DA:522,0
DA:530,0
DA:538,0
DA:546,0
DA:547,0
DA:611,0
DA:621,0
DA:629,0
DA:637,0
DA:645,0
DA:653,0
DA:654,0
DA:684,0
DA:685,0
DA:689,0
DA:701,0
DA:712,0
DA:713,0
DA:716,0
DA:717,0
DA:720,0
DA:721,0
DA:722,0
DA:725,0
LF:220
LH:0
BRDA:37,0,0,0
BRDA:37,0,1,0
BRDA:40,1,0,0
BRDA:40,1,1,0
BRDA:49,2,0,0
BRDA:49,2,1,0
BRDA:61,3,0,0
BRDA:61,3,1,0
BRDA:77,4,0,0
BRDA:77,4,1,0
BRDA:91,5,0,0
BRDA:91,5,1,0
BRDA:96,6,0,0
BRDA:96,6,1,0
BRDA:104,7,0,0
BRDA:104,7,1,0
BRDA:112,8,0,0
BRDA:112,8,1,0
BRDA:143,9,0,0
BRDA:143,9,1,0
BRDA:146,10,0,0
BRDA:146,10,1,0
BRDA:152,11,0,0
BRDA:152,11,1,0
BRDA:158,12,0,0
BRDA:158,12,1,0
BRDA:164,13,0,0
BRDA:164,13,1,0
BRDA:165,14,0,0
BRDA:165,14,1,0
BRDA:167,15,0,0
BRDA:167,15,1,0
BRDA:170,16,0,0
BRDA:170,16,1,0
BRDA:173,17,0,0
BRDA:173,17,1,0
BRDA:174,18,0,0
BRDA:174,18,1,0
BRDA:174,19,0,0
BRDA:174,19,1,0
BRDA:188,20,0,0
BRDA:188,20,1,0
BRDA:193,21,0,0
BRDA:193,21,1,0
BRDA:227,22,0,0
BRDA:227,22,1,0
BRDA:236,23,0,0
BRDA:236,23,1,0
BRDA:246,24,0,0
BRDA:246,24,1,0
BRDA:255,25,0,0
BRDA:255,25,1,0
BRDA:255,26,0,0
BRDA:255,26,1,0
BRDA:266,27,0,0
BRDA:266,27,1,0
BRDA:271,28,0,0
BRDA:271,28,1,0
BRDA:277,29,0,0
BRDA:277,29,1,0
BRDA:283,30,0,0
BRDA:283,30,1,0
BRDA:284,31,0,0
BRDA:284,31,1,0
BRDA:286,32,0,0
BRDA:286,32,1,0
BRDA:289,33,0,0
BRDA:289,33,1,0
BRDA:292,34,0,0
BRDA:292,34,1,0
BRDA:293,35,0,0
BRDA:293,35,1,0
BRDA:293,36,0,0
BRDA:293,36,1,0
BRDA:308,37,0,0
BRDA:308,37,1,0
BRDA:310,38,0,0
BRDA:310,38,1,0
BRDA:310,39,0,0
BRDA:310,39,1,0
BRDA:317,40,0,0
BRDA:317,40,1,0
BRDA:329,41,0,0
BRDA:329,41,1,0
BRDA:347,42,0,0
BRDA:347,42,1,0
BRDA:349,43,0,0
BRDA:349,43,1,0
BRDA:354,44,0,0
BRDA:354,44,1,0
BRDA:360,45,0,0
BRDA:360,45,1,0
BRDA:382,46,0,0
BRDA:382,46,1,0
BRDA:386,47,0,0
BRDA:386,47,1,0
BRDA:393,48,0,0
BRDA:393,48,1,0
BRDA:432,49,0,0
BRDA:432,49,1,0
BRDA:438,50,0,0
BRDA:438,50,1,0
BRDA:448,51,0,0
BRDA:448,51,1,0
BRDA:452,52,0,0
BRDA:452,52,1,0
BRDA:493,53,0,0
BRDA:493,53,1,0
BRDA:493,53,2,0
BRDA:531,54,0,0
BRDA:531,54,1,0
BRDA:539,55,0,0
BRDA:539,55,1,0
BRDA:547,56,0,0
BRDA:547,56,1,0
BRDA:547,57,0,0
BRDA:547,57,1,0
BRDA:573,58,0,0
BRDA:573,58,1,0
BRDA:575,59,0,0
BRDA:575,59,1,0
BRDA:580,60,0,0
BRDA:580,60,1,0
BRDA:583,61,0,0
BRDA:583,61,1,0
BRDA:600,62,0,0
BRDA:600,62,1,0
BRDA:600,62,2,0
BRDA:638,63,0,0
BRDA:638,63,1,0
BRDA:646,64,0,0
BRDA:646,64,1,0
BRDA:654,65,0,0
BRDA:654,65,1,0
BRDA:654,66,0,0
BRDA:654,66,1,0
BRDA:716,67,0,0
BRDA:716,67,1,0
BRF:138
BRH:0
end_of_record
TN:
SF:src\components\CountryCard.jsx
FN:1,CountryCard
FN:2,(anonymous_1)
FN:17,(anonymous_2)
FN:140,(anonymous_3)
FN:167,(anonymous_4)
FNF:5
FNH:3
FNDA:9,CountryCard
FNDA:1,(anonymous_1)
FNDA:1,(anonymous_2)
FNDA:0,(anonymous_3)
FNDA:0,(anonymous_4)
DA:2,9
DA:4,1
DA:6,1
DA:8,1
DA:12,9
DA:14,9
DA:17,1
DA:141,0
DA:142,0
DA:168,0
DA:169,0
LF:11
LH:7
BRDA:19,0,0,1
BRDA:19,0,1,8
BRDA:22,1,0,1
BRDA:22,1,1,8
BRDA:31,2,0,1
BRDA:31,2,1,8
BRDA:42,3,0,1
BRDA:42,3,1,8
BRDA:52,4,0,9
BRDA:52,4,1,7
BRDA:56,5,0,1
BRDA:56,5,1,6
BRDA:58,6,0,1
BRDA:58,6,1,5
BRDA:62,7,0,1
BRDA:62,7,1,6
BRDA:82,8,0,9
BRDA:82,8,1,2
BRDA:84,9,0,1
BRDA:84,9,1,1
BRDA:86,10,0,0
BRDA:86,10,1,1
BRDA:94,11,0,1
BRDA:94,11,1,1
BRDA:110,12,0,1
BRDA:110,12,1,8
BRDA:118,13,0,1
BRDA:118,13,1,8
BRDA:133,14,0,9
BRDA:133,14,1,1
BRDA:138,15,0,9
BRDA:138,15,1,7
BRDA:145,16,0,1
BRDA:145,16,1,6
BRDA:165,17,0,9
BRDA:165,17,1,2
BRDA:172,18,0,1
BRDA:172,18,1,1
BRDA:173,19,0,0
BRDA:173,19,1,1
BRDA:176,20,0,0
BRDA:176,20,1,1
BRDA:186,21,0,1
BRDA:186,21,1,1
BRF:44
BRH:41
end_of_record
TN:
SF:src\components\CountryDetail.jsx
FN:1,CountryDetail
FN:140,(anonymous_1)
FN:153,(anonymous_2)
FN:156,(anonymous_3)
FNF:4
FNH:0
FNDA:0,CountryDetail
FNDA:0,(anonymous_1)
FNDA:0,(anonymous_2)
FNDA:0,(anonymous_3)
DA:2,0
DA:3,0
DA:5,0
DA:140,0
DA:154,0
DA:157,0
LF:6
LH:0
BRDA:2,0,0,0
BRDA:2,0,1,0
BRDA:3,1,0,0
BRDA:3,1,1,0
BRDA:7,2,0,0
BRDA:7,2,1,0
BRDA:13,3,0,0
BRDA:13,3,1,0
BRDA:22,4,0,0
BRDA:22,4,1,0
BRDA:43,5,0,0
BRDA:43,5,1,0
BRDA:47,6,0,0
BRDA:47,6,1,0
BRDA:49,7,0,0
BRDA:49,7,1,0
BRDA:53,8,0,0
BRDA:53,8,1,0
BRDA:67,9,0,0
BRDA:67,9,1,0
BRDA:71,10,0,0
BRDA:71,10,1,0
BRDA:102,11,0,0
BRDA:102,11,1,0
BRDA:125,12,0,0
BRDA:125,12,1,0
BRDA:129,13,0,0
BRDA:129,13,1,0
BRDA:136,14,0,0
BRDA:136,14,1,0
BRDA:140,15,0,0
BRDA:140,15,1,0
BRDA:144,16,0,0
BRDA:144,16,1,0
BRDA:152,17,0,0
BRDA:152,17,1,0
BRDA:157,18,0,0
BRDA:157,18,1,0
BRDA:160,19,0,0
BRDA:160,19,1,0
BRDA:169,20,0,0
BRDA:169,20,1,0
BRF:42
BRH:0
end_of_record
TN:
SF:src\components\CountryList.jsx
FN:4,CountryList
FN:26,(anonymous_1)
FN:31,(anonymous_2)
FN:36,(anonymous_3)
FN:39,(anonymous_4)
FN:42,(anonymous_5)
FN:54,(anonymous_6)
FN:64,(anonymous_7)
FN:72,(anonymous_8)
FN:78,(anonymous_9)
FN:87,(anonymous_10)
FN:95,(anonymous_11)
FN:99,(anonymous_12)
FN:101,(anonymous_13)
FN:102,(anonymous_14)
FN:104,(anonymous_15)
FN:120,(anonymous_16)
FN:138,(anonymous_17)
FN:159,(anonymous_18)
FN:162,(anonymous_19)
FN:188,(anonymous_20)
FN:201,(anonymous_21)
FN:221,(anonymous_22)
FNF:23
FNH:0
FNDA:0,CountryList
FNDA:0,(anonymous_1)
FNDA:0,(anonymous_2)
FNDA:0,(anonymous_3)
FNDA:0,(anonymous_4)
FNDA:0,(anonymous_5)
FNDA:0,(anonymous_6)
FNDA:0,(anonymous_7)
FNDA:0,(anonymous_8)
FNDA:0,(anonymous_9)
FNDA:0,(anonymous_10)
FNDA:0,(anonymous_11)
FNDA:0,(anonymous_12)
FNDA:0,(anonymous_13)
FNDA:0,(anonymous_14)
FNDA:0,(anonymous_15)
FNDA:0,(anonymous_16)
FNDA:0,(anonymous_17)
FNDA:0,(anonymous_18)
FNDA:0,(anonymous_19)
FNDA:0,(anonymous_20)
FNDA:0,(anonymous_21)
FNDA:0,(anonymous_22)
DA:15,0
DA:16,0
DA:17,0
DA:18,0
DA:21,0
DA:22,0
DA:23,0
DA:26,0
DA:27,0
DA:28,0
DA:31,0
DA:32,0
DA:33,0
DA:36,0
DA:39,0
DA:40,0
DA:42,0
DA:43,0
DA:44,0
DA:45,0
DA:49,0
DA:54,0
DA:56,0
DA:57,0
DA:58,0
DA:61,0
DA:64,0
DA:66,0
DA:68,0
DA:69,0
DA:72,0
DA:73,0
DA:78,0
DA:79,0
DA:80,0
DA:83,0
DA:84,0
DA:87,0
DA:90,0
DA:96,0
DA:99,0
DA:101,0
DA:102,0
DA:104,0
DA:120,0
DA:138,0
DA:160,0
DA:162,0
DA:188,0
DA:201,0
DA:222,0
DA:223,0
LF:52
LH:0
BRDA:40,0,0,0
BRDA:40,0,1,0
BRDA:42,1,0,0
BRDA:42,1,1,0
BRDA:42,2,0,0
BRDA:42,2,1,0
BRDA:44,3,0,0
BRDA:44,3,1,0
BRDA:44,4,0,0
BRDA:44,4,1,0
BRDA:56,5,0,0
BRDA:56,5,1,0
BRDA:66,6,0,0
BRDA:66,6,1,0
BRDA:66,7,0,0
BRDA:66,7,1,0
BRDA:66,7,2,0
BRDA:83,8,0,0
BRDA:83,8,1,0
BRDA:93,9,0,0
BRDA:93,9,1,0
BRDA:111,10,0,0
BRDA:111,10,1,0
BRDA:113,11,0,0
BRDA:113,11,1,0
BRDA:123,12,0,0
BRDA:123,12,1,0
BRDA:124,13,0,0
BRDA:124,13,1,0
BRDA:125,14,0,0
BRDA:125,14,1,0
BRDA:135,15,0,0
BRDA:135,15,1,0
BRDA:140,16,0,0
BRDA:140,16,1,0
BRDA:148,17,0,0
BRDA:148,17,1,0
BRDA:149,18,0,0
BRDA:149,18,1,0
BRDA:164,19,0,0
BRDA:164,19,1,0
BRDA:165,20,0,0
BRDA:165,20,1,0
BRDA:166,21,0,0
BRDA:166,21,1,0
BRDA:169,22,0,0
BRDA:169,22,1,0
BRDA:176,23,0,0
BRDA:176,23,1,0
BRDA:176,23,2,0
BRDA:179,24,0,0
BRDA:179,24,1,0
BRDA:180,25,0,0
BRDA:180,25,1,0
BRDA:190,26,0,0
BRDA:190,26,1,0
BRDA:204,27,0,0
BRDA:204,27,1,0
BRDA:205,28,0,0
BRDA:205,28,1,0
BRDA:206,29,0,0
BRDA:206,29,1,0
BRDA:217,30,0,0
BRDA:217,30,1,0
BRDA:226,31,0,0
BRDA:226,31,1,0
BRF:66
BRH:0
end_of_record
TN:
SF:src\components\Filter.jsx
FN:3,Filter
FN:35,(anonymous_1)
FN:51,(anonymous_2)
FN:71,(anonymous_3)
FN:79,(anonymous_4)
FN:96,(anonymous_5)
FN:108,(anonymous_6)
FN:115,(anonymous_7)
FN:132,(anonymous_8)
FN:140,(anonymous_9)
FN:148,(anonymous_10)
FN:171,(anonymous_11)
FN:187,(anonymous_12)
FN:194,(anonymous_13)
FNF:14
FNH:0
FNDA:0,Filter
FNDA:0,(anonymous_1)
FNDA:0,(anonymous_2)
FNDA:0,(anonymous_3)
FNDA:0,(anonymous_4)
FNDA:0,(anonymous_5)
FNDA:0,(anonymous_6)
FNDA:0,(anonymous_7)
FNDA:0,(anonymous_8)
FNDA:0,(anonymous_9)
FNDA:0,(anonymous_10)
FNDA:0,(anonymous_11)
FNDA:0,(anonymous_12)
FNDA:0,(anonymous_13)
DA:16,0
DA:17,0
DA:22,0
DA:32,0
DA:35,0
DA:36,0
DA:37,0
DA:38,0
DA:41,0
DA:42,0
DA:46,0
DA:52,0
DA:71,0
DA:80,0
DA:96,0
DA:108,0
DA:116,0
DA:132,0
DA:141,0
DA:148,0
DA:171,0
DA:187,0
DA:195,0
LF:23
LH:0
BRDA:32,0,0,0
BRDA:32,0,1,0
BRDA:41,1,0,0
BRDA:41,1,1,0
BRDA:41,2,0,0
BRDA:41,2,1,0
BRDA:48,3,0,0
BRDA:48,3,1,0
BRDA:53,4,0,0
BRDA:53,4,1,0
BRDA:54,5,0,0
BRDA:54,5,1,0
BRDA:73,6,0,0
BRDA:73,6,1,0
BRDA:87,7,0,0
BRDA:87,7,1,0
BRDA:110,8,0,0
BRDA:110,8,1,0
BRDA:131,9,0,0
BRDA:131,9,1,0
BRDA:134,10,0,0
BRDA:134,10,1,0
BRDA:150,11,0,0
BRDA:150,11,1,0
BRDA:155,12,0,0
BRDA:155,12,1,0
BRDA:159,13,0,0
BRDA:159,13,1,0
BRDA:162,14,0,0
BRDA:162,14,1,0
BRDA:182,15,0,0
BRDA:182,15,1,0
BRDA:189,16,0,0
BRDA:189,16,1,0
BRF:34
BRH:0
end_of_record
TN:
SF:src\components\Login.jsx
FN:4,(anonymous_0)
FN:15,(anonymous_1)
FN:22,(anonymous_2)
FNF:3
FNH:3
FNDA:65,(anonymous_0)
FNDA:56,(anonymous_1)
FNDA:3,(anonymous_2)
DA:4,1
DA:5,65
DA:9,65
DA:10,65
DA:11,65
DA:13,65
DA:15,65
DA:16,56
DA:22,65
DA:23,3
DA:24,3
DA:25,3
DA:27,3
DA:28,1
DA:29,1
DA:32,2
DA:33,2
DA:34,2
DA:42,2
DA:44,2
DA:45,1
DA:51,1
DA:52,1
DA:55,1
DA:57,2
DA:61,65
LF:26
LH:26
BRDA:27,0,0,1
BRDA:27,0,1,2
BRDA:27,1,0,3
BRDA:27,1,1,2
BRDA:44,2,0,1
BRDA:44,2,1,1
BRDA:45,3,0,1
BRDA:45,3,1,0
BRDA:72,4,0,65
BRDA:72,4,1,2
BRDA:78,5,0,65
BRDA:78,5,1,1
BRDA:118,6,0,65
BRDA:118,6,1,63
BRDA:121,7,0,2
BRDA:121,7,1,63
BRDA:129,8,0,1
BRDA:129,8,1,62
BRF:18
BRH:17
end_of_record
TN:
SF:src\components\Navbar.jsx
FN:6,(anonymous_0)
FN:17,(anonymous_1)
FN:18,(anonymous_2)
FN:27,(anonymous_3)
FN:31,(anonymous_4)
FN:37,(anonymous_5)
FN:42,(anonymous_6)
FN:46,(anonymous_7)
FN:52,(anonymous_8)
FN:70,(anonymous_9)
FN:71,(anonymous_10)
FN:93,(anonymous_11)
FN:251,(anonymous_12)
FN:303,(anonymous_13)
FN:338,(anonymous_14)
FN:417,(anonymous_15)
FNF:16
FNH:0
FNDA:0,(anonymous_0)
FNDA:0,(anonymous_1)
FNDA:0,(anonymous_2)
FNDA:0,(anonymous_3)
FNDA:0,(anonymous_4)
FNDA:0,(anonymous_5)
FNDA:0,(anonymous_6)
FNDA:0,(anonymous_7)
FNDA:0,(anonymous_8)
FNDA:0,(anonymous_9)
FNDA:0,(anonymous_10)
FNDA:0,(anonymous_11)
FNDA:0,(anonymous_12)
FNDA:0,(anonymous_13)
FNDA:0,(anonymous_14)
FNDA:0,(anonymous_15)
DA:6,0
DA:7,0
DA:8,0
DA:9,0
DA:10,0
DA:11,0
DA:12,0
DA:13,0
DA:14,0
DA:17,0
DA:18,0
DA:19,0
DA:20,0
DA:22,0
DA:26,0
DA:27,0
DA:31,0
DA:32,0
DA:33,0
DA:37,0
DA:38,0
DA:39,0
DA:42,0
DA:43,0
DA:46,0
DA:47,0
DA:51,0
DA:52,0
DA:61,0
DA:70,0
DA:71,0
DA:94,0
DA:251,0
DA:304,0
DA:339,0
DA:340,0
DA:418,0
LF:37
LH:0
BRDA:19,0,0,0
BRDA:19,0,1,0
BRDA:32,1,0,0
BRDA:32,1,1,0
BRDA:66,2,0,0
BRDA:66,2,1,0
BRDA:69,3,0,0
BRDA:69,3,1,0
BRDA:76,4,0,0
BRDA:76,4,1,0
BRDA:79,5,0,0
BRDA:79,5,1,0
BRDA:97,6,0,0
BRDA:97,6,1,0
BRDA:106,7,0,0
BRDA:106,7,1,0
BRDA:117,8,0,0
BRDA:117,8,1,0
BRDA:118,9,0,0
BRDA:118,9,1,0
BRDA:120,10,0,0
BRDA:120,10,1,0
BRDA:121,11,0,0
BRDA:121,11,1,0
BRDA:134,12,0,0
BRDA:134,12,1,0
BRDA:143,13,0,0
BRDA:143,13,1,0
BRDA:146,14,0,0
BRDA:146,14,1,0
BRDA:152,15,0,0
BRDA:152,15,1,0
BRDA:155,16,0,0
BRDA:155,16,1,0
BRDA:162,17,0,0
BRDA:162,17,1,0
BRDA:162,18,0,0
BRDA:162,18,1,0
BRDA:172,19,0,0
BRDA:172,19,1,0
BRDA:176,20,0,0
BRDA:176,20,1,0
BRDA:181,21,0,0
BRDA:181,21,1,0
BRDA:184,22,0,0
BRDA:184,22,1,0
BRDA:223,23,0,0
BRDA:223,23,1,0
BRDA:230,24,0,0
BRDA:230,24,1,0
BRDA:237,25,0,0
BRDA:237,25,1,0
BRDA:247,26,0,0
BRDA:247,26,1,0
BRDA:258,27,0,0
BRDA:258,27,1,0
BRDA:259,28,0,0
BRDA:259,28,1,0
BRDA:266,29,0,0
BRDA:266,29,1,0
BRDA:268,30,0,0
BRDA:268,30,1,0
BRDA:273,31,0,0
BRDA:273,31,1,0
BRDA:275,32,0,0
BRDA:275,32,1,0
BRDA:280,33,0,0
BRDA:280,33,1,0
BRDA:282,34,0,0
BRDA:282,34,1,0
BRDA:292,35,0,0
BRDA:292,35,1,0
BRDA:297,36,0,0
BRDA:297,36,1,0
BRDA:301,37,0,0
BRDA:301,37,1,0
BRDA:308,38,0,0
BRDA:308,38,1,0
BRDA:309,39,0,0
BRDA:309,39,1,0
BRDA:312,40,0,0
BRDA:312,40,1,0
BRDA:319,41,0,0
BRDA:319,41,1,0
BRDA:321,42,0,0
BRDA:321,42,1,0
BRDA:329,43,0,0
BRDA:329,43,1,0
BRDA:360,44,0,0
BRDA:360,44,1,0
BRDA:361,45,0,0
BRDA:361,45,1,0
BRDA:364,46,0,0
BRDA:364,46,1,0
BRDA:377,47,0,0
BRDA:377,47,1,0
BRDA:378,48,0,0
BRDA:378,48,1,0
BRDA:381,49,0,0
BRDA:381,49,1,0
BRDA:398,50,0,0
BRDA:398,50,1,0
BRDA:400,51,0,0
BRDA:400,51,1,0
BRDA:403,52,0,0
BRDA:403,52,1,0
BRDA:411,53,0,0
BRDA:411,53,1,0
BRDA:414,54,0,0
BRDA:414,54,1,0
BRDA:421,55,0,0
BRDA:421,55,1,0
BRDA:424,56,0,0
BRDA:424,56,1,0
BRDA:426,57,0,0
BRDA:426,57,1,0
BRDA:432,58,0,0
BRDA:432,58,1,0
BRDA:434,59,0,0
BRDA:434,59,1,0
BRDA:439,60,0,0
BRDA:439,60,1,0
BRDA:441,61,0,0
BRDA:441,61,1,0
BRDA:442,62,0,0
BRDA:442,62,1,0
BRDA:443,63,0,0
BRDA:443,63,1,0
BRDA:445,64,0,0
BRDA:445,64,1,0
BRDA:446,65,0,0
BRDA:446,65,1,0
BRDA:448,66,0,0
BRDA:448,66,1,0
BRDA:449,67,0,0
BRDA:449,67,1,0
BRDA:451,68,0,0
BRDA:451,68,1,0
BRDA:452,69,0,0
BRDA:452,69,1,0
BRDA:458,70,0,0
BRDA:458,70,1,0
BRDA:459,71,0,0
BRDA:459,71,1,0
BRDA:460,72,0,0
BRDA:460,72,1,0
BRDA:475,73,0,0
BRDA:475,73,1,0
BRF:148
BRH:0
end_of_record
TN:
SF:src\components\Profile.jsx
FN:4,(anonymous_0)
FN:10,(anonymous_1)
FN:11,(anonymous_2)
FNF:3
FNH:0
FNDA:0,(anonymous_0)
FNDA:0,(anonymous_1)
FNDA:0,(anonymous_2)
DA:4,0
DA:5,0
DA:6,0
DA:7,0
DA:8,0
DA:10,0
DA:11,0
DA:12,0
DA:13,0
DA:14,0
DA:16,0
DA:22,0
DA:24,0
DA:25,0
DA:28,0
DA:30,0
DA:32,0
DA:36,0
DA:37,0
DA:41,0
DA:42,0
DA:49,0
DA:50,0
DA:60,0
LF:24
LH:0
BRDA:24,0,0,0
BRDA:24,0,1,0
BRDA:25,1,0,0
BRDA:25,1,1,0
BRDA:36,2,0,0
BRDA:36,2,1,0
BRDA:41,3,0,0
BRDA:41,3,1,0
BRDA:49,4,0,0
BRDA:49,4,1,0
BRF:10
BRH:0
end_of_record
TN:
SF:src\components\ProtectedRoute.jsx
FN:4,(anonymous_0)
FNF:1
FNH:0
FNDA:0,(anonymous_0)
DA:4,0
DA:5,0
DA:7,0
DA:9,0
DA:16,0
DA:18,0
DA:22,0
LF:7
LH:0
BRDA:7,0,0,0
BRDA:7,0,1,0
BRDA:16,1,0,0
BRDA:16,1,1,0
BRF:4
BRH:0
end_of_record
TN:
SF:src\components\Register.jsx
FN:4,(anonymous_0)
FN:18,(anonymous_1)
FN:25,(anonymous_2)
FNF:3
FNH:0
FNDA:0,(anonymous_0)
FNDA:0,(anonymous_1)
FNDA:0,(anonymous_2)
DA:4,0
DA:5,0
DA:6,0
DA:13,0
DA:14,0
DA:16,0
DA:18,0
DA:19,0
DA:25,0
DA:26,0
DA:27,0
DA:30,0
DA:31,0
DA:32,0
DA:35,0
DA:36,0
DA:37,0
DA:40,0
DA:41,0
DA:42,0
DA:45,0
DA:46,0
DA:47,0
DA:55,0
DA:57,0
DA:58,0
DA:63,0
DA:66,0
DA:68,0
DA:72,0
LF:30
LH:0
BRDA:30,0,0,0
BRDA:30,0,1,0
BRDA:30,1,0,0
BRDA:30,1,1,0
BRDA:30,1,2,0
BRDA:30,1,3,0
BRDA:30,1,4,0
BRDA:35,2,0,0
BRDA:35,2,1,0
BRDA:40,3,0,0
BRDA:40,3,1,0
BRDA:57,4,0,0
BRDA:57,4,1,0
BRDA:58,5,0,0
BRDA:58,5,1,0
BRDA:83,6,0,0
BRDA:83,6,1,0
BRDA:171,7,0,0
BRDA:171,7,1,0
BRF:19
BRH:0
end_of_record
TN:
SF:src\components\SearchBar.jsx
FN:3,SearchBar
FN:10,(anonymous_1)
FN:19,(anonymous_2)
FN:25,(anonymous_3)
FN:32,(anonymous_4)
FN:35,(anonymous_5)
FN:43,(anonymous_6)
FN:49,(anonymous_7)
FN:56,(anonymous_8)
FN:63,(anonymous_9)
FN:80,(anonymous_10)
FN:81,(anonymous_11)
FN:81,(anonymous_12)
FN:141,(anonymous_13)
FN:159,(anonymous_14)
FN:162,(anonymous_15)
FNF:16
FNH:15
FNDA:32,SearchBar
FNDA:12,(anonymous_1)
FNDA:13,(anonymous_2)
FNDA:2,(anonymous_3)
FNDA:2,(anonymous_4)
FNDA:1,(anonymous_5)
FNDA:1,(anonymous_6)
FNDA:3,(anonymous_7)
FNDA:1,(anonymous_8)
FNDA:1,(anonymous_9)
FNDA:4,(anonymous_10)
FNDA:1,(anonymous_11)
FNDA:1,(anonymous_12)
FNDA:0,(anonymous_13)
FNDA:4,(anonymous_14)
FNDA:1,(anonymous_15)
DA:4,32
DA:5,32
DA:6,32
DA:7,32
DA:8,32
DA:10,32
DA:12,12
DA:13,12
DA:14,4
DA:19,32
DA:20,13
DA:21,1
DA:25,32
DA:26,2
DA:27,2
DA:28,2
DA:29,2
DA:32,32
DA:33,2
DA:35,2
DA:36,2
DA:37,2
DA:38,2
DA:40,2
DA:43,32
DA:44,1
DA:45,1
DA:49,32
DA:50,3
DA:51,3
DA:52,3
DA:53,3
DA:54,3
DA:56,3
DA:57,1
DA:58,1
DA:59,1
DA:60,1
DA:63,3
DA:64,1
DA:67,3
DA:71,32
DA:80,4
DA:81,1
DA:141,0
DA:160,4
DA:162,1
LF:47
LH:46
BRDA:4,0,0,32
BRDA:4,0,1,29
BRDA:13,1,0,4
BRDA:13,1,1,8
BRDA:20,2,0,1
BRDA:20,2,1,12
BRDA:20,3,0,13
BRDA:20,3,1,2
BRDA:33,4,0,2
BRDA:33,4,1,0
BRDA:44,5,0,1
BRDA:44,5,1,0
BRDA:50,6,0,3
BRDA:50,6,1,0
BRDA:84,7,0,4
BRDA:84,7,1,28
BRDA:90,8,0,4
BRDA:90,8,1,28
BRDA:105,9,0,3
BRDA:105,9,1,29
BRDA:107,10,0,4
BRDA:107,10,1,25
BRDA:132,11,0,32
BRDA:132,11,1,6
BRDA:132,11,2,2
BRDA:132,11,3,6
BRDA:134,12,0,1
BRDA:134,12,1,5
BRDA:136,13,0,6
BRDA:136,13,1,2
BRDA:138,14,0,0
BRDA:138,14,1,2
BRDA:143,15,0,0
BRDA:143,15,1,2
BRDA:152,16,0,6
BRDA:152,16,1,4
BRDA:155,17,0,1
BRDA:155,17,1,3
BRDA:164,18,0,1
BRDA:164,18,1,3
BRF:40
BRH:35
end_of_record
TN:
SF:src\components\SiteDescription.jsx
FN:3,(anonymous_0)
FNF:1
FNH:0
FNDA:0,(anonymous_0)
DA:3,0
DA:4,0
LF:2
LH:0
BRF:0
BRH:0
end_of_record
TN:
SF:src\components\ThemeToggle.jsx
FN:1,ThemeToggle
FNF:1
FNH:0
FNDA:0,ThemeToggle
DA:2,0
LF:1
LH:0
BRF:0
BRH:0
end_of_record
TN:
SF:src\components\WorldMap.jsx
FN:3,(anonymous_0)
FN:35,(anonymous_1)
FN:36,(anonymous_2)
FN:40,(anonymous_3)
FN:41,(anonymous_4)
FN:44,(anonymous_5)
FN:51,(anonymous_6)
FN:59,(anonymous_7)
FN:70,(anonymous_8)
FN:82,(anonymous_9)
FN:88,(anonymous_10)
FN:89,(anonymous_11)
FN:121,(anonymous_12)
FN:138,(anonymous_13)
FN:139,(anonymous_14)
FN:217,(anonymous_15)
FN:232,(anonymous_16)
FN:248,(anonymous_17)
FN:250,(anonymous_18)
FN:251,(anonymous_19)
FN:252,(anonymous_20)
FN:373,(anonymous_21)
FN:407,(anonymous_22)
FN:412,(anonymous_23)
FN:425,(anonymous_24)
FN:425,(anonymous_25)
FNF:26
FNH:0
FNDA:0,(anonymous_0)
FNDA:0,(anonymous_1)
FNDA:0,(anonymous_2)
FNDA:0,(anonymous_3)
FNDA:0,(anonymous_4)
FNDA:0,(anonymous_5)
FNDA:0,(anonymous_6)
FNDA:0,(anonymous_7)
FNDA:0,(anonymous_8)
FNDA:0,(anonymous_9)
FNDA:0,(anonymous_10)
FNDA:0,(anonymous_11)
FNDA:0,(anonymous_12)
FNDA:0,(anonymous_13)
FNDA:0,(anonymous_14)
FNDA:0,(anonymous_15)
FNDA:0,(anonymous_16)
FNDA:0,(anonymous_17)
FNDA:0,(anonymous_18)
FNDA:0,(anonymous_19)
FNDA:0,(anonymous_20)
FNDA:0,(anonymous_21)
FNDA:0,(anonymous_22)
FNDA:0,(anonymous_23)
FNDA:0,(anonymous_24)
FNDA:0,(anonymous_25)
DA:3,0
DA:4,0
DA:5,0
DA:6,0
DA:7,0
DA:8,0
DA:9,0
DA:10,0
DA:13,0
DA:31,0
DA:32,0
DA:35,0
DA:36,0
DA:37,0
DA:40,0
DA:41,0
DA:44,0
DA:45,0
DA:46,0
DA:51,0
DA:52,0
DA:53,0
DA:54,0
DA:55,0
DA:59,0
DA:60,0
DA:61,0
DA:64,0
DA:65,0
DA:66,0
DA:67,0
DA:70,0
DA:71,0
DA:72,0
DA:77,0
DA:78,0
DA:82,0
DA:83,0
DA:88,0
DA:89,0
DA:99,0
DA:101,0
DA:122,0
DA:138,0
DA:139,0
DA:218,0
DA:233,0
DA:249,0
DA:250,0
DA:251,0
DA:252,0
DA:374,0
DA:407,0
DA:412,0
DA:425,0
LF:55
LH:0
BRDA:14,0,0,0
BRDA:14,0,1,0
BRDA:14,1,0,0
BRDA:14,1,1,0
BRDA:16,2,0,0
BRDA:16,2,1,0
BRDA:16,3,0,0
BRDA:16,3,1,0
BRDA:18,4,0,0
BRDA:18,4,1,0
BRDA:18,5,0,0
BRDA:18,5,1,0
BRDA:20,6,0,0
BRDA:20,6,1,0
BRDA:20,7,0,0
BRDA:20,7,1,0
BRDA:22,8,0,0
BRDA:22,8,1,0
BRDA:22,9,0,0
BRDA:22,9,1,0
BRDA:24,10,0,0
BRDA:24,10,1,0
BRDA:24,11,0,0
BRDA:24,11,1,0
BRDA:26,12,0,0
BRDA:26,12,1,0
BRDA:26,13,0,0
BRDA:26,13,1,0
BRDA:71,14,0,0
BRDA:71,14,1,0
BRDA:77,15,0,0
BRDA:77,15,1,0
BRDA:104,16,0,0
BRDA:104,16,1,0
BRDA:105,17,0,0
BRDA:105,17,1,0
BRDA:113,18,0,0
BRDA:113,18,1,0
BRDA:114,19,0,0
BRDA:114,19,1,0
BRDA:119,20,0,0
BRDA:119,20,1,0
BRDA:155,21,0,0
BRDA:155,21,1,0
BRDA:161,22,0,0
BRDA:161,22,1,0
BRDA:171,23,0,0
BRDA:171,23,1,0
BRDA:172,24,0,0
BRDA:172,24,1,0
BRDA:173,25,0,0
BRDA:173,25,1,0
BRDA:199,26,0,0
BRDA:199,26,1,0
BRDA:200,27,0,0
BRDA:200,27,1,0
BRDA:202,28,0,0
BRDA:202,28,1,0
BRDA:215,29,0,0
BRDA:215,29,1,0
BRDA:225,30,0,0
BRDA:225,30,1,0
BRDA:226,31,0,0
BRDA:226,31,1,0
BRDA:239,32,0,0
BRDA:239,32,1,0
BRDA:240,33,0,0
BRDA:240,33,1,0
BRDA:260,34,0,0
BRDA:260,34,1,0
BRDA:260,35,0,0
BRDA:260,35,1,0
BRDA:261,36,0,0
BRDA:261,36,1,0
BRDA:262,37,0,0
BRDA:262,37,1,0
BRDA:263,38,0,0
BRDA:263,38,1,0
BRDA:270,39,0,0
BRDA:270,39,1,0
BRDA:270,40,0,0
BRDA:270,40,1,0
BRDA:272,41,0,0
BRDA:272,41,1,0
BRDA:272,42,0,0
BRDA:272,42,1,0
BRDA:273,43,0,0
BRDA:273,43,1,0
BRDA:286,44,0,0
BRDA:286,44,1,0
BRDA:286,44,2,0
BRDA:301,45,0,0
BRDA:301,45,1,0
BRDA:301,45,2,0
BRDA:308,46,0,0
BRDA:308,46,1,0
BRDA:318,47,0,0
BRDA:318,47,1,0
BRDA:318,47,2,0
BRDA:342,48,0,0
BRDA:342,48,1,0
BRDA:353,49,0,0
BRDA:353,49,1,0
BRDA:367,50,0,0
BRDA:367,50,1,0
BRDA:383,51,0,0
BRDA:383,51,1,0
BRDA:385,52,0,0
BRDA:385,52,1,0
BRDA:396,53,0,0
BRDA:396,53,1,0
BRDA:399,54,0,0
BRDA:399,54,1,0
BRDA:401,55,0,0
BRDA:401,55,1,0
BRDA:414,56,0,0
BRDA:414,56,1,0
BRDA:421,57,0,0
BRDA:421,57,1,0
BRF:119
BRH:0
end_of_record
TN:
SF:src\context\AuthContext.jsx
FN:5,(anonymous_0)
FN:10,(anonymous_1)
FN:11,(anonymous_2)
FN:43,(anonymous_3)
FN:49,(anonymous_4)
FN:62,(anonymous_5)
FNF:6
FNH:3
FNDA:8,(anonymous_0)
FNDA:4,(anonymous_1)
FNDA:4,(anonymous_2)
FNDA:0,(anonymous_3)
FNDA:0,(anonymous_4)
FNDA:0,(anonymous_5)
DA:3,1
DA:5,1
DA:6,8
DA:7,8
DA:10,8
DA:11,4
DA:12,4
DA:13,4
DA:15,4
DA:16,0
DA:19,0
DA:25,0
DA:26,0
DA:29,0
DA:33,0
DA:35,4
DA:39,4
DA:43,8
DA:44,0
DA:45,0
DA:49,8
DA:50,0
DA:51,0
DA:54,8
DA:62,1
DA:63,0
LF:26
LH:15
BRDA:15,0,0,0
BRDA:15,0,1,4
BRDA:25,1,0,0
BRDA:25,1,1,0
BRF:4
BRH:1
end_of_record
