TN:
SF:src\App.jsx
FN:16,AppContent
FN:34,(anonymous_1)
FN:56,(anonymous_2)
FN:66,(anonymous_3)
FN:71,(anonymous_4)
FN:88,(anonymous_5)
FN:94,(anonymous_6)
FN:102,(anonymous_7)
FN:123,(anonymous_8)
FN:128,(anonymous_9)
FN:133,(anonymous_10)
FN:138,(anonymous_11)
FN:144,(anonymous_12)
FN:152,(anonymous_13)
FN:156,(anonymous_14)
FN:162,(anonymous_15)
FN:182,(anonymous_16)
FN:207,(anonymous_17)
FN:213,(anonymous_18)
FN:220,(anonymous_19)
FN:233,(anonymous_20)
FN:234,(anonymous_21)
FN:236,(anonymous_22)
FN:242,(anonymous_23)
FN:253,(anonymous_24)
FN:254,(anonymous_25)
FN:259,(anonymous_26)
FN:260,(anonymous_27)
FN:264,(anonymous_28)
FN:271,(anonymous_29)
FN:275,(anonymous_30)
FN:281,(anonymous_31)
FN:304,(anonymous_32)
FN:358,(anonymous_33)
FN:389,(anonymous_34)
FN:413,(anonymous_35)
FN:415,(anonymous_36)
FN:427,(anonymous_37)
FN:436,(anonymous_38)
FN:444,(anonymous_39)
FN:448,(anonymous_40)
FN:505,(anonymous_41)
FN:515,(anonymous_42)
FN:531,(anonymous_43)
FN:539,(anonymous_44)
FN:547,(anonymous_45)
FN:556,(anonymous_46)
FN:564,(anonymous_47)
FN:572,(anonymous_48)
FN:575,(anonymous_49)
FN:582,(anonymous_50)
FN:615,(anonymous_51)
FN:616,(anonymous_52)
FN:620,(anonymous_53)
FN:660,(anonymous_54)
FN:672,(anonymous_55)
FN:689,(anonymous_56)
FN:699,(anonymous_57)
FN:707,(anonymous_58)
FN:715,(anonymous_59)
FN:723,(anonymous_60)
FN:731,(anonymous_61)
FN:733,(anonymous_62)
FN:739,(anonymous_63)
FN:771,App
FN:782,LoginWrapper
FN:791,(anonymous_66)
FNF:67
FNH:0
FNDA:0,AppContent
FNDA:0,(anonymous_1)
FNDA:0,(anonymous_2)
FNDA:0,(anonymous_3)
FNDA:0,(anonymous_4)
FNDA:0,(anonymous_5)
FNDA:0,(anonymous_6)
FNDA:0,(anonymous_7)
FNDA:0,(anonymous_8)
FNDA:0,(anonymous_9)
FNDA:0,(anonymous_10)
FNDA:0,(anonymous_11)
FNDA:0,(anonymous_12)
FNDA:0,(anonymous_13)
FNDA:0,(anonymous_14)
FNDA:0,(anonymous_15)
FNDA:0,(anonymous_16)
FNDA:0,(anonymous_17)
FNDA:0,(anonymous_18)
FNDA:0,(anonymous_19)
FNDA:0,(anonymous_20)
FNDA:0,(anonymous_21)
FNDA:0,(anonymous_22)
FNDA:0,(anonymous_23)
FNDA:0,(anonymous_24)
FNDA:0,(anonymous_25)
FNDA:0,(anonymous_26)
FNDA:0,(anonymous_27)
FNDA:0,(anonymous_28)
FNDA:0,(anonymous_29)
FNDA:0,(anonymous_30)
FNDA:0,(anonymous_31)
FNDA:0,(anonymous_32)
FNDA:0,(anonymous_33)
FNDA:0,(anonymous_34)
FNDA:0,(anonymous_35)
FNDA:0,(anonymous_36)
FNDA:0,(anonymous_37)
FNDA:0,(anonymous_38)
FNDA:0,(anonymous_39)
FNDA:0,(anonymous_40)
FNDA:0,(anonymous_41)
FNDA:0,(anonymous_42)
FNDA:0,(anonymous_43)
FNDA:0,(anonymous_44)
FNDA:0,(anonymous_45)
FNDA:0,(anonymous_46)
FNDA:0,(anonymous_47)
FNDA:0,(anonymous_48)
FNDA:0,(anonymous_49)
FNDA:0,(anonymous_50)
FNDA:0,(anonymous_51)
FNDA:0,(anonymous_52)
FNDA:0,(anonymous_53)
FNDA:0,(anonymous_54)
FNDA:0,(anonymous_55)
FNDA:0,(anonymous_56)
FNDA:0,(anonymous_57)
FNDA:0,(anonymous_58)
FNDA:0,(anonymous_59)
FNDA:0,(anonymous_60)
FNDA:0,(anonymous_61)
FNDA:0,(anonymous_62)
FNDA:0,(anonymous_63)
FNDA:0,App
FNDA:0,LoginWrapper
FNDA:0,(anonymous_66)
DA:17,0
DA:18,0
DA:19,0
DA:20,0
DA:21,0
DA:22,0
DA:23,0
DA:24,0
DA:25,0
DA:26,0
DA:27,0
DA:28,0
DA:29,0
DA:30,0
DA:31,0
DA:34,0
DA:35,0
DA:36,0
DA:37,0
DA:38,0
DA:39,0
DA:40,0
DA:42,0
DA:46,0
DA:47,0
DA:48,0
DA:49,0
DA:51,0
DA:56,0
DA:57,0
DA:59,0
DA:60,0
DA:61,0
DA:66,0
DA:67,0
DA:71,0
DA:72,0
DA:73,0
DA:74,0
DA:75,0
DA:76,0
DA:77,0
DA:78,0
DA:79,0
DA:80,0
DA:82,0
DA:83,0
DA:84,0
DA:88,0
DA:89,0
DA:90,0
DA:91,0
DA:92,0
DA:94,0
DA:95,0
DA:98,0
DA:102,0
DA:103,0
DA:104,0
DA:105,0
DA:107,0
DA:108,0
DA:109,0
DA:110,0
DA:111,0
DA:112,0
DA:113,0
DA:114,0
DA:116,0
DA:117,0
DA:118,0
DA:119,0
DA:123,0
DA:124,0
DA:125,0
DA:128,0
DA:129,0
DA:130,0
DA:133,0
DA:134,0
DA:135,0
DA:138,0
DA:139,0
DA:142,0
DA:143,0
DA:144,0
DA:145,0
DA:151,0
DA:152,0
DA:156,0
DA:157,0
DA:162,0
DA:163,0
DA:164,0
DA:166,0
DA:167,0
DA:169,0
DA:170,0
DA:172,0
DA:173,0
DA:175,0
DA:178,0
DA:182,0
DA:183,0
DA:184,0
DA:185,0
DA:186,0
DA:187,0
DA:188,0
DA:192,0
DA:194,0
DA:197,0
DA:199,0
DA:201,0
DA:202,0
DA:203,0
DA:207,0
DA:208,0
DA:210,0
DA:213,0
DA:214,0
DA:215,0
DA:216,0
DA:217,0
DA:220,0
DA:221,0
DA:222,0
DA:223,0
DA:226,0
DA:227,0
DA:229,0
DA:233,0
DA:234,0
DA:235,0
DA:236,0
DA:238,0
DA:242,0
DA:243,0
DA:244,0
DA:245,0
DA:247,0
DA:249,0
DA:253,0
DA:254,0
DA:255,0
DA:259,0
DA:260,0
DA:264,0
DA:265,0
DA:267,0
DA:270,0
DA:271,0
DA:275,0
DA:276,0
DA:281,0
DA:282,0
DA:283,0
DA:285,0
DA:286,0
DA:288,0
DA:289,0
DA:291,0
DA:292,0
DA:294,0
DA:298,0
DA:299,0
DA:300,0
DA:304,0
DA:306,0
DA:307,0
DA:308,0
DA:309,0
DA:310,0
DA:315,0
DA:358,0
DA:391,0
DA:393,0
DA:403,0
DA:404,0
DA:407,0
DA:408,0
DA:409,0
DA:410,0
DA:413,0
DA:414,0
DA:415,0
DA:416,0
DA:428,0
DA:437,0
DA:444,0
DA:448,0
DA:506,0
DA:515,0
DA:532,0
DA:540,0
DA:548,0
DA:557,0
DA:565,0
DA:573,0
DA:575,0
DA:583,0
DA:615,0
DA:616,0
DA:620,0
DA:661,0
DA:672,0
DA:690,0
DA:700,0
DA:708,0
DA:716,0
DA:724,0
DA:732,0
DA:733,0
DA:740,0
DA:772,0
DA:783,0
DA:784,0
DA:787,0
DA:788,0
DA:791,0
DA:792,0
DA:793,0
DA:796,0
LF:223
LH:0
BRDA:36,0,0,0
BRDA:36,0,1,0
BRDA:39,1,0,0
BRDA:39,1,1,0
BRDA:48,2,0,0
BRDA:48,2,1,0
BRDA:60,3,0,0
BRDA:60,3,1,0
BRDA:76,4,0,0
BRDA:76,4,1,0
BRDA:90,5,0,0
BRDA:90,5,1,0
BRDA:95,6,0,0
BRDA:95,6,1,0
BRDA:103,7,0,0
BRDA:103,7,1,0
BRDA:111,8,0,0
BRDA:111,8,1,0
BRDA:142,9,0,0
BRDA:142,9,1,0
BRDA:145,10,0,0
BRDA:145,10,1,0
BRDA:151,11,0,0
BRDA:151,11,1,0
BRDA:157,12,0,0
BRDA:157,12,1,0
BRDA:163,13,0,0
BRDA:163,13,1,0
BRDA:164,14,0,0
BRDA:164,14,1,0
BRDA:166,15,0,0
BRDA:166,15,1,0
BRDA:169,16,0,0
BRDA:169,16,1,0
BRDA:172,17,0,0
BRDA:172,17,1,0
BRDA:173,18,0,0
BRDA:173,18,1,0
BRDA:173,19,0,0
BRDA:173,19,1,0
BRDA:187,20,0,0
BRDA:187,20,1,0
BRDA:192,21,0,0
BRDA:192,21,1,0
BRDA:226,22,0,0
BRDA:226,22,1,0
BRDA:235,23,0,0
BRDA:235,23,1,0
BRDA:245,24,0,0
BRDA:245,24,1,0
BRDA:254,25,0,0
BRDA:254,25,1,0
BRDA:254,26,0,0
BRDA:254,26,1,0
BRDA:265,27,0,0
BRDA:265,27,1,0
BRDA:270,28,0,0
BRDA:270,28,1,0
BRDA:276,29,0,0
BRDA:276,29,1,0
BRDA:282,30,0,0
BRDA:282,30,1,0
BRDA:283,31,0,0
BRDA:283,31,1,0
BRDA:285,32,0,0
BRDA:285,32,1,0
BRDA:288,33,0,0
BRDA:288,33,1,0
BRDA:291,34,0,0
BRDA:291,34,1,0
BRDA:292,35,0,0
BRDA:292,35,1,0
BRDA:292,36,0,0
BRDA:292,36,1,0
BRDA:307,37,0,0
BRDA:307,37,1,0
BRDA:309,38,0,0
BRDA:309,38,1,0
BRDA:309,39,0,0
BRDA:309,39,1,0
BRDA:316,40,0,0
BRDA:316,40,1,0
BRDA:339,41,0,0
BRDA:339,41,1,0
BRDA:341,42,0,0
BRDA:341,42,1,0
BRDA:346,43,0,0
BRDA:346,43,1,0
BRDA:352,44,0,0
BRDA:352,44,1,0
BRDA:374,45,0,0
BRDA:374,45,1,0
BRDA:378,46,0,0
BRDA:378,46,1,0
BRDA:385,47,0,0
BRDA:385,47,1,0
BRDA:424,48,0,0
BRDA:424,48,1,0
BRDA:430,49,0,0
BRDA:430,49,1,0
BRDA:440,50,0,0
BRDA:440,50,1,0
BRDA:444,51,0,0
BRDA:444,51,1,0
BRDA:465,52,0,0
BRDA:465,52,1,0
BRDA:495,53,0,0
BRDA:495,53,1,0
BRDA:495,53,2,0
BRDA:541,54,0,0
BRDA:541,54,1,0
BRDA:558,55,0,0
BRDA:558,55,1,0
BRDA:566,56,0,0
BRDA:566,56,1,0
BRDA:574,57,0,0
BRDA:574,57,1,0
BRDA:584,58,0,0
BRDA:584,58,1,0
BRDA:603,59,0,0
BRDA:603,59,1,0
BRDA:607,60,0,0
BRDA:607,60,1,0
BRDA:611,61,0,0
BRDA:611,61,1,0
BRDA:635,62,0,0
BRDA:635,62,1,0
BRDA:654,63,0,0
BRDA:654,63,1,0
BRDA:654,63,2,0
BRDA:683,64,0,0
BRDA:683,64,1,0
BRDA:709,65,0,0
BRDA:709,65,1,0
BRDA:725,66,0,0
BRDA:725,66,1,0
BRDA:733,67,0,0
BRDA:733,67,1,0
BRDA:741,68,0,0
BRDA:741,68,1,0
BRDA:756,69,0,0
BRDA:756,69,1,0
BRDA:759,70,0,0
BRDA:759,70,1,0
BRDA:787,71,0,0
BRDA:787,71,1,0
BRF:146
BRH:0
end_of_record
TN:
SF:src\components\CountryCard.jsx
FN:1,CountryCard
FN:2,(anonymous_1)
FN:13,(anonymous_2)
FN:136,(anonymous_3)
FN:163,(anonymous_4)
FNF:5
FNH:3
FNDA:9,CountryCard
FNDA:1,(anonymous_1)
FNDA:1,(anonymous_2)
FNDA:0,(anonymous_3)
FNDA:0,(anonymous_4)
DA:2,9
DA:3,1
DA:4,1
DA:8,9
DA:10,9
DA:13,1
DA:137,0
DA:138,0
DA:164,0
DA:165,0
LF:10
LH:6
BRDA:15,0,0,1
BRDA:15,0,1,8
BRDA:18,1,0,1
BRDA:18,1,1,8
BRDA:27,2,0,1
BRDA:27,2,1,8
BRDA:38,3,0,1
BRDA:38,3,1,8
BRDA:48,4,0,9
BRDA:48,4,1,7
BRDA:52,5,0,1
BRDA:52,5,1,6
BRDA:54,6,0,1
BRDA:54,6,1,5
BRDA:58,7,0,1
BRDA:58,7,1,6
BRDA:78,8,0,9
BRDA:78,8,1,2
BRDA:80,9,0,1
BRDA:80,9,1,1
BRDA:82,10,0,0
BRDA:82,10,1,1
BRDA:90,11,0,1
BRDA:90,11,1,1
BRDA:106,12,0,1
BRDA:106,12,1,8
BRDA:114,13,0,1
BRDA:114,13,1,8
BRDA:129,14,0,9
BRDA:129,14,1,1
BRDA:134,15,0,9
BRDA:134,15,1,7
BRDA:141,16,0,1
BRDA:141,16,1,6
BRDA:161,17,0,9
BRDA:161,17,1,2
BRDA:168,18,0,1
BRDA:168,18,1,1
BRDA:169,19,0,0
BRDA:169,19,1,1
BRDA:172,20,0,0
BRDA:172,20,1,1
BRDA:182,21,0,1
BRDA:182,21,1,1
BRF:44
BRH:41
end_of_record
TN:
SF:src\components\CountryDetail.jsx
FN:1,CountryDetail
FN:140,(anonymous_1)
FN:153,(anonymous_2)
FN:156,(anonymous_3)
FNF:4
FNH:0
FNDA:0,CountryDetail
FNDA:0,(anonymous_1)
FNDA:0,(anonymous_2)
FNDA:0,(anonymous_3)
DA:2,0
DA:3,0
DA:5,0
DA:140,0
DA:154,0
DA:157,0
LF:6
LH:0
BRDA:2,0,0,0
BRDA:2,0,1,0
BRDA:3,1,0,0
BRDA:3,1,1,0
BRDA:7,2,0,0
BRDA:7,2,1,0
BRDA:13,3,0,0
BRDA:13,3,1,0
BRDA:22,4,0,0
BRDA:22,4,1,0
BRDA:43,5,0,0
BRDA:43,5,1,0
BRDA:47,6,0,0
BRDA:47,6,1,0
BRDA:49,7,0,0
BRDA:49,7,1,0
BRDA:53,8,0,0
BRDA:53,8,1,0
BRDA:67,9,0,0
BRDA:67,9,1,0
BRDA:71,10,0,0
BRDA:71,10,1,0
BRDA:102,11,0,0
BRDA:102,11,1,0
BRDA:125,12,0,0
BRDA:125,12,1,0
BRDA:129,13,0,0
BRDA:129,13,1,0
BRDA:136,14,0,0
BRDA:136,14,1,0
BRDA:140,15,0,0
BRDA:140,15,1,0
BRDA:144,16,0,0
BRDA:144,16,1,0
BRDA:152,17,0,0
BRDA:152,17,1,0
BRDA:157,18,0,0
BRDA:157,18,1,0
BRDA:160,19,0,0
BRDA:160,19,1,0
BRDA:169,20,0,0
BRDA:169,20,1,0
BRF:42
BRH:0
end_of_record
TN:
SF:src\components\CountryList.jsx
FN:4,CountryList
FN:26,(anonymous_1)
FN:31,(anonymous_2)
FN:36,(anonymous_3)
FN:39,(anonymous_4)
FN:42,(anonymous_5)
FN:53,(anonymous_6)
FN:61,(anonymous_7)
FN:67,(anonymous_8)
FN:76,(anonymous_9)
FN:84,(anonymous_10)
FN:88,(anonymous_11)
FN:90,(anonymous_12)
FN:91,(anonymous_13)
FN:96,(anonymous_14)
FN:112,(anonymous_15)
FN:130,(anonymous_16)
FN:151,(anonymous_17)
FN:154,(anonymous_18)
FN:180,(anonymous_19)
FN:193,(anonymous_20)
FN:213,(anonymous_21)
FNF:22
FNH:0
FNDA:0,CountryList
FNDA:0,(anonymous_1)
FNDA:0,(anonymous_2)
FNDA:0,(anonymous_3)
FNDA:0,(anonymous_4)
FNDA:0,(anonymous_5)
FNDA:0,(anonymous_6)
FNDA:0,(anonymous_7)
FNDA:0,(anonymous_8)
FNDA:0,(anonymous_9)
FNDA:0,(anonymous_10)
FNDA:0,(anonymous_11)
FNDA:0,(anonymous_12)
FNDA:0,(anonymous_13)
FNDA:0,(anonymous_14)
FNDA:0,(anonymous_15)
FNDA:0,(anonymous_16)
FNDA:0,(anonymous_17)
FNDA:0,(anonymous_18)
FNDA:0,(anonymous_19)
FNDA:0,(anonymous_20)
FNDA:0,(anonymous_21)
DA:15,0
DA:16,0
DA:17,0
DA:18,0
DA:21,0
DA:22,0
DA:23,0
DA:26,0
DA:27,0
DA:28,0
DA:31,0
DA:32,0
DA:33,0
DA:36,0
DA:39,0
DA:40,0
DA:42,0
DA:43,0
DA:44,0
DA:45,0
DA:49,0
DA:53,0
DA:55,0
DA:57,0
DA:58,0
DA:61,0
DA:62,0
DA:67,0
DA:68,0
DA:69,0
DA:72,0
DA:73,0
DA:76,0
DA:79,0
DA:85,0
DA:88,0
DA:90,0
DA:92,0
DA:93,0
DA:96,0
DA:112,0
DA:130,0
DA:152,0
DA:154,0
DA:180,0
DA:193,0
DA:214,0
DA:215,0
LF:48
LH:0
BRDA:40,0,0,0
BRDA:40,0,1,0
BRDA:42,1,0,0
BRDA:42,1,1,0
BRDA:42,2,0,0
BRDA:42,2,1,0
BRDA:44,3,0,0
BRDA:44,3,1,0
BRDA:44,4,0,0
BRDA:44,4,1,0
BRDA:55,5,0,0
BRDA:55,5,1,0
BRDA:55,6,0,0
BRDA:55,6,1,0
BRDA:55,6,2,0
BRDA:72,7,0,0
BRDA:72,7,1,0
BRDA:82,8,0,0
BRDA:82,8,1,0
BRDA:103,9,0,0
BRDA:103,9,1,0
BRDA:105,10,0,0
BRDA:105,10,1,0
BRDA:115,11,0,0
BRDA:115,11,1,0
BRDA:116,12,0,0
BRDA:116,12,1,0
BRDA:117,13,0,0
BRDA:117,13,1,0
BRDA:127,14,0,0
BRDA:127,14,1,0
BRDA:132,15,0,0
BRDA:132,15,1,0
BRDA:140,16,0,0
BRDA:140,16,1,0
BRDA:141,17,0,0
BRDA:141,17,1,0
BRDA:156,18,0,0
BRDA:156,18,1,0
BRDA:157,19,0,0
BRDA:157,19,1,0
BRDA:158,20,0,0
BRDA:158,20,1,0
BRDA:161,21,0,0
BRDA:161,21,1,0
BRDA:168,22,0,0
BRDA:168,22,1,0
BRDA:168,22,2,0
BRDA:171,23,0,0
BRDA:171,23,1,0
BRDA:172,24,0,0
BRDA:172,24,1,0
BRDA:182,25,0,0
BRDA:182,25,1,0
BRDA:196,26,0,0
BRDA:196,26,1,0
BRDA:197,27,0,0
BRDA:197,27,1,0
BRDA:198,28,0,0
BRDA:198,28,1,0
BRDA:209,29,0,0
BRDA:209,29,1,0
BRDA:218,30,0,0
BRDA:218,30,1,0
BRF:64
BRH:0
end_of_record
TN:
SF:src\components\Filter.jsx
FN:3,Filter
FN:35,(anonymous_1)
FN:51,(anonymous_2)
FN:71,(anonymous_3)
FN:79,(anonymous_4)
FN:96,(anonymous_5)
FN:108,(anonymous_6)
FN:115,(anonymous_7)
FN:132,(anonymous_8)
FN:140,(anonymous_9)
FN:148,(anonymous_10)
FN:171,(anonymous_11)
FN:187,(anonymous_12)
FN:194,(anonymous_13)
FNF:14
FNH:0
FNDA:0,Filter
FNDA:0,(anonymous_1)
FNDA:0,(anonymous_2)
FNDA:0,(anonymous_3)
FNDA:0,(anonymous_4)
FNDA:0,(anonymous_5)
FNDA:0,(anonymous_6)
FNDA:0,(anonymous_7)
FNDA:0,(anonymous_8)
FNDA:0,(anonymous_9)
FNDA:0,(anonymous_10)
FNDA:0,(anonymous_11)
FNDA:0,(anonymous_12)
FNDA:0,(anonymous_13)
DA:16,0
DA:17,0
DA:22,0
DA:32,0
DA:35,0
DA:36,0
DA:37,0
DA:38,0
DA:41,0
DA:42,0
DA:46,0
DA:52,0
DA:71,0
DA:80,0
DA:96,0
DA:108,0
DA:116,0
DA:132,0
DA:141,0
DA:148,0
DA:171,0
DA:187,0
DA:195,0
LF:23
LH:0
BRDA:32,0,0,0
BRDA:32,0,1,0
BRDA:41,1,0,0
BRDA:41,1,1,0
BRDA:41,2,0,0
BRDA:41,2,1,0
BRDA:48,3,0,0
BRDA:48,3,1,0
BRDA:53,4,0,0
BRDA:53,4,1,0
BRDA:54,5,0,0
BRDA:54,5,1,0
BRDA:73,6,0,0
BRDA:73,6,1,0
BRDA:87,7,0,0
BRDA:87,7,1,0
BRDA:110,8,0,0
BRDA:110,8,1,0
BRDA:131,9,0,0
BRDA:131,9,1,0
BRDA:134,10,0,0
BRDA:134,10,1,0
BRDA:150,11,0,0
BRDA:150,11,1,0
BRDA:155,12,0,0
BRDA:155,12,1,0
BRDA:159,13,0,0
BRDA:159,13,1,0
BRDA:162,14,0,0
BRDA:162,14,1,0
BRDA:182,15,0,0
BRDA:182,15,1,0
BRDA:189,16,0,0
BRDA:189,16,1,0
BRF:34
BRH:0
end_of_record
TN:
SF:src\components\Login.jsx
FN:4,(anonymous_0)
FN:15,(anonymous_1)
FN:22,(anonymous_2)
FNF:3
FNH:0
FNDA:0,(anonymous_0)
FNDA:0,(anonymous_1)
FNDA:0,(anonymous_2)
DA:4,0
DA:5,0
DA:9,0
DA:10,0
DA:11,0
DA:13,0
DA:15,0
DA:16,0
DA:22,0
DA:23,0
DA:24,0
DA:25,0
DA:27,0
DA:28,0
DA:29,0
DA:32,0
DA:33,0
DA:34,0
DA:42,0
DA:44,0
DA:45,0
DA:51,0
DA:52,0
DA:55,0
DA:57,0
DA:61,0
LF:26
LH:0
BRDA:27,0,0,0
BRDA:27,0,1,0
BRDA:27,1,0,0
BRDA:27,1,1,0
BRDA:44,2,0,0
BRDA:44,2,1,0
BRDA:45,3,0,0
BRDA:45,3,1,0
BRDA:72,4,0,0
BRDA:72,4,1,0
BRDA:78,5,0,0
BRDA:78,5,1,0
BRDA:118,6,0,0
BRDA:118,6,1,0
BRDA:121,7,0,0
BRDA:121,7,1,0
BRDA:129,8,0,0
BRDA:129,8,1,0
BRF:18
BRH:0
end_of_record
TN:
SF:src\components\Navbar.jsx
FN:6,(anonymous_0)
FN:17,(anonymous_1)
FN:18,(anonymous_2)
FN:27,(anonymous_3)
FN:31,(anonymous_4)
FN:37,(anonymous_5)
FN:42,(anonymous_6)
FN:46,(anonymous_7)
FN:52,(anonymous_8)
FN:70,(anonymous_9)
FN:71,(anonymous_10)
FN:93,(anonymous_11)
FN:252,(anonymous_12)
FN:304,(anonymous_13)
FN:339,(anonymous_14)
FN:380,(anonymous_15)
FNF:16
FNH:0
FNDA:0,(anonymous_0)
FNDA:0,(anonymous_1)
FNDA:0,(anonymous_2)
FNDA:0,(anonymous_3)
FNDA:0,(anonymous_4)
FNDA:0,(anonymous_5)
FNDA:0,(anonymous_6)
FNDA:0,(anonymous_7)
FNDA:0,(anonymous_8)
FNDA:0,(anonymous_9)
FNDA:0,(anonymous_10)
FNDA:0,(anonymous_11)
FNDA:0,(anonymous_12)
FNDA:0,(anonymous_13)
FNDA:0,(anonymous_14)
FNDA:0,(anonymous_15)
DA:6,0
DA:7,0
DA:8,0
DA:9,0
DA:10,0
DA:11,0
DA:12,0
DA:13,0
DA:14,0
DA:17,0
DA:18,0
DA:19,0
DA:20,0
DA:22,0
DA:26,0
DA:27,0
DA:31,0
DA:32,0
DA:33,0
DA:37,0
DA:38,0
DA:39,0
DA:42,0
DA:43,0
DA:46,0
DA:47,0
DA:51,0
DA:52,0
DA:61,0
DA:70,0
DA:71,0
DA:94,0
DA:252,0
DA:305,0
DA:340,0
DA:341,0
DA:381,0
LF:37
LH:0
BRDA:19,0,0,0
BRDA:19,0,1,0
BRDA:32,1,0,0
BRDA:32,1,1,0
BRDA:66,2,0,0
BRDA:66,2,1,0
BRDA:69,3,0,0
BRDA:69,3,1,0
BRDA:76,4,0,0
BRDA:76,4,1,0
BRDA:79,5,0,0
BRDA:79,5,1,0
BRDA:97,6,0,0
BRDA:97,6,1,0
BRDA:106,7,0,0
BRDA:106,7,1,0
BRDA:117,8,0,0
BRDA:117,8,1,0
BRDA:118,9,0,0
BRDA:118,9,1,0
BRDA:120,10,0,0
BRDA:120,10,1,0
BRDA:121,11,0,0
BRDA:121,11,1,0
BRDA:134,12,0,0
BRDA:134,12,1,0
BRDA:143,13,0,0
BRDA:143,13,1,0
BRDA:146,14,0,0
BRDA:146,14,1,0
BRDA:152,15,0,0
BRDA:152,15,1,0
BRDA:155,16,0,0
BRDA:155,16,1,0
BRDA:162,17,0,0
BRDA:162,17,1,0
BRDA:162,18,0,0
BRDA:162,18,1,0
BRDA:172,19,0,0
BRDA:172,19,1,0
BRDA:176,20,0,0
BRDA:176,20,1,0
BRDA:181,21,0,0
BRDA:181,21,1,0
BRDA:184,22,0,0
BRDA:184,22,1,0
BRDA:223,23,0,0
BRDA:223,23,1,0
BRDA:230,24,0,0
BRDA:230,24,1,0
BRDA:237,25,0,0
BRDA:237,25,1,0
BRDA:244,26,0,0
BRDA:244,26,1,0
BRDA:248,27,0,0
BRDA:248,27,1,0
BRDA:259,28,0,0
BRDA:259,28,1,0
BRDA:260,29,0,0
BRDA:260,29,1,0
BRDA:267,30,0,0
BRDA:267,30,1,0
BRDA:269,31,0,0
BRDA:269,31,1,0
BRDA:274,32,0,0
BRDA:274,32,1,0
BRDA:276,33,0,0
BRDA:276,33,1,0
BRDA:281,34,0,0
BRDA:281,34,1,0
BRDA:283,35,0,0
BRDA:283,35,1,0
BRDA:293,36,0,0
BRDA:293,36,1,0
BRDA:295,37,0,0
BRDA:295,37,1,0
BRDA:300,38,0,0
BRDA:300,38,1,0
BRDA:309,39,0,0
BRDA:309,39,1,0
BRDA:310,40,0,0
BRDA:310,40,1,0
BRDA:313,41,0,0
BRDA:313,41,1,0
BRDA:320,42,0,0
BRDA:320,42,1,0
BRDA:322,43,0,0
BRDA:322,43,1,0
BRDA:330,44,0,0
BRDA:330,44,1,0
BRDA:361,45,0,0
BRDA:361,45,1,0
BRDA:363,46,0,0
BRDA:363,46,1,0
BRDA:366,47,0,0
BRDA:366,47,1,0
BRDA:374,48,0,0
BRDA:374,48,1,0
BRDA:377,49,0,0
BRDA:377,49,1,0
BRDA:384,50,0,0
BRDA:384,50,1,0
BRDA:387,51,0,0
BRDA:387,51,1,0
BRDA:389,52,0,0
BRDA:389,52,1,0
BRDA:395,53,0,0
BRDA:395,53,1,0
BRDA:397,54,0,0
BRDA:397,54,1,0
BRDA:402,55,0,0
BRDA:402,55,1,0
BRDA:404,56,0,0
BRDA:404,56,1,0
BRDA:405,57,0,0
BRDA:405,57,1,0
BRDA:406,58,0,0
BRDA:406,58,1,0
BRDA:408,59,0,0
BRDA:408,59,1,0
BRDA:409,60,0,0
BRDA:409,60,1,0
BRDA:411,61,0,0
BRDA:411,61,1,0
BRDA:412,62,0,0
BRDA:412,62,1,0
BRDA:414,63,0,0
BRDA:414,63,1,0
BRDA:415,64,0,0
BRDA:415,64,1,0
BRDA:421,65,0,0
BRDA:421,65,1,0
BRDA:422,66,0,0
BRDA:422,66,1,0
BRDA:423,67,0,0
BRDA:423,67,1,0
BRDA:438,68,0,0
BRDA:438,68,1,0
BRF:138
BRH:0
end_of_record
TN:
SF:src\components\Profile.jsx
FN:4,(anonymous_0)
FN:10,(anonymous_1)
FN:11,(anonymous_2)
FNF:3
FNH:0
FNDA:0,(anonymous_0)
FNDA:0,(anonymous_1)
FNDA:0,(anonymous_2)
DA:4,0
DA:5,0
DA:6,0
DA:7,0
DA:8,0
DA:10,0
DA:11,0
DA:12,0
DA:13,0
DA:14,0
DA:16,0
DA:22,0
DA:24,0
DA:25,0
DA:28,0
DA:30,0
DA:32,0
DA:36,0
DA:37,0
DA:41,0
DA:42,0
DA:49,0
DA:50,0
DA:60,0
LF:24
LH:0
BRDA:24,0,0,0
BRDA:24,0,1,0
BRDA:25,1,0,0
BRDA:25,1,1,0
BRDA:36,2,0,0
BRDA:36,2,1,0
BRDA:41,3,0,0
BRDA:41,3,1,0
BRDA:49,4,0,0
BRDA:49,4,1,0
BRF:10
BRH:0
end_of_record
TN:
SF:src\components\ProtectedRoute.jsx
FN:4,(anonymous_0)
FNF:1
FNH:0
FNDA:0,(anonymous_0)
DA:4,0
DA:5,0
DA:7,0
DA:9,0
DA:16,0
DA:18,0
DA:22,0
LF:7
LH:0
BRDA:7,0,0,0
BRDA:7,0,1,0
BRDA:16,1,0,0
BRDA:16,1,1,0
BRF:4
BRH:0
end_of_record
TN:
SF:src\components\Register.jsx
FN:4,(anonymous_0)
FN:18,(anonymous_1)
FN:25,(anonymous_2)
FNF:3
FNH:0
FNDA:0,(anonymous_0)
FNDA:0,(anonymous_1)
FNDA:0,(anonymous_2)
DA:4,0
DA:5,0
DA:6,0
DA:13,0
DA:14,0
DA:16,0
DA:18,0
DA:19,0
DA:25,0
DA:26,0
DA:27,0
DA:30,0
DA:31,0
DA:32,0
DA:35,0
DA:36,0
DA:37,0
DA:40,0
DA:41,0
DA:42,0
DA:45,0
DA:46,0
DA:47,0
DA:55,0
DA:57,0
DA:58,0
DA:63,0
DA:66,0
DA:68,0
DA:72,0
LF:30
LH:0
BRDA:30,0,0,0
BRDA:30,0,1,0
BRDA:30,1,0,0
BRDA:30,1,1,0
BRDA:30,1,2,0
BRDA:30,1,3,0
BRDA:30,1,4,0
BRDA:35,2,0,0
BRDA:35,2,1,0
BRDA:40,3,0,0
BRDA:40,3,1,0
BRDA:57,4,0,0
BRDA:57,4,1,0
BRDA:58,5,0,0
BRDA:58,5,1,0
BRDA:83,6,0,0
BRDA:83,6,1,0
BRDA:171,7,0,0
BRDA:171,7,1,0
BRF:19
BRH:0
end_of_record
TN:
SF:src\components\SearchBar.jsx
FN:3,SearchBar
FN:10,(anonymous_1)
FN:19,(anonymous_2)
FN:25,(anonymous_3)
FN:32,(anonymous_4)
FN:35,(anonymous_5)
FN:43,(anonymous_6)
FN:49,(anonymous_7)
FN:56,(anonymous_8)
FN:63,(anonymous_9)
FN:80,(anonymous_10)
FN:81,(anonymous_11)
FN:81,(anonymous_12)
FN:141,(anonymous_13)
FN:159,(anonymous_14)
FN:162,(anonymous_15)
FNF:16
FNH:0
FNDA:0,SearchBar
FNDA:0,(anonymous_1)
FNDA:0,(anonymous_2)
FNDA:0,(anonymous_3)
FNDA:0,(anonymous_4)
FNDA:0,(anonymous_5)
FNDA:0,(anonymous_6)
FNDA:0,(anonymous_7)
FNDA:0,(anonymous_8)
FNDA:0,(anonymous_9)
FNDA:0,(anonymous_10)
FNDA:0,(anonymous_11)
FNDA:0,(anonymous_12)
FNDA:0,(anonymous_13)
FNDA:0,(anonymous_14)
FNDA:0,(anonymous_15)
DA:4,0
DA:5,0
DA:6,0
DA:7,0
DA:8,0
DA:10,0
DA:12,0
DA:13,0
DA:14,0
DA:19,0
DA:20,0
DA:21,0
DA:25,0
DA:26,0
DA:27,0
DA:28,0
DA:29,0
DA:32,0
DA:33,0
DA:35,0
DA:36,0
DA:37,0
DA:38,0
DA:40,0
DA:43,0
DA:44,0
DA:45,0
DA:49,0
DA:50,0
DA:51,0
DA:52,0
DA:53,0
DA:54,0
DA:56,0
DA:57,0
DA:58,0
DA:59,0
DA:60,0
DA:63,0
DA:64,0
DA:67,0
DA:71,0
DA:80,0
DA:81,0
DA:141,0
DA:160,0
DA:162,0
LF:47
LH:0
BRDA:4,0,0,0
BRDA:4,0,1,0
BRDA:13,1,0,0
BRDA:13,1,1,0
BRDA:20,2,0,0
BRDA:20,2,1,0
BRDA:20,3,0,0
BRDA:20,3,1,0
BRDA:33,4,0,0
BRDA:33,4,1,0
BRDA:44,5,0,0
BRDA:44,5,1,0
BRDA:50,6,0,0
BRDA:50,6,1,0
BRDA:84,7,0,0
BRDA:84,7,1,0
BRDA:90,8,0,0
BRDA:90,8,1,0
BRDA:105,9,0,0
BRDA:105,9,1,0
BRDA:107,10,0,0
BRDA:107,10,1,0
BRDA:132,11,0,0
BRDA:132,11,1,0
BRDA:132,11,2,0
BRDA:132,11,3,0
BRDA:134,12,0,0
BRDA:134,12,1,0
BRDA:136,13,0,0
BRDA:136,13,1,0
BRDA:138,14,0,0
BRDA:138,14,1,0
BRDA:143,15,0,0
BRDA:143,15,1,0
BRDA:152,16,0,0
BRDA:152,16,1,0
BRDA:155,17,0,0
BRDA:155,17,1,0
BRDA:164,18,0,0
BRDA:164,18,1,0
BRF:40
BRH:0
end_of_record
TN:
SF:src\components\ThemeToggle.jsx
FN:1,ThemeToggle
FNF:1
FNH:0
FNDA:0,ThemeToggle
DA:2,0
LF:1
LH:0
BRDA:6,0,0,0
BRDA:6,0,1,0
BRDA:8,1,0,0
BRDA:8,1,1,0
BRDA:10,2,0,0
BRDA:10,2,1,0
BRF:6
BRH:0
end_of_record
TN:
SF:src\components\WorldMap.jsx
FN:3,(anonymous_0)
FN:35,(anonymous_1)
FN:36,(anonymous_2)
FN:40,(anonymous_3)
FN:41,(anonymous_4)
FN:44,(anonymous_5)
FN:51,(anonymous_6)
FN:59,(anonymous_7)
FN:70,(anonymous_8)
FN:82,(anonymous_9)
FN:88,(anonymous_10)
FN:89,(anonymous_11)
FN:121,(anonymous_12)
FN:138,(anonymous_13)
FN:139,(anonymous_14)
FN:217,(anonymous_15)
FN:232,(anonymous_16)
FN:248,(anonymous_17)
FN:250,(anonymous_18)
FN:251,(anonymous_19)
FN:252,(anonymous_20)
FN:373,(anonymous_21)
FN:407,(anonymous_22)
FN:412,(anonymous_23)
FN:425,(anonymous_24)
FN:425,(anonymous_25)
FNF:26
FNH:0
FNDA:0,(anonymous_0)
FNDA:0,(anonymous_1)
FNDA:0,(anonymous_2)
FNDA:0,(anonymous_3)
FNDA:0,(anonymous_4)
FNDA:0,(anonymous_5)
FNDA:0,(anonymous_6)
FNDA:0,(anonymous_7)
FNDA:0,(anonymous_8)
FNDA:0,(anonymous_9)
FNDA:0,(anonymous_10)
FNDA:0,(anonymous_11)
FNDA:0,(anonymous_12)
FNDA:0,(anonymous_13)
FNDA:0,(anonymous_14)
FNDA:0,(anonymous_15)
FNDA:0,(anonymous_16)
FNDA:0,(anonymous_17)
FNDA:0,(anonymous_18)
FNDA:0,(anonymous_19)
FNDA:0,(anonymous_20)
FNDA:0,(anonymous_21)
FNDA:0,(anonymous_22)
FNDA:0,(anonymous_23)
FNDA:0,(anonymous_24)
FNDA:0,(anonymous_25)
DA:3,0
DA:4,0
DA:5,0
DA:6,0
DA:7,0
DA:8,0
DA:9,0
DA:10,0
DA:13,0
DA:31,0
DA:32,0
DA:35,0
DA:36,0
DA:37,0
DA:40,0
DA:41,0
DA:44,0
DA:45,0
DA:46,0
DA:51,0
DA:52,0
DA:53,0
DA:54,0
DA:55,0
DA:59,0
DA:60,0
DA:61,0
DA:64,0
DA:65,0
DA:66,0
DA:67,0
DA:70,0
DA:71,0
DA:72,0
DA:77,0
DA:78,0
DA:82,0
DA:83,0
DA:88,0
DA:89,0
DA:99,0
DA:101,0
DA:122,0
DA:138,0
DA:139,0
DA:218,0
DA:233,0
DA:249,0
DA:250,0
DA:251,0
DA:252,0
DA:374,0
DA:407,0
DA:412,0
DA:425,0
LF:55
LH:0
BRDA:14,0,0,0
BRDA:14,0,1,0
BRDA:14,1,0,0
BRDA:14,1,1,0
BRDA:16,2,0,0
BRDA:16,2,1,0
BRDA:16,3,0,0
BRDA:16,3,1,0
BRDA:18,4,0,0
BRDA:18,4,1,0
BRDA:18,5,0,0
BRDA:18,5,1,0
BRDA:20,6,0,0
BRDA:20,6,1,0
BRDA:20,7,0,0
BRDA:20,7,1,0
BRDA:22,8,0,0
BRDA:22,8,1,0
BRDA:22,9,0,0
BRDA:22,9,1,0
BRDA:24,10,0,0
BRDA:24,10,1,0
BRDA:24,11,0,0
BRDA:24,11,1,0
BRDA:26,12,0,0
BRDA:26,12,1,0
BRDA:26,13,0,0
BRDA:26,13,1,0
BRDA:71,14,0,0
BRDA:71,14,1,0
BRDA:77,15,0,0
BRDA:77,15,1,0
BRDA:104,16,0,0
BRDA:104,16,1,0
BRDA:105,17,0,0
BRDA:105,17,1,0
BRDA:113,18,0,0
BRDA:113,18,1,0
BRDA:114,19,0,0
BRDA:114,19,1,0
BRDA:119,20,0,0
BRDA:119,20,1,0
BRDA:155,21,0,0
BRDA:155,21,1,0
BRDA:161,22,0,0
BRDA:161,22,1,0
BRDA:171,23,0,0
BRDA:171,23,1,0
BRDA:172,24,0,0
BRDA:172,24,1,0
BRDA:173,25,0,0
BRDA:173,25,1,0
BRDA:199,26,0,0
BRDA:199,26,1,0
BRDA:200,27,0,0
BRDA:200,27,1,0
BRDA:202,28,0,0
BRDA:202,28,1,0
BRDA:215,29,0,0
BRDA:215,29,1,0
BRDA:225,30,0,0
BRDA:225,30,1,0
BRDA:226,31,0,0
BRDA:226,31,1,0
BRDA:239,32,0,0
BRDA:239,32,1,0
BRDA:240,33,0,0
BRDA:240,33,1,0
BRDA:260,34,0,0
BRDA:260,34,1,0
BRDA:260,35,0,0
BRDA:260,35,1,0
BRDA:261,36,0,0
BRDA:261,36,1,0
BRDA:262,37,0,0
BRDA:262,37,1,0
BRDA:263,38,0,0
BRDA:263,38,1,0
BRDA:270,39,0,0
BRDA:270,39,1,0
BRDA:270,40,0,0
BRDA:270,40,1,0
BRDA:272,41,0,0
BRDA:272,41,1,0
BRDA:272,42,0,0
BRDA:272,42,1,0
BRDA:273,43,0,0
BRDA:273,43,1,0
BRDA:286,44,0,0
BRDA:286,44,1,0
BRDA:286,44,2,0
BRDA:301,45,0,0
BRDA:301,45,1,0
BRDA:301,45,2,0
BRDA:308,46,0,0
BRDA:308,46,1,0
BRDA:318,47,0,0
BRDA:318,47,1,0
BRDA:318,47,2,0
BRDA:342,48,0,0
BRDA:342,48,1,0
BRDA:353,49,0,0
BRDA:353,49,1,0
BRDA:367,50,0,0
BRDA:367,50,1,0
BRDA:383,51,0,0
BRDA:383,51,1,0
BRDA:385,52,0,0
BRDA:385,52,1,0
BRDA:396,53,0,0
BRDA:396,53,1,0
BRDA:399,54,0,0
BRDA:399,54,1,0
BRDA:401,55,0,0
BRDA:401,55,1,0
BRDA:414,56,0,0
BRDA:414,56,1,0
BRDA:421,57,0,0
BRDA:421,57,1,0
BRF:119
BRH:0
end_of_record
TN:
SF:src\context\AuthContext.jsx
FN:5,(anonymous_0)
FN:10,(anonymous_1)
FN:11,(anonymous_2)
FN:43,(anonymous_3)
FN:49,(anonymous_4)
FN:62,(anonymous_5)
FNF:6
FNH:0
FNDA:0,(anonymous_0)
FNDA:0,(anonymous_1)
FNDA:0,(anonymous_2)
FNDA:0,(anonymous_3)
FNDA:0,(anonymous_4)
FNDA:0,(anonymous_5)
DA:3,0
DA:5,0
DA:6,0
DA:7,0
DA:10,0
DA:11,0
DA:12,0
DA:13,0
DA:15,0
DA:16,0
DA:19,0
DA:25,0
DA:26,0
DA:29,0
DA:33,0
DA:35,0
DA:39,0
DA:43,0
DA:44,0
DA:45,0
DA:49,0
DA:50,0
DA:51,0
DA:54,0
DA:62,0
DA:63,0
LF:26
LH:0
BRDA:15,0,0,0
BRDA:15,0,1,0
BRDA:25,1,0,0
BRDA:25,1,1,0
BRF:4
BRH:0
end_of_record
